<?xml version="1.0" encoding="UTF-8"?>
<coverage generated="1523830576166" clover="3.2.0">
  <project timestamp="1523830576166" name="All files">
    <metrics statements="1408" coveredstatements="195" conditionals="793" coveredconditionals="34" methods="546" coveredmethods="43" elements="2747" coveredelements="272" complexity="0" loc="1408" ncloc="1408" packages="29" files="89" classes="89">
      <package name="src">
        <metrics statements="106" coveredstatements="28" conditionals="58" coveredconditionals="2" methods="53" coveredmethods="9"/>
        <file name="MainController.js" path="/home/mafonso/projects/mapigniter3/client/src/MainController.js">
          <metrics statements="5" coveredstatements="3" conditionals="4" coveredconditionals="1" methods="2" coveredmethods="2"/>
          <line num="11" count="1" type="stmt"/>
          <line num="15" count="1" type="stmt"/>
          <line num="16" count="1" type="cond" truecount="1" falsecount="1"/>
          <line num="17" count="0" type="cond" truecount="0" falsecount="2"/>
          <line num="18" count="0" type="stmt"/>
        </file>
        <file name="Root.js" path="/home/mafonso/projects/mapigniter3/client/src/Root.js">
          <metrics statements="1" coveredstatements="1" conditionals="0" coveredconditionals="0" methods="1" coveredmethods="1"/>
          <line num="11" count="1" type="stmt"/>
        </file>
        <file name="auth.js" path="/home/mafonso/projects/mapigniter3/client/src/auth.js">
          <metrics statements="32" coveredstatements="13" conditionals="4" coveredconditionals="1" methods="15" coveredmethods="4"/>
          <line num="3" count="2" type="stmt"/>
          <line num="5" count="2" type="stmt"/>
          <line num="6" count="0" type="stmt"/>
          <line num="9" count="2" type="stmt"/>
          <line num="10" count="0" type="stmt"/>
          <line num="11" count="0" type="stmt"/>
          <line num="12" count="0" type="stmt"/>
          <line num="19" count="0" type="stmt"/>
          <line num="21" count="0" type="stmt"/>
          <line num="22" count="0" type="stmt"/>
          <line num="27" count="2" type="stmt"/>
          <line num="28" count="0" type="stmt"/>
          <line num="32" count="0" type="stmt"/>
          <line num="33" count="0" type="stmt"/>
          <line num="34" count="0" type="stmt"/>
          <line num="42" count="0" type="stmt"/>
          <line num="44" count="0" type="cond" truecount="0" falsecount="2"/>
          <line num="45" count="0" type="stmt"/>
          <line num="46" count="0" type="stmt"/>
          <line num="48" count="0" type="stmt"/>
          <line num="49" count="0" type="stmt"/>
          <line num="55" count="2" type="stmt"/>
          <line num="56" count="1" type="stmt"/>
          <line num="57" count="1" type="cond" truecount="1" falsecount="1"/>
          <line num="60" count="2" type="stmt"/>
          <line num="61" count="1" type="stmt"/>
          <line num="62" count="1" type="stmt"/>
          <line num="63" count="1" type="stmt"/>
          <line num="64" count="1" type="stmt"/>
          <line num="71" count="0" type="stmt"/>
          <line num="73" count="0" type="stmt"/>
          <line num="76" count="1" type="stmt"/>
        </file>
        <file name="helpers.js" path="/home/mafonso/projects/mapigniter3/client/src/helpers.js">
          <metrics statements="7" coveredstatements="1" conditionals="16" coveredconditionals="0" methods="2" coveredmethods="0"/>
          <line num="1" count="2" type="stmt"/>
          <line num="3" count="0" type="stmt"/>
          <line num="4" count="0" type="cond" truecount="0" falsecount="2"/>
          <line num="5" count="0" type="cond" truecount="0" falsecount="2"/>
          <line num="6" count="0" type="cond" truecount="0" falsecount="2"/>
          <line num="10" count="0" type="cond" truecount="0" falsecount="2"/>
          <line num="15" count="0" type="stmt"/>
        </file>
        <file name="i18n.js" path="/home/mafonso/projects/mapigniter3/client/src/i18n.js">
          <metrics statements="6" coveredstatements="0" conditionals="4" coveredconditionals="0" methods="1" coveredmethods="0"/>
          <line num="1" count="0" type="stmt"/>
          <line num="2" count="0" type="stmt"/>
          <line num="3" count="0" type="stmt"/>
          <line num="4" count="0" type="cond" truecount="0" falsecount="4"/>
          <line num="6" count="0" type="stmt"/>
          <line num="24" count="0" type="stmt"/>
        </file>
        <file name="i18nTest.js" path="/home/mafonso/projects/mapigniter3/client/src/i18nTest.js">
          <metrics statements="1" coveredstatements="1" conditionals="0" coveredconditionals="0" methods="0" coveredmethods="0"/>
          <line num="4" count="3" type="stmt"/>
        </file>
        <file name="index.js" path="/home/mafonso/projects/mapigniter3/client/src/index.js">
          <metrics statements="11" coveredstatements="0" conditionals="4" coveredconditionals="0" methods="1" coveredmethods="0"/>
          <line num="1" count="0" type="stmt"/>
          <line num="2" count="0" type="stmt"/>
          <line num="3" count="0" type="stmt"/>
          <line num="4" count="0" type="stmt"/>
          <line num="5" count="0" type="stmt"/>
          <line num="6" count="0" type="stmt"/>
          <line num="7" count="0" type="stmt"/>
          <line num="8" count="0" type="cond" truecount="0" falsecount="4"/>
          <line num="11" count="0" type="stmt"/>
          <line num="14" count="0" type="stmt"/>
          <line num="15" count="0" type="stmt"/>
        </file>
        <file name="registerServiceWorker.js" path="/home/mafonso/projects/mapigniter3/client/src/registerServiceWorker.js">
          <metrics statements="14" coveredstatements="0" conditionals="21" coveredconditionals="0" methods="14" coveredmethods="0"/>
          <line num="1" count="0" type="stmt"/>
          <line num="21" count="0" type="stmt"/>
          <line num="109" count="0" type="cond" truecount="0" falsecount="3"/>
          <line num="111" count="0" type="cond" truecount="0" falsecount="4"/>
          <line num="112" count="0" type="cond" truecount="0" falsecount="2"/>
          <line num="115" count="0" type="cond" truecount="0" falsecount="2"/>
          <line num="116" count="0" type="stmt"/>
          <line num="117" count="0" type="cond" truecount="0" falsecount="4"/>
          <line num="121" count="0" type="stmt"/>
          <line num="124" count="0" type="stmt"/>
          <line num="125" count="0" type="stmt"/>
          <line num="126" count="0" type="cond" truecount="0" falsecount="4"/>
          <line num="127" count="0" type="stmt"/>
          <line num="128" count="0" type="cond" truecount="0" falsecount="2"/>
        </file>
        <file name="server.js" path="/home/mafonso/projects/mapigniter3/client/src/server.js">
          <metrics statements="29" coveredstatements="9" conditionals="5" coveredconditionals="0" methods="17" coveredmethods="2"/>
          <line num="4" count="2" type="stmt"/>
          <line num="6" count="2" type="stmt"/>
          <line num="7" count="3" type="stmt"/>
          <line num="10" count="3" type="stmt"/>
          <line num="11" count="3" type="stmt"/>
          <line num="18" count="3" type="stmt"/>
          <line num="21" count="2" type="stmt"/>
          <line num="22" count="0" type="stmt"/>
          <line num="23" count="0" type="stmt"/>
          <line num="24" count="0" type="stmt"/>
          <line num="32" count="0" type="stmt"/>
          <line num="34" count="0" type="stmt"/>
          <line num="36" count="0" type="stmt"/>
          <line num="41" count="2" type="cond" truecount="0" falsecount="1"/>
          <line num="42" count="0" type="stmt"/>
          <line num="43" count="0" type="stmt"/>
          <line num="44" count="0" type="stmt"/>
          <line num="47" count="0" type="cond" truecount="0" falsecount="2"/>
          <line num="48" count="0" type="stmt"/>
          <line num="54" count="0" type="stmt"/>
          <line num="56" count="0" type="stmt"/>
          <line num="58" count="0" type="stmt"/>
          <line num="63" count="2" type="stmt"/>
          <line num="64" count="0" type="stmt"/>
          <line num="65" count="0" type="stmt"/>
          <line num="66" count="0" type="stmt"/>
          <line num="75" count="0" type="stmt"/>
          <line num="77" count="0" type="stmt"/>
          <line num="79" count="0" type="stmt"/>
        </file>
      </package>
      <package name="src.admin">
        <metrics statements="11" coveredstatements="11" conditionals="2" coveredconditionals="1" methods="4" coveredmethods="4"/>
        <file name="actions.js" path="/home/mafonso/projects/mapigniter3/client/src/admin/actions.js">
          <metrics statements="10" coveredstatements="10" conditionals="2" coveredconditionals="1" methods="4" coveredmethods="4"/>
          <line num="5" count="2" type="stmt"/>
          <line num="6" count="3" type="stmt"/>
          <line num="7" count="3" type="stmt"/>
          <line num="8" count="3" type="stmt"/>
          <line num="9" count="3" type="stmt"/>
          <line num="10" count="2" type="stmt"/>
          <line num="11" count="2" type="stmt"/>
          <line num="14" count="1" type="cond" truecount="1" falsecount="1"/>
          <line num="15" count="1" type="stmt"/>
          <line num="17" count="1" type="stmt"/>
        </file>
        <file name="queries.js" path="/home/mafonso/projects/mapigniter3/client/src/admin/queries.js">
          <metrics statements="1" coveredstatements="1" conditionals="0" coveredconditionals="0" methods="0" coveredmethods="0"/>
          <line num="3" count="2" type="stmt"/>
        </file>
      </package>
      <package name="src.admin.components">
        <metrics statements="44" coveredstatements="11" conditionals="14" coveredconditionals="4" methods="22" coveredmethods="7"/>
        <file name="Dashboard.js" path="/home/mafonso/projects/mapigniter3/client/src/admin/components/Dashboard.js">
          <metrics statements="5" coveredstatements="5" conditionals="0" coveredconditionals="0" methods="4" coveredmethods="3"/>
          <line num="11" count="1" type="stmt"/>
          <line num="15" count="1" type="stmt"/>
          <line num="16" count="1" type="stmt"/>
          <line num="17" count="1" type="stmt"/>
          <line num="20" count="1" type="stmt"/>
        </file>
        <file name="Footer.js" path="/home/mafonso/projects/mapigniter3/client/src/admin/components/Footer.js">
          <metrics statements="1" coveredstatements="1" conditionals="0" coveredconditionals="0" methods="1" coveredmethods="1"/>
          <line num="6" count="1" type="stmt"/>
        </file>
        <file name="ImageUpload.js" path="/home/mafonso/projects/mapigniter3/client/src/admin/components/ImageUpload.js">
          <metrics statements="17" coveredstatements="0" conditionals="8" coveredconditionals="0" methods="6" coveredmethods="0"/>
          <line num="7" count="0" type="stmt"/>
          <line num="8" count="0" type="stmt"/>
          <line num="14" count="0" type="stmt"/>
          <line num="15" count="0" type="stmt"/>
          <line num="16" count="0" type="stmt"/>
          <line num="18" count="0" type="stmt"/>
          <line num="22" count="0" type="stmt"/>
          <line num="23" count="0" type="cond" truecount="0" falsecount="4"/>
          <line num="24" count="0" type="stmt"/>
          <line num="31" count="0" type="stmt"/>
          <line num="32" count="0" type="stmt"/>
          <line num="33" count="0" type="stmt"/>
          <line num="40" count="0" type="stmt"/>
          <line num="48" count="0" type="stmt"/>
          <line num="49" count="0" type="cond" truecount="0" falsecount="2"/>
          <line num="50" count="0" type="stmt"/>
          <line num="51" count="0" type="stmt"/>
        </file>
        <file name="Layout.js" path="/home/mafonso/projects/mapigniter3/client/src/admin/components/Layout.js">
          <metrics statements="2" coveredstatements="2" conditionals="0" coveredconditionals="0" methods="1" coveredmethods="1"/>
          <line num="21" count="1" type="stmt"/>
          <line num="22" count="1" type="stmt"/>
        </file>
        <file name="Logout.js" path="/home/mafonso/projects/mapigniter3/client/src/admin/components/Logout.js">
          <metrics statements="7" coveredstatements="0" conditionals="0" coveredconditionals="0" methods="2" coveredmethods="0"/>
          <line num="10" count="0" type="stmt"/>
          <line num="11" count="0" type="stmt"/>
          <line num="12" count="0" type="stmt"/>
          <line num="13" count="0" type="stmt"/>
          <line num="14" count="0" type="stmt"/>
          <line num="15" count="0" type="stmt"/>
          <line num="19" count="0" type="stmt"/>
        </file>
        <file name="TopMenu.js" path="/home/mafonso/projects/mapigniter3/client/src/admin/components/TopMenu.js">
          <metrics statements="4" coveredstatements="2" conditionals="6" coveredconditionals="4" methods="4" coveredmethods="2"/>
          <line num="11" count="1" type="stmt"/>
          <line num="14" count="1" type="stmt"/>
          <line num="42" count="0" type="stmt"/>
          <line num="45" count="0" type="stmt"/>
        </file>
        <file name="Wait.js" path="/home/mafonso/projects/mapigniter3/client/src/admin/components/Wait.js">
          <metrics statements="1" coveredstatements="0" conditionals="0" coveredconditionals="0" methods="1" coveredmethods="0"/>
          <line num="6" count="0" type="stmt"/>
        </file>
        <file name="Wysiwyg.js" path="/home/mafonso/projects/mapigniter3/client/src/admin/components/Wysiwyg.js">
          <metrics statements="7" coveredstatements="1" conditionals="0" coveredconditionals="0" methods="3" coveredmethods="0"/>
          <line num="8" count="2" type="stmt"/>
          <line num="13" count="0" type="stmt"/>
          <line num="16" count="0" type="stmt"/>
          <line num="19" count="0" type="stmt"/>
          <line num="26" count="0" type="stmt"/>
          <line num="29" count="0" type="stmt"/>
          <line num="33" count="0" type="stmt"/>
        </file>
      </package>
      <package name="src.admin.layers">
        <metrics statements="125" coveredstatements="18" conditionals="39" coveredconditionals="0" methods="38" coveredmethods="0"/>
        <file name="actions.js" path="/home/mafonso/projects/mapigniter3/client/src/admin/layers/actions.js">
          <metrics statements="120" coveredstatements="13" conditionals="39" coveredconditionals="0" methods="38" coveredmethods="0"/>
          <line num="9" count="2" type="stmt"/>
          <line num="15" count="2" type="stmt"/>
          <line num="16" count="0" type="stmt"/>
          <line num="17" count="0" type="stmt"/>
          <line num="18" count="0" type="stmt"/>
          <line num="19" count="0" type="stmt"/>
          <line num="22" count="0" type="stmt"/>
          <line num="26" count="2" type="stmt"/>
          <line num="27" count="0" type="stmt"/>
          <line num="69" count="0" type="stmt"/>
          <line num="70" count="0" type="stmt"/>
          <line num="71" count="0" type="stmt"/>
          <line num="72" count="0" type="stmt"/>
          <line num="76" count="2" type="cond" truecount="0" falsecount="1"/>
          <line num="77" count="0" type="stmt"/>
          <line num="78" count="0" type="stmt"/>
          <line num="79" count="0" type="cond" truecount="0" falsecount="2"/>
          <line num="80" count="0" type="stmt"/>
          <line num="81" count="0" type="stmt"/>
          <line num="83" count="0" type="stmt"/>
          <line num="84" count="0" type="stmt"/>
          <line num="85" count="0" type="stmt"/>
          <line num="86" count="0" type="stmt"/>
          <line num="89" count="0" type="stmt"/>
          <line num="93" count="2" type="stmt"/>
          <line num="94" count="0" type="stmt"/>
          <line num="95" count="0" type="stmt"/>
          <line num="96" count="0" type="stmt"/>
          <line num="97" count="0" type="cond" truecount="0" falsecount="2"/>
          <line num="98" count="0" type="stmt"/>
          <line num="99" count="0" type="stmt"/>
          <line num="100" count="0" type="cond" truecount="0" falsecount="2"/>
          <line num="101" count="0" type="stmt"/>
          <line num="102" count="0" type="stmt"/>
          <line num="103" count="0" type="cond" truecount="0" falsecount="4"/>
          <line num="104" count="0" type="cond" truecount="0" falsecount="4"/>
          <line num="105" count="0" type="stmt"/>
          <line num="108" count="0" type="stmt"/>
          <line num="109" count="0" type="stmt"/>
          <line num="114" count="2" type="stmt"/>
          <line num="115" count="0" type="stmt"/>
          <line num="116" count="0" type="stmt"/>
          <line num="117" count="0" type="stmt"/>
          <line num="118" count="0" type="stmt"/>
          <line num="121" count="0" type="stmt"/>
          <line num="125" count="2" type="stmt"/>
          <line num="126" count="0" type="stmt"/>
          <line num="127" count="0" type="stmt"/>
          <line num="128" count="0" type="stmt"/>
          <line num="129" count="0" type="stmt"/>
          <line num="132" count="0" type="stmt"/>
          <line num="136" count="2" type="stmt"/>
          <line num="137" count="0" type="stmt"/>
          <line num="138" count="0" type="stmt"/>
          <line num="139" count="0" type="stmt"/>
          <line num="140" count="0" type="stmt"/>
          <line num="143" count="0" type="stmt"/>
          <line num="147" count="2" type="stmt"/>
          <line num="148" count="0" type="stmt"/>
          <line num="149" count="0" type="stmt"/>
          <line num="150" count="0" type="stmt"/>
          <line num="151" count="0" type="stmt"/>
          <line num="152" count="0" type="stmt"/>
          <line num="153" count="0" type="stmt"/>
          <line num="154" count="0" type="cond" truecount="0" falsecount="4"/>
          <line num="155" count="0" type="stmt"/>
          <line num="156" count="0" type="stmt"/>
          <line num="159" count="2" type="stmt"/>
          <line num="160" count="0" type="stmt"/>
          <line num="161" count="0" type="stmt"/>
          <line num="162" count="0" type="stmt"/>
          <line num="163" count="0" type="stmt"/>
          <line num="168" count="0" type="stmt"/>
          <line num="170" count="0" type="stmt"/>
          <line num="171" count="0" type="cond" truecount="0" falsecount="2"/>
          <line num="172" count="0" type="stmt"/>
          <line num="173" count="0" type="stmt"/>
          <line num="174" count="0" type="stmt"/>
          <line num="175" count="0" type="cond" truecount="0" falsecount="4"/>
          <line num="176" count="0" type="stmt"/>
          <line num="177" count="0" type="stmt"/>
          <line num="179" count="0" type="stmt"/>
          <line num="186" count="0" type="stmt"/>
          <line num="188" count="0" type="stmt"/>
          <line num="189" count="0" type="stmt"/>
          <line num="193" count="2" type="stmt"/>
          <line num="194" count="0" type="stmt"/>
          <line num="195" count="0" type="stmt"/>
          <line num="196" count="0" type="stmt"/>
          <line num="197" count="0" type="stmt"/>
          <line num="202" count="0" type="stmt"/>
          <line num="204" count="0" type="stmt"/>
          <line num="205" count="0" type="cond" truecount="0" falsecount="2"/>
          <line num="206" count="0" type="stmt"/>
          <line num="207" count="0" type="stmt"/>
          <line num="208" count="0" type="stmt"/>
          <line num="209" count="0" type="cond" truecount="0" falsecount="4"/>
          <line num="210" count="0" type="stmt"/>
          <line num="211" count="0" type="stmt"/>
          <line num="218" count="0" type="stmt"/>
          <line num="220" count="0" type="stmt"/>
          <line num="223" count="0" type="stmt"/>
          <line num="225" count="0" type="stmt"/>
          <line num="226" count="0" type="stmt"/>
          <line num="230" count="2" type="stmt"/>
          <line num="231" count="0" type="stmt"/>
          <line num="233" count="0" type="stmt"/>
          <line num="234" count="0" type="stmt"/>
          <line num="235" count="0" type="stmt"/>
          <line num="236" count="0" type="stmt"/>
          <line num="237" count="0" type="stmt"/>
          <line num="238" count="0" type="cond" truecount="0" falsecount="4"/>
          <line num="239" count="0" type="stmt"/>
          <line num="246" count="0" type="stmt"/>
          <line num="248" count="0" type="stmt"/>
          <line num="249" count="0" type="stmt"/>
          <line num="253" count="2" type="stmt"/>
          <line num="254" count="0" type="stmt"/>
          <line num="255" count="0" type="stmt"/>
          <line num="256" count="0" type="stmt"/>
        </file>
        <file name="queries.js" path="/home/mafonso/projects/mapigniter3/client/src/admin/layers/queries.js">
          <metrics statements="5" coveredstatements="5" conditionals="0" coveredconditionals="0" methods="0" coveredmethods="0"/>
          <line num="3" count="2" type="stmt"/>
          <line num="11" count="2" type="stmt"/>
          <line num="60" count="2" type="stmt"/>
          <line num="180" count="2" type="stmt"/>
          <line num="303" count="2" type="stmt"/>
        </file>
      </package>
      <package name="src.admin.layers.components">
        <metrics statements="132" coveredstatements="0" conditionals="180" coveredconditionals="0" methods="52" coveredmethods="0"/>
        <file name="EditGeoJson.js" path="/home/mafonso/projects/mapigniter3/client/src/admin/layers/components/EditGeoJson.js">
          <metrics statements="51" coveredstatements="0" conditionals="26" coveredconditionals="0" methods="14" coveredmethods="0"/>
          <line num="34" count="0" type="stmt"/>
          <line num="36" count="0" type="stmt"/>
          <line num="38" count="0" type="stmt"/>
          <line num="52" count="0" type="stmt"/>
          <line num="56" count="0" type="stmt"/>
          <line num="64" count="0" type="stmt"/>
          <line num="70" count="0" type="stmt"/>
          <line num="80" count="0" type="stmt"/>
          <line num="81" count="0" type="stmt"/>
          <line num="85" count="0" type="stmt"/>
          <line num="86" count="0" type="cond" truecount="0" falsecount="2"/>
          <line num="87" count="0" type="cond" truecount="0" falsecount="2"/>
          <line num="88" count="0" type="cond" truecount="0" falsecount="2"/>
          <line num="89" count="0" type="cond" truecount="0" falsecount="2"/>
          <line num="90" count="0" type="cond" truecount="0" falsecount="2"/>
          <line num="91" count="0" type="stmt"/>
          <line num="95" count="0" type="stmt"/>
          <line num="96" count="0" type="stmt"/>
          <line num="97" count="0" type="stmt"/>
          <line num="98" count="0" type="stmt"/>
          <line num="99" count="0" type="stmt"/>
          <line num="100" count="0" type="stmt"/>
          <line num="103" count="0" type="cond" truecount="0" falsecount="2"/>
          <line num="104" count="0" type="stmt"/>
          <line num="107" count="0" type="cond" truecount="0" falsecount="2"/>
          <line num="111" count="0" type="stmt"/>
          <line num="112" count="0" type="stmt"/>
          <line num="113" count="0" type="stmt"/>
          <line num="116" count="0" type="stmt"/>
          <line num="120" count="0" type="stmt"/>
          <line num="121" count="0" type="stmt"/>
          <line num="122" count="0" type="stmt"/>
          <line num="123" count="0" type="stmt"/>
          <line num="133" count="0" type="stmt"/>
          <line num="134" count="0" type="stmt"/>
          <line num="135" count="0" type="stmt"/>
          <line num="136" count="0" type="cond" truecount="0" falsecount="2"/>
          <line num="137" count="0" type="stmt"/>
          <line num="141" count="0" type="stmt"/>
          <line num="146" count="0" type="stmt"/>
          <line num="147" count="0" type="stmt"/>
          <line num="151" count="0" type="stmt"/>
          <line num="155" count="0" type="stmt"/>
          <line num="156" count="0" type="stmt"/>
          <line num="157" count="0" type="stmt"/>
          <line num="158" count="0" type="stmt"/>
          <line num="163" count="0" type="stmt"/>
          <line num="164" count="0" type="cond" truecount="0" falsecount="2"/>
          <line num="165" count="0" type="stmt"/>
          <line num="187" count="0" type="stmt"/>
          <line num="190" count="0" type="stmt"/>
        </file>
        <file name="Form.js" path="/home/mafonso/projects/mapigniter3/client/src/admin/layers/components/Form.js">
          <metrics statements="7" coveredstatements="0" conditionals="4" coveredconditionals="0" methods="4" coveredmethods="0"/>
          <line num="11" count="0" type="stmt"/>
          <line num="12" count="0" type="stmt"/>
          <line num="13" count="0" type="stmt"/>
          <line num="16" count="0" type="cond" truecount="0" falsecount="2"/>
          <line num="17" count="0" type="stmt"/>
          <line num="18" count="0" type="stmt"/>
          <line num="20" count="0" type="stmt"/>
        </file>
        <file name="FormTabBasic.js" path="/home/mafonso/projects/mapigniter3/client/src/admin/layers/components/FormTabBasic.js">
          <metrics statements="11" coveredstatements="0" conditionals="38" coveredconditionals="0" methods="5" coveredmethods="0"/>
          <line num="18" count="0" type="stmt"/>
          <line num="19" count="0" type="stmt"/>
          <line num="23" count="0" type="cond" truecount="0" falsecount="2"/>
          <line num="24" count="0" type="stmt"/>
          <line num="25" count="0" type="stmt"/>
          <line num="27" count="0" type="cond" truecount="0" falsecount="2"/>
          <line num="28" count="0" type="stmt"/>
          <line num="29" count="0" type="stmt"/>
          <line num="31" count="0" type="stmt"/>
          <line num="67" count="0" type="stmt"/>
          <line num="77" count="0" type="stmt"/>
        </file>
        <file name="FormTabFeatures.js" path="/home/mafonso/projects/mapigniter3/client/src/admin/layers/components/FormTabFeatures.js">
          <metrics statements="2" coveredstatements="0" conditionals="4" coveredconditionals="0" methods="1" coveredmethods="0"/>
          <line num="7" count="0" type="stmt"/>
          <line num="8" count="0" type="stmt"/>
        </file>
        <file name="FormTabVectorStyle.js" path="/home/mafonso/projects/mapigniter3/client/src/admin/layers/components/FormTabVectorStyle.js">
          <metrics statements="2" coveredstatements="0" conditionals="20" coveredconditionals="0" methods="1" coveredmethods="0"/>
          <line num="7" count="0" type="stmt"/>
          <line num="8" count="0" type="stmt"/>
        </file>
        <file name="InputBing.js" path="/home/mafonso/projects/mapigniter3/client/src/admin/layers/components/InputBing.js">
          <metrics statements="3" coveredstatements="0" conditionals="4" coveredconditionals="0" methods="1" coveredmethods="0"/>
          <line num="7" count="0" type="stmt"/>
          <line num="8" count="0" type="stmt"/>
          <line num="15" count="0" type="stmt"/>
        </file>
        <file name="InputGPX.js" path="/home/mafonso/projects/mapigniter3/client/src/admin/layers/components/InputGPX.js">
          <metrics statements="4" coveredstatements="0" conditionals="4" coveredconditionals="0" methods="3" coveredmethods="0"/>
          <line num="7" count="0" type="stmt"/>
          <line num="8" count="0" type="stmt"/>
          <line num="18" count="0" type="cond" truecount="0" falsecount="2"/>
          <line num="25" count="0" type="stmt"/>
        </file>
        <file name="InputGeoJSON.js" path="/home/mafonso/projects/mapigniter3/client/src/admin/layers/components/InputGeoJSON.js">
          <metrics statements="4" coveredstatements="0" conditionals="6" coveredconditionals="0" methods="2" coveredmethods="0"/>
          <line num="8" count="0" type="stmt"/>
          <line num="9" count="0" type="stmt"/>
          <line num="14" count="0" type="stmt"/>
          <line num="42" count="0" type="stmt"/>
        </file>
        <file name="InputGeoPackage.js" path="/home/mafonso/projects/mapigniter3/client/src/admin/layers/components/InputGeoPackage.js">
          <metrics statements="4" coveredstatements="0" conditionals="8" coveredconditionals="0" methods="3" coveredmethods="0"/>
          <line num="7" count="0" type="stmt"/>
          <line num="8" count="0" type="stmt"/>
          <line num="18" count="0" type="cond" truecount="0" falsecount="2"/>
          <line num="25" count="0" type="stmt"/>
        </file>
        <file name="InputKML.js" path="/home/mafonso/projects/mapigniter3/client/src/admin/layers/components/InputKML.js">
          <metrics statements="8" coveredstatements="0" conditionals="4" coveredconditionals="0" methods="3" coveredmethods="0"/>
          <line num="7" count="0" type="stmt"/>
          <line num="8" count="0" type="stmt"/>
          <line num="19" count="0" type="stmt"/>
          <line num="20" count="0" type="stmt"/>
          <line num="21" count="0" type="cond" truecount="0" falsecount="2"/>
          <line num="22" count="0" type="stmt"/>
          <line num="35" count="0" type="stmt"/>
          <line num="36" count="0" type="stmt"/>
        </file>
        <file name="InputOSM.js" path="/home/mafonso/projects/mapigniter3/client/src/admin/layers/components/InputOSM.js">
          <metrics statements="3" coveredstatements="0" conditionals="2" coveredconditionals="0" methods="1" coveredmethods="0"/>
          <line num="7" count="0" type="stmt"/>
          <line num="8" count="0" type="stmt"/>
          <line num="11" count="0" type="stmt"/>
        </file>
        <file name="InputPostGIS.js" path="/home/mafonso/projects/mapigniter3/client/src/admin/layers/components/InputPostGIS.js">
          <metrics statements="14" coveredstatements="0" conditionals="36" coveredconditionals="0" methods="5" coveredmethods="0"/>
          <line num="7" count="0" type="stmt"/>
          <line num="8" count="0" type="cond" truecount="0" falsecount="2"/>
          <line num="13" count="0" type="cond" truecount="0" falsecount="2"/>
          <line num="18" count="0" type="cond" truecount="0" falsecount="2"/>
          <line num="23" count="0" type="cond" truecount="0" falsecount="2"/>
          <line num="24" count="0" type="stmt"/>
          <line num="26" count="0" type="cond" truecount="0" falsecount="4"/>
          <line num="28" count="0" type="stmt"/>
          <line num="30" count="0" type="cond" truecount="0" falsecount="4"/>
          <line num="32" count="0" type="stmt"/>
          <line num="33" count="0" type="stmt"/>
          <line num="35" count="0" type="cond" truecount="0" falsecount="2"/>
          <line num="38" count="0" type="stmt"/>
          <line num="133" count="0" type="stmt"/>
        </file>
        <file name="InputWFS.js" path="/home/mafonso/projects/mapigniter3/client/src/admin/layers/components/InputWFS.js">
          <metrics statements="4" coveredstatements="0" conditionals="6" coveredconditionals="0" methods="1" coveredmethods="0"/>
          <line num="7" count="0" type="stmt"/>
          <line num="8" count="0" type="stmt"/>
          <line num="12" count="0" type="cond" truecount="0" falsecount="2"/>
          <line num="18" count="0" type="stmt"/>
        </file>
        <file name="InputWMS.js" path="/home/mafonso/projects/mapigniter3/client/src/admin/layers/components/InputWMS.js">
          <metrics statements="9" coveredstatements="0" conditionals="10" coveredconditionals="0" methods="3" coveredmethods="0"/>
          <line num="7" count="0" type="stmt"/>
          <line num="8" count="0" type="stmt"/>
          <line num="14" count="0" type="stmt"/>
          <line num="18" count="0" type="stmt"/>
          <line num="21" count="0" type="cond" truecount="0" falsecount="2"/>
          <line num="23" count="0" type="stmt"/>
          <line num="25" count="0" type="cond" truecount="0" falsecount="2"/>
          <line num="28" count="0" type="stmt"/>
          <line num="92" count="0" type="stmt"/>
        </file>
        <file name="List.js" path="/home/mafonso/projects/mapigniter3/client/src/admin/layers/components/List.js">
          <metrics statements="6" coveredstatements="0" conditionals="8" coveredconditionals="0" methods="5" coveredmethods="0"/>
          <line num="9" count="0" type="stmt"/>
          <line num="10" count="0" type="stmt"/>
          <line num="28" count="0" type="stmt"/>
          <line num="32" count="0" type="stmt"/>
          <line num="41" count="0" type="stmt"/>
          <line num="54" count="0" type="stmt"/>
        </file>
      </package>
      <package name="src.admin.layers.containers">
        <metrics statements="40" coveredstatements="0" conditionals="18" coveredconditionals="0" methods="20" coveredmethods="0"/>
        <file name="Form.js" path="/home/mafonso/projects/mapigniter3/client/src/admin/layers/containers/Form.js">
          <metrics statements="26" coveredstatements="0" conditionals="12" coveredconditionals="0" methods="12" coveredmethods="0"/>
          <line num="11" count="0" type="cond" truecount="0" falsecount="4"/>
          <line num="13" count="0" type="stmt"/>
          <line num="17" count="0" type="stmt"/>
          <line num="21" count="0" type="stmt"/>
          <line num="22" count="0" type="cond" truecount="0" falsecount="4"/>
          <line num="23" count="0" type="stmt"/>
          <line num="28" count="0" type="stmt"/>
          <line num="32" count="0" type="stmt"/>
          <line num="33" count="0" type="stmt"/>
          <line num="37" count="0" type="stmt"/>
          <line num="38" count="0" type="stmt"/>
          <line num="39" count="0" type="stmt"/>
          <line num="43" count="0" type="stmt"/>
          <line num="44" count="0" type="stmt"/>
          <line num="45" count="0" type="cond" truecount="0" falsecount="2"/>
          <line num="49" count="0" type="stmt"/>
          <line num="50" count="0" type="stmt"/>
          <line num="54" count="0" type="stmt"/>
          <line num="55" count="0" type="stmt"/>
          <line num="59" count="0" type="stmt"/>
          <line num="60" count="0" type="stmt"/>
          <line num="64" count="0" type="stmt"/>
          <line num="65" count="0" type="stmt"/>
          <line num="69" count="0" type="cond" truecount="0" falsecount="2"/>
          <line num="70" count="0" type="stmt"/>
          <line num="71" count="0" type="stmt"/>
        </file>
        <file name="List.js" path="/home/mafonso/projects/mapigniter3/client/src/admin/layers/containers/List.js">
          <metrics statements="14" coveredstatements="0" conditionals="6" coveredconditionals="0" methods="8" coveredmethods="0"/>
          <line num="11" count="0" type="stmt"/>
          <line num="15" count="0" type="stmt"/>
          <line num="19" count="0" type="stmt"/>
          <line num="23" count="0" type="stmt"/>
          <line num="27" count="0" type="stmt"/>
          <line num="31" count="0" type="cond" truecount="0" falsecount="2"/>
          <line num="32" count="0" type="stmt"/>
          <line num="33" count="0" type="stmt"/>
          <line num="34" count="0" type="stmt"/>
          <line num="38" count="0" type="cond" truecount="0" falsecount="2"/>
          <line num="39" count="0" type="cond" truecount="0" falsecount="2"/>
          <line num="40" count="0" type="stmt"/>
          <line num="41" count="0" type="stmt"/>
          <line num="42" count="0" type="stmt"/>
        </file>
      </package>
      <package name="src.admin.layertypes">
        <metrics statements="44" coveredstatements="11" conditionals="9" coveredconditionals="0" methods="16" coveredmethods="0"/>
        <file name="actions.js" path="/home/mafonso/projects/mapigniter3/client/src/admin/layertypes/actions.js">
          <metrics statements="39" coveredstatements="6" conditionals="9" coveredconditionals="0" methods="16" coveredmethods="0"/>
          <line num="5" count="2" type="stmt"/>
          <line num="6" count="0" type="stmt"/>
          <line num="7" count="0" type="stmt"/>
          <line num="8" count="0" type="stmt"/>
          <line num="9" count="0" type="stmt"/>
          <line num="12" count="0" type="stmt"/>
          <line num="16" count="2" type="cond" truecount="0" falsecount="1"/>
          <line num="17" count="0" type="cond" truecount="0" falsecount="2"/>
          <line num="18" count="0" type="stmt"/>
          <line num="19" count="0" type="stmt"/>
          <line num="20" count="0" type="stmt"/>
          <line num="21" count="0" type="stmt"/>
          <line num="24" count="0" type="stmt"/>
          <line num="28" count="2" type="stmt"/>
          <line num="29" count="0" type="stmt"/>
          <line num="30" count="0" type="stmt"/>
          <line num="31" count="0" type="stmt"/>
          <line num="32" count="0" type="cond" truecount="0" falsecount="2"/>
          <line num="33" count="0" type="stmt"/>
          <line num="34" count="0" type="stmt"/>
          <line num="35" count="0" type="stmt"/>
          <line num="36" count="0" type="stmt"/>
          <line num="39" count="0" type="stmt"/>
          <line num="40" count="0" type="stmt"/>
          <line num="45" count="2" type="stmt"/>
          <line num="46" count="0" type="stmt"/>
          <line num="47" count="0" type="stmt"/>
          <line num="48" count="0" type="stmt"/>
          <line num="49" count="0" type="stmt"/>
          <line num="50" count="0" type="stmt"/>
          <line num="53" count="0" type="stmt"/>
          <line num="57" count="2" type="stmt"/>
          <line num="58" count="0" type="stmt"/>
          <line num="63" count="0" type="stmt"/>
          <line num="64" count="0" type="stmt"/>
          <line num="68" count="2" type="stmt"/>
          <line num="69" count="0" type="stmt"/>
          <line num="70" count="0" type="stmt"/>
          <line num="71" count="0" type="stmt"/>
        </file>
        <file name="queries.js" path="/home/mafonso/projects/mapigniter3/client/src/admin/layertypes/queries.js">
          <metrics statements="5" coveredstatements="5" conditionals="0" coveredconditionals="0" methods="0" coveredmethods="0"/>
          <line num="3" count="2" type="stmt"/>
          <line num="12" count="2" type="stmt"/>
          <line num="21" count="2" type="stmt"/>
          <line num="30" count="2" type="stmt"/>
          <line num="39" count="2" type="stmt"/>
        </file>
      </package>
      <package name="src.admin.layertypes.components">
        <metrics statements="8" coveredstatements="0" conditionals="14" coveredconditionals="0" methods="6" coveredmethods="0"/>
        <file name="Form.js" path="/home/mafonso/projects/mapigniter3/client/src/admin/layertypes/components/Form.js">
          <metrics statements="2" coveredstatements="0" conditionals="6" coveredconditionals="0" methods="1" coveredmethods="0"/>
          <line num="8" count="0" type="stmt"/>
          <line num="9" count="0" type="stmt"/>
        </file>
        <file name="List.js" path="/home/mafonso/projects/mapigniter3/client/src/admin/layertypes/components/List.js">
          <metrics statements="6" coveredstatements="0" conditionals="8" coveredconditionals="0" methods="5" coveredmethods="0"/>
          <line num="9" count="0" type="stmt"/>
          <line num="10" count="0" type="stmt"/>
          <line num="28" count="0" type="stmt"/>
          <line num="32" count="0" type="stmt"/>
          <line num="41" count="0" type="stmt"/>
          <line num="54" count="0" type="stmt"/>
        </file>
      </package>
      <package name="src.admin.layertypes.containers">
        <metrics statements="24" coveredstatements="0" conditionals="16" coveredconditionals="0" methods="13" coveredmethods="0"/>
        <file name="Form.js" path="/home/mafonso/projects/mapigniter3/client/src/admin/layertypes/containers/Form.js">
          <metrics statements="10" coveredstatements="0" conditionals="10" coveredconditionals="0" methods="5" coveredmethods="0"/>
          <line num="11" count="0" type="cond" truecount="0" falsecount="4"/>
          <line num="13" count="0" type="cond" truecount="0" falsecount="2"/>
          <line num="17" count="0" type="stmt"/>
          <line num="21" count="0" type="stmt"/>
          <line num="22" count="0" type="stmt"/>
          <line num="23" count="0" type="cond" truecount="0" falsecount="2"/>
          <line num="27" count="0" type="stmt"/>
          <line num="28" count="0" type="stmt"/>
          <line num="32" count="0" type="cond" truecount="0" falsecount="2"/>
          <line num="33" count="0" type="stmt"/>
        </file>
        <file name="List.js" path="/home/mafonso/projects/mapigniter3/client/src/admin/layertypes/containers/List.js">
          <metrics statements="14" coveredstatements="0" conditionals="6" coveredconditionals="0" methods="8" coveredmethods="0"/>
          <line num="11" count="0" type="stmt"/>
          <line num="15" count="0" type="stmt"/>
          <line num="19" count="0" type="stmt"/>
          <line num="23" count="0" type="stmt"/>
          <line num="27" count="0" type="stmt"/>
          <line num="31" count="0" type="cond" truecount="0" falsecount="2"/>
          <line num="32" count="0" type="stmt"/>
          <line num="33" count="0" type="stmt"/>
          <line num="34" count="0" type="stmt"/>
          <line num="38" count="0" type="cond" truecount="0" falsecount="2"/>
          <line num="39" count="0" type="cond" truecount="0" falsecount="2"/>
          <line num="40" count="0" type="stmt"/>
          <line num="41" count="0" type="stmt"/>
          <line num="42" count="0" type="stmt"/>
        </file>
      </package>
      <package name="src.admin.maplayers">
        <metrics statements="39" coveredstatements="8" conditionals="0" coveredconditionals="0" methods="15" coveredmethods="0"/>
        <file name="actions.js" path="/home/mafonso/projects/mapigniter3/client/src/admin/maplayers/actions.js">
          <metrics statements="36" coveredstatements="5" conditionals="0" coveredconditionals="0" methods="15" coveredmethods="0"/>
          <line num="7" count="2" type="stmt"/>
          <line num="8" count="0" type="stmt"/>
          <line num="9" count="0" type="stmt"/>
          <line num="10" count="0" type="stmt"/>
          <line num="11" count="0" type="stmt"/>
          <line num="20" count="0" type="stmt"/>
          <line num="21" count="0" type="stmt"/>
          <line num="25" count="2" type="stmt"/>
          <line num="26" count="0" type="stmt"/>
          <line num="27" count="0" type="stmt"/>
          <line num="28" count="0" type="stmt"/>
          <line num="29" count="0" type="stmt"/>
          <line num="30" count="0" type="stmt"/>
          <line num="31" count="0" type="stmt"/>
          <line num="32" count="0" type="stmt"/>
          <line num="33" count="0" type="stmt"/>
          <line num="36" count="0" type="stmt"/>
          <line num="37" count="0" type="stmt"/>
          <line num="42" count="2" type="stmt"/>
          <line num="43" count="0" type="stmt"/>
          <line num="44" count="0" type="stmt"/>
          <line num="45" count="0" type="stmt"/>
          <line num="46" count="0" type="stmt"/>
          <line num="49" count="0" type="stmt"/>
          <line num="53" count="2" type="stmt"/>
          <line num="54" count="0" type="stmt"/>
          <line num="55" count="0" type="stmt"/>
          <line num="56" count="0" type="stmt"/>
          <line num="57" count="0" type="stmt"/>
          <line num="60" count="0" type="stmt"/>
          <line num="64" count="2" type="stmt"/>
          <line num="65" count="0" type="stmt"/>
          <line num="66" count="0" type="stmt"/>
          <line num="67" count="0" type="stmt"/>
          <line num="68" count="0" type="stmt"/>
          <line num="71" count="0" type="stmt"/>
        </file>
        <file name="queries.js" path="/home/mafonso/projects/mapigniter3/client/src/admin/maplayers/queries.js">
          <metrics statements="3" coveredstatements="3" conditionals="0" coveredconditionals="0" methods="0" coveredmethods="0"/>
          <line num="3" count="2" type="stmt"/>
          <line num="16" count="2" type="stmt"/>
          <line num="28" count="2" type="stmt"/>
        </file>
      </package>
      <package name="src.admin.maplayers.components">
        <metrics statements="12" coveredstatements="0" conditionals="18" coveredconditionals="0" methods="5" coveredmethods="0"/>
        <file name="Form.js" path="/home/mafonso/projects/mapigniter3/client/src/admin/maplayers/components/Form.js">
          <metrics statements="12" coveredstatements="0" conditionals="18" coveredconditionals="0" methods="5" coveredmethods="0"/>
          <line num="8" count="0" type="stmt"/>
          <line num="9" count="0" type="cond" truecount="0" falsecount="2"/>
          <line num="10" count="0" type="stmt"/>
          <line num="11" count="0" type="stmt"/>
          <line num="13" count="0" type="cond" truecount="0" falsecount="2"/>
          <line num="14" count="0" type="stmt"/>
          <line num="15" count="0" type="stmt"/>
          <line num="17" count="0" type="cond" truecount="0" falsecount="2"/>
          <line num="18" count="0" type="stmt"/>
          <line num="19" count="0" type="stmt"/>
          <line num="20" count="0" type="stmt"/>
          <line num="22" count="0" type="stmt"/>
        </file>
      </package>
      <package name="src.admin.maplayers.containers">
        <metrics statements="12" coveredstatements="0" conditionals="4" coveredconditionals="0" methods="7" coveredmethods="0"/>
        <file name="Form.js" path="/home/mafonso/projects/mapigniter3/client/src/admin/maplayers/containers/Form.js">
          <metrics statements="12" coveredstatements="0" conditionals="4" coveredconditionals="0" methods="7" coveredmethods="0"/>
          <line num="11" count="0" type="stmt"/>
          <line num="12" count="0" type="stmt"/>
          <line num="16" count="0" type="stmt"/>
          <line num="20" count="0" type="stmt"/>
          <line num="24" count="0" type="stmt"/>
          <line num="28" count="0" type="stmt"/>
          <line num="29" count="0" type="stmt"/>
          <line num="30" count="0" type="cond" truecount="0" falsecount="2"/>
          <line num="34" count="0" type="stmt"/>
          <line num="35" count="0" type="stmt"/>
          <line num="39" count="0" type="cond" truecount="0" falsecount="2"/>
          <line num="40" count="0" type="stmt"/>
        </file>
      </package>
      <package name="src.admin.maps">
        <metrics statements="75" coveredstatements="15" conditionals="19" coveredconditionals="0" methods="23" coveredmethods="0"/>
        <file name="actions.js" path="/home/mafonso/projects/mapigniter3/client/src/admin/maps/actions.js">
          <metrics statements="70" coveredstatements="10" conditionals="19" coveredconditionals="0" methods="23" coveredmethods="0"/>
          <line num="7" count="2" type="stmt"/>
          <line num="11" count="2" type="stmt"/>
          <line num="12" count="0" type="stmt"/>
          <line num="13" count="0" type="stmt"/>
          <line num="14" count="0" type="stmt"/>
          <line num="15" count="0" type="stmt"/>
          <line num="18" count="0" type="stmt"/>
          <line num="22" count="2" type="cond" truecount="0" falsecount="1"/>
          <line num="23" count="0" type="stmt"/>
          <line num="24" count="0" type="cond" truecount="0" falsecount="2"/>
          <line num="25" count="0" type="stmt"/>
          <line num="26" count="0" type="stmt"/>
          <line num="27" count="0" type="stmt"/>
          <line num="28" count="0" type="stmt"/>
          <line num="29" count="0" type="stmt"/>
          <line num="32" count="0" type="stmt"/>
          <line num="36" count="2" type="stmt"/>
          <line num="37" count="0" type="stmt"/>
          <line num="38" count="0" type="stmt"/>
          <line num="39" count="0" type="stmt"/>
          <line num="40" count="0" type="cond" truecount="0" falsecount="2"/>
          <line num="41" count="0" type="stmt"/>
          <line num="42" count="0" type="stmt"/>
          <line num="43" count="0" type="cond" truecount="0" falsecount="2"/>
          <line num="44" count="0" type="stmt"/>
          <line num="45" count="0" type="stmt"/>
          <line num="46" count="0" type="cond" truecount="0" falsecount="4"/>
          <line num="47" count="0" type="stmt"/>
          <line num="50" count="0" type="stmt"/>
          <line num="51" count="0" type="stmt"/>
          <line num="56" count="2" type="stmt"/>
          <line num="57" count="0" type="stmt"/>
          <line num="58" count="0" type="stmt"/>
          <line num="59" count="0" type="stmt"/>
          <line num="60" count="0" type="stmt"/>
          <line num="61" count="0" type="stmt"/>
          <line num="64" count="0" type="stmt"/>
          <line num="68" count="2" type="stmt"/>
          <line num="69" count="0" type="stmt"/>
          <line num="70" count="0" type="stmt"/>
          <line num="71" count="0" type="stmt"/>
          <line num="72" count="0" type="stmt"/>
          <line num="73" count="0" type="stmt"/>
          <line num="76" count="0" type="stmt"/>
          <line num="80" count="2" type="stmt"/>
          <line num="81" count="0" type="stmt"/>
          <line num="82" count="0" type="stmt"/>
          <line num="83" count="0" type="stmt"/>
          <line num="84" count="0" type="stmt"/>
          <line num="87" count="0" type="stmt"/>
          <line num="91" count="2" type="stmt"/>
          <line num="92" count="0" type="stmt"/>
          <line num="105" count="0" type="stmt"/>
          <line num="106" count="0" type="stmt"/>
          <line num="107" count="0" type="stmt"/>
          <line num="111" count="2" type="stmt"/>
          <line num="112" count="0" type="stmt"/>
          <line num="113" count="0" type="stmt"/>
          <line num="114" count="0" type="stmt"/>
          <line num="115" count="0" type="stmt"/>
          <line num="116" count="0" type="stmt"/>
          <line num="117" count="0" type="cond" truecount="0" falsecount="4"/>
          <line num="118" count="0" type="stmt"/>
          <line num="119" count="0" type="stmt"/>
          <line num="121" count="0" type="stmt"/>
          <line num="122" count="0" type="stmt"/>
          <line num="126" count="2" type="stmt"/>
          <line num="127" count="0" type="stmt"/>
          <line num="128" count="0" type="stmt"/>
          <line num="129" count="0" type="stmt"/>
        </file>
        <file name="queries.js" path="/home/mafonso/projects/mapigniter3/client/src/admin/maps/queries.js">
          <metrics statements="5" coveredstatements="5" conditionals="0" coveredconditionals="0" methods="0" coveredmethods="0"/>
          <line num="3" count="2" type="stmt"/>
          <line num="11" count="2" type="stmt"/>
          <line num="83" count="2" type="stmt"/>
          <line num="121" count="2" type="stmt"/>
          <line num="154" count="2" type="stmt"/>
        </file>
      </package>
      <package name="src.admin.maps.components">
        <metrics statements="216" coveredstatements="0" conditionals="117" coveredconditionals="0" methods="67" coveredmethods="0"/>
        <file name="Form.js" path="/home/mafonso/projects/mapigniter3/client/src/admin/maps/components/Form.js">
          <metrics statements="14" coveredstatements="0" conditionals="22" coveredconditionals="0" methods="7" coveredmethods="0"/>
          <line num="12" count="0" type="stmt"/>
          <line num="13" count="0" type="stmt"/>
          <line num="19" count="0" type="stmt"/>
          <line num="20" count="0" type="stmt"/>
          <line num="21" count="0" type="stmt"/>
          <line num="23" count="0" type="stmt"/>
          <line num="28" count="0" type="stmt"/>
          <line num="29" count="0" type="cond" truecount="0" falsecount="2"/>
          <line num="30" count="0" type="stmt"/>
          <line num="31" count="0" type="stmt"/>
          <line num="33" count="0" type="stmt"/>
          <line num="37" count="0" type="stmt"/>
          <line num="132" count="0" type="stmt"/>
          <line num="142" count="0" type="stmt"/>
        </file>
        <file name="List.js" path="/home/mafonso/projects/mapigniter3/client/src/admin/maps/components/List.js">
          <metrics statements="6" coveredstatements="0" conditionals="6" coveredconditionals="0" methods="5" coveredmethods="0"/>
          <line num="9" count="0" type="stmt"/>
          <line num="10" count="0" type="stmt"/>
          <line num="28" count="0" type="stmt"/>
          <line num="32" count="0" type="stmt"/>
          <line num="41" count="0" type="stmt"/>
          <line num="52" count="0" type="stmt"/>
        </file>
        <file name="Map.js" path="/home/mafonso/projects/mapigniter3/client/src/admin/maps/components/Map.js">
          <metrics statements="192" coveredstatements="0" conditionals="87" coveredconditionals="0" methods="52" coveredmethods="0"/>
          <line num="33" count="0" type="stmt"/>
          <line num="35" count="0" type="stmt"/>
          <line num="45" count="0" type="cond" truecount="0" falsecount="2"/>
          <line num="46" count="0" type="stmt"/>
          <line num="47" count="0" type="stmt"/>
          <line num="48" count="0" type="stmt"/>
          <line num="52" count="0" type="cond" truecount="0" falsecount="2"/>
          <line num="53" count="0" type="stmt"/>
          <line num="54" count="0" type="stmt"/>
          <line num="55" count="0" type="stmt"/>
          <line num="56" count="0" type="stmt"/>
          <line num="57" count="0" type="stmt"/>
          <line num="58" count="0" type="cond" truecount="0" falsecount="2"/>
          <line num="59" count="0" type="stmt"/>
          <line num="60" count="0" type="stmt"/>
          <line num="62" count="0" type="stmt"/>
          <line num="73" count="0" type="cond" truecount="0" falsecount="4"/>
          <line num="74" count="0" type="stmt"/>
          <line num="75" count="0" type="stmt"/>
          <line num="76" count="0" type="cond" truecount="0" falsecount="2"/>
          <line num="77" count="0" type="stmt"/>
          <line num="79" count="0" type="stmt"/>
          <line num="80" count="0" type="stmt"/>
          <line num="82" count="0" type="stmt"/>
          <line num="83" count="0" type="stmt"/>
          <line num="102" count="0" type="stmt"/>
          <line num="103" count="0" type="stmt"/>
          <line num="104" count="0" type="cond" truecount="0" falsecount="2"/>
          <line num="105" count="0" type="cond" truecount="0" falsecount="2"/>
          <line num="106" count="0" type="stmt"/>
          <line num="107" count="0" type="cond" truecount="0" falsecount="2"/>
          <line num="111" count="0" type="stmt"/>
          <line num="121" count="0" type="stmt"/>
          <line num="122" count="0" type="stmt"/>
          <line num="123" count="0" type="stmt"/>
          <line num="124" count="0" type="cond" truecount="0" falsecount="2"/>
          <line num="125" count="0" type="stmt"/>
          <line num="126" count="0" type="stmt"/>
          <line num="127" count="0" type="stmt"/>
          <line num="140" count="0" type="cond" truecount="0" falsecount="2"/>
          <line num="141" count="0" type="cond" truecount="0" falsecount="2"/>
          <line num="142" count="0" type="stmt"/>
          <line num="144" count="0" type="stmt"/>
          <line num="151" count="0" type="stmt"/>
          <line num="152" count="0" type="stmt"/>
          <line num="153" count="0" type="stmt"/>
          <line num="154" count="0" type="stmt"/>
          <line num="155" count="0" type="stmt"/>
          <line num="156" count="0" type="stmt"/>
          <line num="165" count="0" type="stmt"/>
          <line num="166" count="0" type="cond" truecount="0" falsecount="10"/>
          <line num="168" count="0" type="stmt"/>
          <line num="169" count="0" type="stmt"/>
          <line num="171" count="0" type="stmt"/>
          <line num="172" count="0" type="stmt"/>
          <line num="174" count="0" type="stmt"/>
          <line num="175" count="0" type="stmt"/>
          <line num="177" count="0" type="stmt"/>
          <line num="178" count="0" type="stmt"/>
          <line num="180" count="0" type="stmt"/>
          <line num="181" count="0" type="stmt"/>
          <line num="183" count="0" type="stmt"/>
          <line num="184" count="0" type="stmt"/>
          <line num="191" count="0" type="stmt"/>
          <line num="192" count="0" type="stmt"/>
          <line num="194" count="0" type="stmt"/>
          <line num="195" count="0" type="stmt"/>
          <line num="197" count="0" type="stmt"/>
          <line num="198" count="0" type="stmt"/>
          <line num="199" count="0" type="stmt"/>
          <line num="201" count="0" type="cond" truecount="0" falsecount="2"/>
          <line num="205" count="0" type="cond" truecount="0" falsecount="2"/>
          <line num="208" count="0" type="cond" truecount="0" falsecount="2"/>
          <line num="209" count="0" type="cond" truecount="0" falsecount="2"/>
          <line num="212" count="0" type="stmt"/>
          <line num="213" count="0" type="stmt"/>
          <line num="214" count="0" type="stmt"/>
          <line num="215" count="0" type="stmt"/>
          <line num="216" count="0" type="stmt"/>
          <line num="217" count="0" type="stmt"/>
          <line num="218" count="0" type="cond" truecount="0" falsecount="2"/>
          <line num="219" count="0" type="cond" truecount="0" falsecount="2"/>
          <line num="222" count="0" type="cond" truecount="0" falsecount="2"/>
          <line num="223" count="0" type="stmt"/>
          <line num="224" count="0" type="stmt"/>
          <line num="225" count="0" type="stmt"/>
          <line num="227" count="0" type="stmt"/>
          <line num="238" count="0" type="cond" truecount="0" falsecount="2"/>
          <line num="239" count="0" type="stmt"/>
          <line num="240" count="0" type="stmt"/>
          <line num="245" count="0" type="stmt"/>
          <line num="256" count="0" type="stmt"/>
          <line num="257" count="0" type="stmt"/>
          <line num="258" count="0" type="stmt"/>
          <line num="262" count="0" type="stmt"/>
          <line num="272" count="0" type="stmt"/>
          <line num="277" count="0" type="stmt"/>
          <line num="287" count="0" type="stmt"/>
          <line num="288" count="0" type="stmt"/>
          <line num="295" count="0" type="stmt"/>
          <line num="296" count="0" type="stmt"/>
          <line num="299" count="0" type="stmt"/>
          <line num="309" count="0" type="stmt"/>
          <line num="310" count="0" type="stmt"/>
          <line num="316" count="0" type="stmt"/>
          <line num="326" count="0" type="stmt"/>
          <line num="327" count="0" type="stmt"/>
          <line num="328" count="0" type="stmt"/>
          <line num="332" count="0" type="stmt"/>
          <line num="338" count="0" type="stmt"/>
          <line num="341" count="0" type="stmt"/>
          <line num="346" count="0" type="stmt"/>
          <line num="347" count="0" type="stmt"/>
          <line num="352" count="0" type="stmt"/>
          <line num="354" count="0" type="stmt"/>
          <line num="355" count="0" type="stmt"/>
          <line num="356" count="0" type="stmt"/>
          <line num="359" count="0" type="stmt"/>
          <line num="361" count="0" type="stmt"/>
          <line num="371" count="0" type="stmt"/>
          <line num="372" count="0" type="stmt"/>
          <line num="374" count="0" type="stmt"/>
          <line num="382" count="0" type="stmt"/>
          <line num="383" count="0" type="stmt"/>
          <line num="386" count="0" type="stmt"/>
          <line num="396" count="0" type="stmt"/>
          <line num="397" count="0" type="stmt"/>
          <line num="398" count="0" type="stmt"/>
          <line num="402" count="0" type="stmt"/>
          <line num="405" count="0" type="stmt"/>
          <line num="410" count="0" type="stmt"/>
          <line num="415" count="0" type="stmt"/>
          <line num="421" count="0" type="stmt"/>
          <line num="424" count="0" type="stmt"/>
          <line num="426" count="0" type="stmt"/>
          <line num="427" count="0" type="stmt"/>
          <line num="428" count="0" type="stmt"/>
          <line num="430" count="0" type="stmt"/>
          <line num="435" count="0" type="stmt"/>
          <line num="436" count="0" type="stmt"/>
          <line num="437" count="0" type="cond" truecount="0" falsecount="4"/>
          <line num="439" count="0" type="stmt"/>
          <line num="440" count="0" type="stmt"/>
          <line num="441" count="0" type="stmt"/>
          <line num="443" count="0" type="stmt"/>
          <line num="453" count="0" type="stmt"/>
          <line num="454" count="0" type="stmt"/>
          <line num="455" count="0" type="stmt"/>
          <line num="469" count="0" type="stmt"/>
          <line num="470" count="0" type="stmt"/>
          <line num="471" count="0" type="stmt"/>
          <line num="481" count="0" type="stmt"/>
          <line num="482" count="0" type="cond" truecount="0" falsecount="2"/>
          <line num="484" count="0" type="stmt"/>
          <line num="485" count="0" type="cond" truecount="0" falsecount="2"/>
          <line num="487" count="0" type="stmt"/>
          <line num="493" count="0" type="stmt"/>
          <line num="496" count="0" type="stmt"/>
          <line num="500" count="0" type="stmt"/>
          <line num="501" count="0" type="stmt"/>
          <line num="506" count="0" type="stmt"/>
          <line num="514" count="0" type="stmt"/>
          <line num="516" count="0" type="stmt"/>
          <line num="518" count="0" type="stmt"/>
          <line num="519" count="0" type="stmt"/>
          <line num="520" count="0" type="stmt"/>
          <line num="522" count="0" type="stmt"/>
          <line num="527" count="0" type="stmt"/>
          <line num="528" count="0" type="stmt"/>
          <line num="529" count="0" type="cond" truecount="0" falsecount="4"/>
          <line num="531" count="0" type="stmt"/>
          <line num="532" count="0" type="stmt"/>
          <line num="533" count="0" type="stmt"/>
          <line num="535" count="0" type="stmt"/>
          <line num="548" count="0" type="stmt"/>
          <line num="551" count="0" type="stmt"/>
          <line num="564" count="0" type="cond" truecount="0" falsecount="2"/>
          <line num="565" count="0" type="stmt"/>
          <line num="566" count="0" type="stmt"/>
          <line num="570" count="0" type="cond" truecount="0" falsecount="2"/>
          <line num="571" count="0" type="stmt"/>
          <line num="585" count="0" type="cond" truecount="0" falsecount="2"/>
          <line num="586" count="0" type="stmt"/>
          <line num="587" count="0" type="stmt"/>
          <line num="589" count="0" type="cond" truecount="0" falsecount="2"/>
          <line num="590" count="0" type="stmt"/>
          <line num="610" count="0" type="stmt"/>
          <line num="651" count="0" type="stmt"/>
          <line num="652" count="0" type="cond" truecount="0" falsecount="2"/>
          <line num="653" count="0" type="stmt"/>
          <line num="665" count="0" type="stmt"/>
          <line num="666" count="0" type="stmt"/>
        </file>
        <file name="MapLayersList.js" path="/home/mafonso/projects/mapigniter3/client/src/admin/maps/components/MapLayersList.js">
          <metrics statements="4" coveredstatements="0" conditionals="2" coveredconditionals="0" methods="3" coveredmethods="0"/>
          <line num="8" count="0" type="stmt"/>
          <line num="9" count="0" type="stmt"/>
          <line num="36" count="0" type="stmt"/>
          <line num="45" count="0" type="stmt"/>
        </file>
      </package>
      <package name="src.admin.maps.containers">
        <metrics statements="33" coveredstatements="0" conditionals="20" coveredconditionals="0" methods="16" coveredmethods="0"/>
        <file name="Form.js" path="/home/mafonso/projects/mapigniter3/client/src/admin/maps/containers/Form.js">
          <metrics statements="19" coveredstatements="0" conditionals="14" coveredconditionals="0" methods="9" coveredmethods="0"/>
          <line num="11" count="0" type="cond" truecount="0" falsecount="4"/>
          <line num="13" count="0" type="stmt"/>
          <line num="17" count="0" type="stmt"/>
          <line num="21" count="0" type="stmt"/>
          <line num="22" count="0" type="cond" truecount="0" falsecount="4"/>
          <line num="23" count="0" type="stmt"/>
          <line num="28" count="0" type="stmt"/>
          <line num="32" count="0" type="cond" truecount="0" falsecount="2"/>
          <line num="33" count="0" type="stmt"/>
          <line num="37" count="0" type="stmt"/>
          <line num="38" count="0" type="stmt"/>
          <line num="39" count="0" type="cond" truecount="0" falsecount="2"/>
          <line num="43" count="0" type="stmt"/>
          <line num="44" count="0" type="stmt"/>
          <line num="48" count="0" type="stmt"/>
          <line num="49" count="0" type="stmt"/>
          <line num="53" count="0" type="cond" truecount="0" falsecount="2"/>
          <line num="54" count="0" type="stmt"/>
          <line num="55" count="0" type="stmt"/>
        </file>
        <file name="List.js" path="/home/mafonso/projects/mapigniter3/client/src/admin/maps/containers/List.js">
          <metrics statements="14" coveredstatements="0" conditionals="6" coveredconditionals="0" methods="7" coveredmethods="0"/>
          <line num="11" count="0" type="stmt"/>
          <line num="15" count="0" type="stmt"/>
          <line num="19" count="0" type="stmt"/>
          <line num="23" count="0" type="stmt"/>
          <line num="27" count="0" type="cond" truecount="0" falsecount="2"/>
          <line num="28" count="0" type="stmt"/>
          <line num="29" count="0" type="stmt"/>
          <line num="30" count="0" type="stmt"/>
          <line num="34" count="0" type="stmt"/>
          <line num="35" count="0" type="cond" truecount="0" falsecount="2"/>
          <line num="36" count="0" type="cond" truecount="0" falsecount="2"/>
          <line num="37" count="0" type="stmt"/>
          <line num="38" count="0" type="stmt"/>
          <line num="39" count="0" type="stmt"/>
        </file>
      </package>
      <package name="src.admin.projections">
        <metrics statements="44" coveredstatements="11" conditionals="9" coveredconditionals="0" methods="16" coveredmethods="0"/>
        <file name="actions.js" path="/home/mafonso/projects/mapigniter3/client/src/admin/projections/actions.js">
          <metrics statements="39" coveredstatements="6" conditionals="9" coveredconditionals="0" methods="16" coveredmethods="0"/>
          <line num="5" count="2" type="stmt"/>
          <line num="6" count="0" type="stmt"/>
          <line num="7" count="0" type="stmt"/>
          <line num="8" count="0" type="stmt"/>
          <line num="9" count="0" type="stmt"/>
          <line num="12" count="0" type="stmt"/>
          <line num="16" count="2" type="cond" truecount="0" falsecount="1"/>
          <line num="17" count="0" type="cond" truecount="0" falsecount="2"/>
          <line num="18" count="0" type="stmt"/>
          <line num="19" count="0" type="stmt"/>
          <line num="20" count="0" type="stmt"/>
          <line num="21" count="0" type="stmt"/>
          <line num="24" count="0" type="stmt"/>
          <line num="28" count="2" type="stmt"/>
          <line num="29" count="0" type="stmt"/>
          <line num="30" count="0" type="stmt"/>
          <line num="31" count="0" type="stmt"/>
          <line num="32" count="0" type="cond" truecount="0" falsecount="2"/>
          <line num="33" count="0" type="stmt"/>
          <line num="34" count="0" type="stmt"/>
          <line num="35" count="0" type="stmt"/>
          <line num="36" count="0" type="stmt"/>
          <line num="39" count="0" type="stmt"/>
          <line num="40" count="0" type="stmt"/>
          <line num="45" count="2" type="stmt"/>
          <line num="46" count="0" type="stmt"/>
          <line num="47" count="0" type="stmt"/>
          <line num="48" count="0" type="stmt"/>
          <line num="49" count="0" type="stmt"/>
          <line num="50" count="0" type="stmt"/>
          <line num="53" count="0" type="stmt"/>
          <line num="57" count="2" type="stmt"/>
          <line num="58" count="0" type="stmt"/>
          <line num="63" count="0" type="stmt"/>
          <line num="64" count="0" type="stmt"/>
          <line num="68" count="2" type="stmt"/>
          <line num="69" count="0" type="stmt"/>
          <line num="70" count="0" type="stmt"/>
          <line num="71" count="0" type="stmt"/>
        </file>
        <file name="queries.js" path="/home/mafonso/projects/mapigniter3/client/src/admin/projections/queries.js">
          <metrics statements="5" coveredstatements="5" conditionals="0" coveredconditionals="0" methods="0" coveredmethods="0"/>
          <line num="3" count="2" type="stmt"/>
          <line num="11" count="2" type="stmt"/>
          <line num="21" count="2" type="stmt"/>
          <line num="31" count="2" type="stmt"/>
          <line num="41" count="2" type="stmt"/>
        </file>
      </package>
      <package name="src.admin.projections.components">
        <metrics statements="8" coveredstatements="0" conditionals="16" coveredconditionals="0" methods="6" coveredmethods="0"/>
        <file name="Form.js" path="/home/mafonso/projects/mapigniter3/client/src/admin/projections/components/Form.js">
          <metrics statements="2" coveredstatements="0" conditionals="8" coveredconditionals="0" methods="1" coveredmethods="0"/>
          <line num="8" count="0" type="stmt"/>
          <line num="9" count="0" type="stmt"/>
        </file>
        <file name="List.js" path="/home/mafonso/projects/mapigniter3/client/src/admin/projections/components/List.js">
          <metrics statements="6" coveredstatements="0" conditionals="8" coveredconditionals="0" methods="5" coveredmethods="0"/>
          <line num="9" count="0" type="stmt"/>
          <line num="10" count="0" type="stmt"/>
          <line num="28" count="0" type="stmt"/>
          <line num="32" count="0" type="stmt"/>
          <line num="41" count="0" type="stmt"/>
          <line num="54" count="0" type="stmt"/>
        </file>
      </package>
      <package name="src.admin.projections.containers">
        <metrics statements="24" coveredstatements="0" conditionals="14" coveredconditionals="0" methods="13" coveredmethods="0"/>
        <file name="Form.js" path="/home/mafonso/projects/mapigniter3/client/src/admin/projections/containers/Form.js">
          <metrics statements="10" coveredstatements="0" conditionals="8" coveredconditionals="0" methods="5" coveredmethods="0"/>
          <line num="11" count="0" type="cond" truecount="0" falsecount="4"/>
          <line num="13" count="0" type="stmt"/>
          <line num="17" count="0" type="stmt"/>
          <line num="21" count="0" type="stmt"/>
          <line num="22" count="0" type="stmt"/>
          <line num="23" count="0" type="cond" truecount="0" falsecount="2"/>
          <line num="27" count="0" type="stmt"/>
          <line num="28" count="0" type="stmt"/>
          <line num="32" count="0" type="cond" truecount="0" falsecount="2"/>
          <line num="33" count="0" type="stmt"/>
        </file>
        <file name="List.js" path="/home/mafonso/projects/mapigniter3/client/src/admin/projections/containers/List.js">
          <metrics statements="14" coveredstatements="0" conditionals="6" coveredconditionals="0" methods="8" coveredmethods="0"/>
          <line num="11" count="0" type="stmt"/>
          <line num="15" count="0" type="stmt"/>
          <line num="19" count="0" type="stmt"/>
          <line num="23" count="0" type="stmt"/>
          <line num="27" count="0" type="stmt"/>
          <line num="31" count="0" type="cond" truecount="0" falsecount="2"/>
          <line num="32" count="0" type="stmt"/>
          <line num="33" count="0" type="stmt"/>
          <line num="34" count="0" type="stmt"/>
          <line num="38" count="0" type="cond" truecount="0" falsecount="2"/>
          <line num="39" count="0" type="cond" truecount="0" falsecount="2"/>
          <line num="40" count="0" type="stmt"/>
          <line num="41" count="0" type="stmt"/>
          <line num="42" count="0" type="stmt"/>
        </file>
      </package>
      <package name="src.admin.user">
        <metrics statements="18" coveredstatements="3" conditionals="8" coveredconditionals="0" methods="5" coveredmethods="0"/>
        <file name="actions.js" path="/home/mafonso/projects/mapigniter3/client/src/admin/user/actions.js">
          <metrics statements="18" coveredstatements="3" conditionals="8" coveredconditionals="0" methods="5" coveredmethods="0"/>
          <line num="4" count="2" type="stmt"/>
          <line num="5" count="0" type="stmt"/>
          <line num="6" count="0" type="stmt"/>
          <line num="7" count="0" type="stmt"/>
          <line num="8" count="0" type="stmt"/>
          <line num="9" count="0" type="stmt"/>
          <line num="10" count="0" type="cond" truecount="0" falsecount="4"/>
          <line num="14" count="2" type="stmt"/>
          <line num="15" count="0" type="stmt"/>
          <line num="18" count="2" type="stmt"/>
          <line num="19" count="0" type="stmt"/>
          <line num="20" count="0" type="stmt"/>
          <line num="21" count="0" type="stmt"/>
          <line num="22" count="0" type="stmt"/>
          <line num="23" count="0" type="stmt"/>
          <line num="24" count="0" type="stmt"/>
          <line num="25" count="0" type="cond" truecount="0" falsecount="4"/>
          <line num="26" count="0" type="stmt"/>
        </file>
      </package>
      <package name="src.admin.user.components">
        <metrics statements="3" coveredstatements="0" conditionals="18" coveredconditionals="0" methods="2" coveredmethods="0"/>
        <file name="Profile.js" path="/home/mafonso/projects/mapigniter3/client/src/admin/user/components/Profile.js">
          <metrics statements="3" coveredstatements="0" conditionals="18" coveredconditionals="0" methods="2" coveredmethods="0"/>
          <line num="8" count="0" type="stmt"/>
          <line num="9" count="0" type="stmt"/>
          <line num="12" count="0" type="stmt"/>
        </file>
      </package>
      <package name="src.admin.user.containers">
        <metrics statements="8" coveredstatements="0" conditionals="4" coveredconditionals="0" methods="6" coveredmethods="0"/>
        <file name="Profile.js" path="/home/mafonso/projects/mapigniter3/client/src/admin/user/containers/Profile.js">
          <metrics statements="8" coveredstatements="0" conditionals="4" coveredconditionals="0" methods="6" coveredmethods="0"/>
          <line num="10" count="0" type="stmt"/>
          <line num="14" count="0" type="stmt"/>
          <line num="18" count="0" type="stmt"/>
          <line num="22" count="0" type="cond" truecount="0" falsecount="2"/>
          <line num="26" count="0" type="stmt"/>
          <line num="27" count="0" type="stmt"/>
          <line num="31" count="0" type="cond" truecount="0" falsecount="2"/>
          <line num="32" count="0" type="stmt"/>
        </file>
      </package>
      <package name="src.public">
        <metrics statements="16" coveredstatements="3" conditionals="4" coveredconditionals="0" methods="6" coveredmethods="0"/>
        <file name="actions.js" path="/home/mafonso/projects/mapigniter3/client/src/public/actions.js">
          <metrics statements="15" coveredstatements="2" conditionals="4" coveredconditionals="0" methods="6" coveredmethods="0"/>
          <line num="5" count="1" type="stmt"/>
          <line num="6" count="0" type="stmt"/>
          <line num="9" count="0" type="stmt"/>
          <line num="10" count="0" type="stmt"/>
          <line num="11" count="0" type="stmt"/>
          <line num="12" count="0" type="cond" truecount="0" falsecount="4"/>
          <line num="13" count="0" type="stmt"/>
          <line num="18" count="1" type="stmt"/>
          <line num="19" count="0" type="stmt"/>
          <line num="20" count="0" type="stmt"/>
          <line num="21" count="0" type="stmt"/>
          <line num="22" count="0" type="stmt"/>
          <line num="23" count="0" type="stmt"/>
          <line num="29" count="0" type="stmt"/>
          <line num="33" count="0" type="stmt"/>
        </file>
        <file name="queries.js" path="/home/mafonso/projects/mapigniter3/client/src/public/queries.js">
          <metrics statements="1" coveredstatements="1" conditionals="0" coveredconditionals="0" methods="0" coveredmethods="0"/>
          <line num="3" count="1" type="stmt"/>
        </file>
      </package>
      <package name="src.public.components">
        <metrics statements="257" coveredstatements="58" conditionals="150" coveredconditionals="26" methods="88" coveredmethods="20"/>
        <file name="Footer.js" path="/home/mafonso/projects/mapigniter3/client/src/public/components/Footer.js">
          <metrics statements="1" coveredstatements="0" conditionals="0" coveredconditionals="0" methods="1" coveredmethods="0"/>
          <line num="6" count="0" type="stmt"/>
        </file>
        <file name="Home.js" path="/home/mafonso/projects/mapigniter3/client/src/public/components/Home.js">
          <metrics statements="4" coveredstatements="0" conditionals="2" coveredconditionals="0" methods="3" coveredmethods="0"/>
          <line num="11" count="0" type="stmt"/>
          <line num="15" count="0" type="stmt"/>
          <line num="16" count="0" type="stmt"/>
          <line num="27" count="0" type="stmt"/>
        </file>
        <file name="LayerSwitcher.js" path="/home/mafonso/projects/mapigniter3/client/src/public/components/LayerSwitcher.js">
          <metrics statements="15" coveredstatements="11" conditionals="4" coveredconditionals="2" methods="8" coveredmethods="6"/>
          <line num="9" count="1" type="stmt"/>
          <line num="10" count="1" type="stmt"/>
          <line num="16" count="0" type="stmt"/>
          <line num="17" count="0" type="stmt"/>
          <line num="18" count="0" type="stmt"/>
          <line num="22" count="1" type="stmt"/>
          <line num="26" count="1" type="stmt"/>
          <line num="27" count="1" type="stmt"/>
          <line num="28" count="1" type="cond" truecount="1" falsecount="1"/>
          <line num="29" count="0" type="stmt"/>
          <line num="31" count="1" type="stmt"/>
          <line num="32" count="1" type="stmt"/>
          <line num="34" count="1" type="stmt"/>
          <line num="35" count="1" type="stmt"/>
          <line num="38" count="1" type="cond" truecount="1" falsecount="1"/>
        </file>
        <file name="LayerSwitcherGroup.js" path="/home/mafonso/projects/mapigniter3/client/src/public/components/LayerSwitcherGroup.js">
          <metrics statements="6" coveredstatements="0" conditionals="15" coveredconditionals="0" methods="5" coveredmethods="0"/>
          <line num="8" count="0" type="cond" truecount="0" falsecount="3"/>
          <line num="15" count="0" type="stmt"/>
          <line num="16" count="0" type="stmt"/>
[...]
          <line num="98" count="1" type="stmt"/>
          <line num="107" count="0" type="stmt"/>
          <line num="108" count="0" type="cond" truecount="0" falsecount="2"/>
          <line num="109" count="0" type="cond" truecount="0" falsecount="2"/>
          <line num="110" count="0" type="cond" truecount="0" falsecount="2"/>
          <line num="113" count="0" type="stmt"/>
          <line num="123" count="0" type="stmt"/>
          <line num="124" count="0" type="stmt"/>
          <line num="125" count="0" type="stmt"/>
          <line num="126" count="0" type="cond" truecount="0" falsecount="2"/>
          <line num="127" count="0" type="stmt"/>
          <line num="128" count="0" type="stmt"/>
          <line num="129" count="0" type="stmt"/>
          <line num="142" count="0" type="cond" truecount="0" falsecount="2"/>
          <line num="143" count="0" type="cond" truecount="0" falsecount="2"/>
          <line num="144" count="0" type="stmt"/>
          <line num="146" count="0" type="stmt"/>
          <line num="153" count="1" type="stmt"/>
          <line num="162" count="0" type="cond" truecount="0" falsecount="2"/>
          <line num="163" count="0" type="cond" truecount="0" falsecount="2"/>
          <line num="164" count="0" type="stmt"/>
          <line num="165" count="0" type="stmt"/>
          <line num="166" count="0" type="cond" truecount="0" falsecount="2"/>
          <line num="167" count="0" type="stmt"/>
          <line num="177" count="1" type="stmt"/>
          <line num="178" count="1" type="cond" truecount="1" falsecount="9"/>
          <line num="180" count="1" type="stmt"/>
          <line num="181" count="1" type="stmt"/>
          <line num="183" count="0" type="stmt"/>
          <line num="184" count="0" type="stmt"/>
          <line num="186" count="0" type="stmt"/>
          <line num="187" count="0" type="stmt"/>
          <line num="189" count="0" type="stmt"/>
          <line num="190" count="0" type="stmt"/>
          <line num="192" count="0" type="stmt"/>
          <line num="193" count="0" type="stmt"/>
          <line num="195" count="0" type="stmt"/>
          <line num="196" count="0" type="stmt"/>
          <line num="203" count="0" type="stmt"/>
          <line num="204" count="0" type="stmt"/>
          <line num="206" count="0" type="stmt"/>
          <line num="207" count="0" type="stmt"/>
          <line num="209" count="0" type="stmt"/>
          <line num="210" count="0" type="stmt"/>
          <line num="211" count="0" type="stmt"/>
          <line num="213" count="0" type="cond" truecount="0" falsecount="2"/>
          <line num="217" count="1" type="cond" truecount="1" falsecount="1"/>
          <line num="220" count="1" type="cond" truecount="1" falsecount="1"/>
          <line num="221" count="1" type="cond" truecount="1" falsecount="1"/>
          <line num="224" count="1" type="stmt"/>
          <line num="225" count="1" type="stmt"/>
          <line num="226" count="1" type="stmt"/>
          <line num="227" count="1" type="stmt"/>
          <line num="228" count="1" type="stmt"/>
          <line num="229" count="1" type="stmt"/>
          <line num="230" count="1" type="cond" truecount="1" falsecount="1"/>
          <line num="231" count="1" type="cond" truecount="1" falsecount="1"/>
          <line num="234" count="1" type="cond" truecount="1" falsecount="1"/>
          <line num="235" count="0" type="stmt"/>
          <line num="236" count="0" type="stmt"/>
          <line num="237" count="0" type="stmt"/>
          <line num="239" count="1" type="stmt"/>
          <line num="250" count="0" type="cond" truecount="0" falsecount="2"/>
          <line num="251" count="0" type="stmt"/>
          <line num="252" count="0" type="stmt"/>
          <line num="257" count="0" type="stmt"/>
          <line num="268" count="0" type="stmt"/>
          <line num="269" count="0" type="stmt"/>
          <line num="270" count="0" type="stmt"/>
          <line num="274" count="0" type="stmt"/>
          <line num="284" count="1" type="stmt"/>
          <line num="289" count="1" type="stmt"/>
          <line num="299" count="0" type="stmt"/>
          <line num="300" count="0" type="stmt"/>
          <line num="307" count="0" type="stmt"/>
          <line num="308" count="0" type="stmt"/>
          <line num="311" count="0" type="stmt"/>
          <line num="321" count="0" type="stmt"/>
          <line num="322" count="0" type="stmt"/>
          <line num="328" count="0" type="stmt"/>
          <line num="338" count="0" type="stmt"/>
          <line num="339" count="0" type="stmt"/>
          <line num="340" count="0" type="stmt"/>
          <line num="344" count="0" type="stmt"/>
          <line num="350" count="0" type="stmt"/>
          <line num="353" count="0" type="stmt"/>
          <line num="358" count="0" type="stmt"/>
          <line num="359" count="0" type="stmt"/>
          <line num="364" count="0" type="stmt"/>
          <line num="366" count="0" type="stmt"/>
          <line num="367" count="0" type="stmt"/>
          <line num="368" count="0" type="stmt"/>
          <line num="371" count="0" type="stmt"/>
          <line num="373" count="0" type="stmt"/>
          <line num="383" count="0" type="stmt"/>
          <line num="384" count="0" type="stmt"/>
          <line num="386" count="0" type="stmt"/>
          <line num="394" count="0" type="stmt"/>
          <line num="395" count="0" type="stmt"/>
          <line num="398" count="0" type="stmt"/>
          <line num="408" count="0" type="stmt"/>
          <line num="409" count="0" type="stmt"/>
          <line num="410" count="0" type="stmt"/>
          <line num="414" count="0" type="stmt"/>
          <line num="417" count="0" type="stmt"/>
          <line num="422" count="0" type="stmt"/>
          <line num="427" count="0" type="stmt"/>
          <line num="433" count="0" type="stmt"/>
          <line num="436" count="0" type="stmt"/>
          <line num="438" count="0" type="stmt"/>
          <line num="439" count="0" type="stmt"/>
          <line num="440" count="0" type="stmt"/>
          <line num="442" count="0" type="stmt"/>
          <line num="447" count="0" type="stmt"/>
          <line num="448" count="0" type="stmt"/>
          <line num="449" count="0" type="cond" truecount="0" falsecount="4"/>
          <line num="451" count="0" type="stmt"/>
          <line num="452" count="0" type="stmt"/>
          <line num="453" count="0" type="stmt"/>
          <line num="455" count="0" type="stmt"/>
          <line num="465" count="0" type="stmt"/>
          <line num="466" count="0" type="stmt"/>
          <line num="467" count="0" type="stmt"/>
          <line num="481" count="0" type="stmt"/>
          <line num="482" count="0" type="stmt"/>
          <line num="483" count="0" type="stmt"/>
          <line num="493" count="0" type="stmt"/>
          <line num="494" count="0" type="cond" truecount="0" falsecount="2"/>
          <line num="496" count="0" type="stmt"/>
          <line num="497" count="0" type="cond" truecount="0" falsecount="2"/>
          <line num="499" count="0" type="stmt"/>
          <line num="505" count="0" type="stmt"/>
          <line num="508" count="0" type="stmt"/>
          <line num="512" count="0" type="stmt"/>
          <line num="513" count="0" type="stmt"/>
          <line num="518" count="0" type="stmt"/>
          <line num="526" count="0" type="stmt"/>
          <line num="528" count="0" type="stmt"/>
          <line num="530" count="0" type="stmt"/>
          <line num="531" count="0" type="stmt"/>
          <line num="532" count="0" type="stmt"/>
          <line num="534" count="0" type="stmt"/>
          <line num="539" count="0" type="stmt"/>
          <line num="540" count="0" type="stmt"/>
          <line num="541" count="0" type="cond" truecount="0" falsecount="4"/>
          <line num="543" count="0" type="stmt"/>
          <line num="544" count="0" type="stmt"/>
          <line num="545" count="0" type="stmt"/>
          <line num="547" count="0" type="stmt"/>
          <line num="560" count="0" type="stmt"/>
          <line num="563" count="0" type="stmt"/>
          <line num="576" count="0" type="cond" truecount="0" falsecount="2"/>
          <line num="577" count="0" type="stmt"/>
          <line num="578" count="0" type="stmt"/>
          <line num="582" count="0" type="cond" truecount="0" falsecount="2"/>
          <line num="583" count="0" type="stmt"/>
          <line num="597" count="0" type="cond" truecount="0" falsecount="2"/>
          <line num="598" count="0" type="stmt"/>
          <line num="599" count="0" type="stmt"/>
          <line num="601" count="0" type="cond" truecount="0" falsecount="2"/>
          <line num="602" count="0" type="stmt"/>
          <line num="622" count="0" type="stmt"/>
          <line num="662" count="0" type="stmt"/>
          <line num="663" count="0" type="cond" truecount="0" falsecount="2"/>
          <line num="664" count="0" type="stmt"/>
          <line num="676" count="1" type="stmt"/>
          <line num="677" count="1" type="stmt"/>
        </file>
        <file name="SplashScreen.js" path="/home/mafonso/projects/mapigniter3/client/src/public/components/SplashScreen.js">
          <metrics statements="1" coveredstatements="1" conditionals="0" coveredconditionals="0" methods="1" coveredmethods="1"/>
          <line num="7" count="1" type="stmt"/>
        </file>
        <file name="TopMenu.js" path="/home/mafonso/projects/mapigniter3/client/src/public/components/TopMenu.js">
          <metrics statements="4" coveredstatements="0" conditionals="6" coveredconditionals="0" methods="4" coveredmethods="0"/>
          <line num="11" count="0" type="stmt"/>
          <line num="14" count="0" type="stmt"/>
          <line num="24" count="0" type="stmt"/>
          <line num="27" count="0" type="stmt"/>
        </file>
        <file name="Wait.js" path="/home/mafonso/projects/mapigniter3/client/src/public/components/Wait.js">
          <metrics statements="1" coveredstatements="0" conditionals="0" coveredconditionals="0" methods="1" coveredmethods="0"/>
          <line num="6" count="0" type="stmt"/>
        </file>
      </package>
      <package name="src.public.maps">
        <metrics statements="21" coveredstatements="4" conditionals="8" coveredconditionals="0" methods="8" coveredmethods="0"/>
        <file name="actions.js" path="/home/mafonso/projects/mapigniter3/client/src/public/maps/actions.js">
          <metrics statements="20" coveredstatements="3" conditionals="8" coveredconditionals="0" methods="8" coveredmethods="0"/>
          <line num="6" count="1" type="stmt"/>
          <line num="7" count="0" type="stmt"/>
          <line num="8" count="0" type="stmt"/>
          <line num="9" count="0" type="stmt"/>
          <line num="10" count="0" type="stmt"/>
          <line num="11" count="0" type="stmt"/>
          <line num="12" count="0" type="cond" truecount="0" falsecount="4"/>
          <line num="15" count="1" type="stmt"/>
          <line num="16" count="0" type="stmt"/>
          <line num="19" count="0" type="stmt"/>
          <line num="20" count="0" type="stmt"/>
          <line num="21" count="0" type="stmt"/>
          <line num="22" count="0" type="cond" truecount="0" falsecount="4"/>
          <line num="23" count="0" type="stmt"/>
          <line num="28" count="1" type="stmt"/>
          <line num="29" count="0" type="stmt"/>
          <line num="30" count="0" type="stmt"/>
          <line num="31" count="0" type="stmt"/>
          <line num="36" count="0" type="stmt"/>
          <line num="38" count="0" type="stmt"/>
        </file>
        <file name="queries.js" path="/home/mafonso/projects/mapigniter3/client/src/public/maps/queries.js">
          <metrics statements="1" coveredstatements="1" conditionals="0" coveredconditionals="0" methods="0" coveredmethods="0"/>
          <line num="3" count="1" type="stmt"/>
        </file>
      </package>
      <package name="src.public.maps.components">
        <metrics statements="20" coveredstatements="9" conditionals="4" coveredconditionals="1" methods="10" coveredmethods="3"/>
        <file name="Display.js" path="/home/mafonso/projects/mapigniter3/client/src/public/maps/components/Display.js">
          <metrics statements="20" coveredstatements="9" conditionals="4" coveredconditionals="1" methods="10" coveredmethods="3"/>
          <line num="10" count="1" type="stmt"/>
          <line num="11" count="1" type="stmt"/>
          <line num="16" count="1" type="stmt"/>
          <line num="17" count="1" type="cond" truecount="1" falsecount="1"/>
          <line num="18" count="1" type="stmt"/>
          <line num="20" count="1" type="stmt"/>
          <line num="25" count="0" type="stmt"/>
          <line num="26" count="0" type="stmt"/>
          <line num="27" count="0" type="cond" truecount="0" falsecount="2"/>
          <line num="28" count="0" type="stmt"/>
          <line num="29" count="0" type="stmt"/>
          <line num="33" count="0" type="stmt"/>
          <line num="40" count="0" type="stmt"/>
          <line num="47" count="0" type="stmt"/>
          <line num="54" count="1" type="stmt"/>
          <line num="55" count="1" type="stmt"/>
          <line num="56" count="1" type="stmt"/>
          <line num="64" count="0" type="stmt"/>
          <line num="65" count="0" type="stmt"/>
          <line num="75" count="0" type="stmt"/>
        </file>
      </package>
      <package name="src.public.maps.containers">
        <metrics statements="6" coveredstatements="0" conditionals="10" coveredconditionals="0" methods="2" coveredmethods="0"/>
        <file name="Display.js" path="/home/mafonso/projects/mapigniter3/client/src/public/maps/containers/Display.js">
          <metrics statements="6" coveredstatements="0" conditionals="10" coveredconditionals="0" methods="2" coveredmethods="0"/>
          <line num="12" count="0" type="cond" truecount="0" falsecount="4"/>
          <line num="14" count="0" type="stmt"/>
          <line num="15" count="0" type="stmt"/>
          <line num="26" count="0" type="cond" truecount="0" falsecount="4"/>
          <line num="27" count="0" type="stmt"/>
          <line num="28" count="0" type="stmt"/>
        </file>
      </package>
      <package name="src.public.user">
        <metrics statements="27" coveredstatements="5" conditionals="8" coveredconditionals="0" methods="7" coveredmethods="0"/>
        <file name="actions.js" path="/home/mafonso/projects/mapigniter3/client/src/public/user/actions.js">
          <metrics statements="27" coveredstatements="5" conditionals="8" coveredconditionals="0" methods="7" coveredmethods="0"/>
          <line num="4" count="1" type="stmt"/>
          <line num="5" count="0" type="stmt"/>
          <line num="8" count="1" type="stmt"/>
          <line num="9" count="0" type="stmt"/>
          <line num="10" count="0" type="stmt"/>
          <line num="11" count="0" type="stmt"/>
          <line num="12" count="0" type="stmt"/>
          <line num="13" count="0" type="stmt"/>
          <line num="14" count="0" type="stmt"/>
          <line num="15" count="0" type="stmt"/>
          <line num="16" count="0" type="stmt"/>
          <line num="17" count="0" type="cond" truecount="0" falsecount="4"/>
          <line num="18" count="0" type="stmt"/>
          <line num="21" count="1" type="stmt"/>
          <line num="22" count="0" type="stmt"/>
          <line num="25" count="1" type="stmt"/>
          <line num="26" count="0" type="stmt"/>
          <line num="29" count="1" type="stmt"/>
          <line num="30" count="0" type="stmt"/>
          <line num="31" count="0" type="stmt"/>
          <line num="32" count="0" type="stmt"/>
          <line num="33" count="0" type="stmt"/>
          <line num="34" count="0" type="stmt"/>
          <line num="35" count="0" type="stmt"/>
          <line num="36" count="0" type="stmt"/>
          <line num="37" count="0" type="cond" truecount="0" falsecount="4"/>
          <line num="38" count="0" type="stmt"/>
        </file>
      </package>
      <package name="src.public.user.components">
        <metrics statements="6" coveredstatements="0" conditionals="8" coveredconditionals="0" methods="6" coveredmethods="0"/>
        <file name="Login.js" path="/home/mafonso/projects/mapigniter3/client/src/public/user/components/Login.js">
          <metrics statements="1" coveredstatements="0" conditionals="4" coveredconditionals="0" methods="1" coveredmethods="0"/>
          <line num="7" count="0" type="stmt"/>
        </file>
        <file name="RecoverPage.js" path="/home/mafonso/projects/mapigniter3/client/src/public/user/components/RecoverPage.js">
          <metrics statements="2" coveredstatements="0" conditionals="0" coveredconditionals="0" methods="2" coveredmethods="0"/>
          <line num="8" count="0" type="stmt"/>
          <line num="11" count="0" type="stmt"/>
        </file>
        <file name="ResetPasswordPage.js" path="/home/mafonso/projects/mapigniter3/client/src/public/user/components/ResetPasswordPage.js">
          <metrics statements="3" coveredstatements="0" conditionals="4" coveredconditionals="0" methods="3" coveredmethods="0"/>
          <line num="8" count="0" type="stmt"/>
          <line num="11" count="0" type="stmt"/>
          <line num="14" count="0" type="stmt"/>
        </file>
      </package>
      <package name="src.public.user.containers">
        <metrics statements="29" coveredstatements="0" conditionals="4" coveredconditionals="0" methods="14" coveredmethods="0"/>
        <file name="Login.js" path="/home/mafonso/projects/mapigniter3/client/src/public/user/containers/Login.js">
          <metrics statements="14" coveredstatements="0" conditionals="4" coveredconditionals="0" methods="4" coveredmethods="0"/>
          <line num="10" count="0" type="stmt"/>
          <line num="11" count="0" type="stmt"/>
          <line num="12" count="0" type="stmt"/>
          <line num="16" count="0" type="stmt"/>
          <line num="20" count="0" type="stmt"/>
          <line num="21" count="0" type="stmt"/>
          <line num="22" count="0" type="stmt"/>
          <line num="23" count="0" type="cond" truecount="0" falsecount="2"/>
          <line num="24" count="0" type="stmt"/>
          <line num="25" count="0" type="stmt"/>
          <line num="26" count="0" type="stmt"/>
          <line num="31" count="0" type="cond" truecount="0" falsecount="2"/>
          <line num="32" count="0" type="stmt"/>
          <line num="34" count="0" type="stmt"/>
        </file>
        <file name="Recover.js" path="/home/mafonso/projects/mapigniter3/client/src/public/user/containers/Recover.js">
          <metrics statements="5" coveredstatements="0" conditionals="0" coveredconditionals="0" methods="4" coveredmethods="0"/>
          <line num="10" count="0" type="stmt"/>
          <line num="14" count="0" type="stmt"/>
          <line num="15" count="0" type="stmt"/>
          <line num="16" count="0" type="stmt"/>
          <line num="21" count="0" type="stmt"/>
        </file>
        <file name="ResetPassword.js" path="/home/mafonso/projects/mapigniter3/client/src/public/user/containers/ResetPassword.js">
          <metrics statements="10" coveredstatements="0" conditionals="0" coveredconditionals="0" methods="6" coveredmethods="0"/>
          <line num="9" count="0" type="stmt"/>
          <line num="10" count="0" type="stmt"/>
          <line num="11" count="0" type="stmt"/>
          <line num="12" count="0" type="stmt"/>
          <line num="16" count="0" type="stmt"/>
          <line num="20" count="0" type="stmt"/>
          <line num="24" count="0" type="stmt"/>
          <line num="25" count="0" type="stmt"/>
          <line num="26" count="0" type="stmt"/>
          <line num="31" count="0" type="stmt"/>
        </file>
      </package>
    </metrics>
  </project>
</coverage>
