{"/home/mafonso/projects/mapigniter3/client/src/MainController.js": {"path":"/home/mafonso/projects/mapigniter3/client/src/MainController.js","statementMap":{"0":{"start":{"line":11,"column":8},"end":{"line":11,"column":29}},"1":{"start":{"line":15,"column":34},"end":{"line":15,"column":44}},"2":{"start":{"line":16,"column":8},"end":{"line":16,"column":44}},"3":{"start":{"line":16,"column":21},"end":{"line":16,"column":44}},"4":{"start":{"line":17,"column":8},"end":{"line":17,"column":52}},"5":{"start":{"line":17,"column":18},"end":{"line":17,"column":52}},"6":{"start":{"line":18,"column":8},"end":{"line":18,"column":31}}},"fnMap":{"0":{"name":"(anonymous_0)","decl":{"start":{"line":10,"column":4},"end":{"line":10,"column":5}},"loc":{"start":{"line":10,"column":30},"end":{"line":12,"column":5}},"line":10},"1":{"name":"(anonymous_1)","decl":{"start":{"line":14,"column":4},"end":{"line":14,"column":5}},"loc":{"start":{"line":14,"column":13},"end":{"line":19,"column":5}},"line":14}},"branchMap":{"0":{"loc":{"start":{"line":16,"column":8},"end":{"line":16,"column":44}},"type":"if","locations":[{"start":{"line":16,"column":8},"end":{"line":16,"column":44}},{"start":{"line":16,"column":8},"end":{"line":16,"column":44}}],"line":16},"1":{"loc":{"start":{"line":17,"column":8},"end":{"line":17,"column":52}},"type":"if","locations":[{"start":{"line":17,"column":8},"end":{"line":17,"column":52}},{"start":{"line":17,"column":8},"end":{"line":17,"column":52}}],"line":17}},"s":{"0":1,"1":1,"2":1,"3":1,"4":0,"5":0,"6":0},"f":{"0":1,"1":1},"b":{"0":[1,0],"1":[0,0]},"_coverageSchema":"332fd63041d2c1bcb487cc26dd0d5f7d97098a6c","hash":"0d1b40460974d651f4a6e1f95da1bf77fc03571c"}
,"/home/mafonso/projects/mapigniter3/client/src/Root.js": {"path":"/home/mafonso/projects/mapigniter3/client/src/Root.js","statementMap":{"0":{"start":{"line":11,"column":8},"end":{"line":17,"column":10}}},"fnMap":{"0":{"name":"(anonymous_0)","decl":{"start":{"line":10,"column":4},"end":{"line":10,"column":5}},"loc":{"start":{"line":10,"column":13},"end":{"line":18,"column":5}},"line":10}},"branchMap":{},"s":{"0":1},"f":{"0":1},"b":{},"_coverageSchema":"332fd63041d2c1bcb487cc26dd0d5f7d97098a6c","hash":"332a75d93cac32dc7959fcb0611513aec068f3c1"}
,"/home/mafonso/projects/mapigniter3/client/src/auth.js": {"path":"/home/mafonso/projects/mapigniter3/client/src/auth.js","statementMap":{"0":{"start":{"line":3,"column":16},"end":{"line":3,"column":29}},"1":{"start":{"line":5,"column":20},"end":{"line":7,"column":1}},"2":{"start":{"line":6,"column":4},"end":{"line":6,"column":36}},"3":{"start":{"line":9,"column":15},"end":{"line":25,"column":1}},"4":{"start":{"line":10,"column":19},"end":{"line":10,"column":47}},"5":{"start":{"line":11,"column":4},"end":{"line":24,"column":7}},"6":{"start":{"line":12,"column":8},"end":{"line":23,"column":11}},"7":{"start":{"line":19,"column":21},"end":{"line":19,"column":31}},"8":{"start":{"line":21,"column":12},"end":{"line":21,"column":45}},"9":{"start":{"line":22,"column":12},"end":{"line":22,"column":22}},"10":{"start":{"line":27,"column":14},"end":{"line":53,"column":1}},"11":{"start":{"line":28,"column":17},"end":{"line":31,"column":5}},"12":{"start":{"line":32,"column":19},"end":{"line":32,"column":47}},"13":{"start":{"line":33,"column":4},"end":{"line":52,"column":7}},"14":{"start":{"line":34,"column":8},"end":{"line":51,"column":11}},"15":{"start":{"line":42,"column":21},"end":{"line":42,"column":31}},"16":{"start":{"line":44,"column":12},"end":{"line":50,"column":13}},"17":{"start":{"line":45,"column":16},"end":{"line":45,"column":58}},"18":{"start":{"line":46,"column":16},"end":{"line":46,"column":36}},"19":{"start":{"line":48,"column":16},"end":{"line":48,"column":50}},"20":{"start":{"line":49,"column":16},"end":{"line":49,"column":31}},"21":{"start":{"line":55,"column":16},"end":{"line":58,"column":1}},"22":{"start":{"line":56,"column":17},"end":{"line":56,"column":34}},"23":{"start":{"line":57,"column":4},"end":{"line":57,"column":76}},"24":{"start":{"line":57,"column":16},"end":{"line":57,"column":76}},"25":{"start":{"line":60,"column":18},"end":{"line":79,"column":1}},"26":{"start":{"line":61,"column":23},"end":{"line":61,"column":47}},"27":{"start":{"line":62,"column":21},"end":{"line":62,"column":49}},"28":{"start":{"line":63,"column":4},"end":{"line":78,"column":7}},"29":{"start":{"line":64,"column":8},"end":{"line":77,"column":10}},"30":{"start":{"line":71,"column":21},"end":{"line":71,"column":31}},"31":{"start":{"line":73,"column":12},"end":{"line":73,"column":26}},"32":{"start":{"line":76,"column":12},"end":{"line":76,"column":27}}},"fnMap":{"0":{"name":"(anonymous_0)","decl":{"start":{"line":5,"column":20},"end":{"line":5,"column":21}},"loc":{"start":{"line":5,"column":37},"end":{"line":7,"column":1}},"line":5},"1":{"name":"(anonymous_1)","decl":{"start":{"line":9,"column":15},"end":{"line":9,"column":16}},"loc":{"start":{"line":9,"column":29},"end":{"line":25,"column":1}},"line":9},"2":{"name":"(anonymous_2)","decl":{"start":{"line":11,"column":23},"end":{"line":11,"column":24}},"loc":{"start":{"line":11,"column":34},"end":{"line":24,"column":5}},"line":11},"3":{"name":"(anonymous_3)","decl":{"start":{"line":19,"column":14},"end":{"line":19,"column":15}},"loc":{"start":{"line":19,"column":21},"end":{"line":19,"column":31}},"line":19},"4":{"name":"(anonymous_4)","decl":{"start":{"line":20,"column":14},"end":{"line":20,"column":15}},"loc":{"start":{"line":20,"column":24},"end":{"line":23,"column":9}},"line":20},"5":{"name":"(anonymous_5)","decl":{"start":{"line":27,"column":14},"end":{"line":27,"column":15}},"loc":{"start":{"line":27,"column":28},"end":{"line":53,"column":1}},"line":27},"6":{"name":"(anonymous_6)","decl":{"start":{"line":33,"column":23},"end":{"line":33,"column":24}},"loc":{"start":{"line":33,"column":34},"end":{"line":52,"column":5}},"line":33},"7":{"name":"(anonymous_7)","decl":{"start":{"line":42,"column":14},"end":{"line":42,"column":15}},"loc":{"start":{"line":42,"column":21},"end":{"line":42,"column":31}},"line":42},"8":{"name":"(anonymous_8)","decl":{"start":{"line":43,"column":14},"end":{"line":43,"column":15}},"loc":{"start":{"line":43,"column":24},"end":{"line":51,"column":9}},"line":43},"9":{"name":"(anonymous_9)","decl":{"start":{"line":55,"column":16},"end":{"line":55,"column":17}},"loc":{"start":{"line":55,"column":28},"end":{"line":58,"column":1}},"line":55},"10":{"name":"(anonymous_10)","decl":{"start":{"line":60,"column":18},"end":{"line":60,"column":19}},"loc":{"start":{"line":60,"column":24},"end":{"line":79,"column":1}},"line":60},"11":{"name":"(anonymous_11)","decl":{"start":{"line":63,"column":23},"end":{"line":63,"column":24}},"loc":{"start":{"line":63,"column":34},"end":{"line":78,"column":5}},"line":63},"12":{"name":"(anonymous_12)","decl":{"start":{"line":71,"column":14},"end":{"line":71,"column":15}},"loc":{"start":{"line":71,"column":21},"end":{"line":71,"column":31}},"line":71},"13":{"name":"(anonymous_13)","decl":{"start":{"line":72,"column":14},"end":{"line":72,"column":15}},"loc":{"start":{"line":72,"column":24},"end":{"line":74,"column":9}},"line":72},"14":{"name":"(anonymous_14)","decl":{"start":{"line":75,"column":15},"end":{"line":75,"column":16}},"loc":{"start":{"line":75,"column":24},"end":{"line":77,"column":9}},"line":75}},"branchMap":{"0":{"loc":{"start":{"line":44,"column":12},"end":{"line":50,"column":13}},"type":"if","locations":[{"start":{"line":44,"column":12},"end":{"line":50,"column":13}},{"start":{"line":44,"column":12},"end":{"line":50,"column":13}}],"line":44},"1":{"loc":{"start":{"line":57,"column":4},"end":{"line":57,"column":76}},"type":"if","locations":[{"start":{"line":57,"column":4},"end":{"line":57,"column":76}},{"start":{"line":57,"column":4},"end":{"line":57,"column":76}}],"line":57}},"s":{"0":2,"1":2,"2":0,"3":2,"4":0,"5":0,"6":0,"7":0,"8":0,"9":0,"10":2,"11":0,"12":0,"13":0,"14":0,"15":0,"16":0,"17":0,"18":0,"19":0,"20":0,"21":2,"22":1,"23":1,"24":0,"25":2,"26":1,"27":1,"28":1,"29":1,"30":0,"31":0,"32":1},"f":{"0":0,"1":0,"2":0,"3":0,"4":0,"5":0,"6":0,"7":0,"8":0,"9":1,"10":1,"11":1,"12":0,"13":0,"14":1},"b":{"0":[0,0],"1":[0,1]},"_coverageSchema":"332fd63041d2c1bcb487cc26dd0d5f7d97098a6c","hash":"cc6b7a62d58cb8ff4185e1d96eb3fe1b68a4dbac"}
,"/home/mafonso/projects/mapigniter3/client/src/helpers.js": {"path":"/home/mafonso/projects/mapigniter3/client/src/helpers.js","statementMap":{"0":{"start":{"line":1,"column":18},"end":{"line":16,"column":1}},"1":{"start":{"line":3,"column":4},"end":{"line":14,"column":7}},"2":{"start":{"line":4,"column":8},"end":{"line":4,"column":65}},"3":{"start":{"line":5,"column":8},"end":{"line":13,"column":9}},"4":{"start":{"line":6,"column":12},"end":{"line":8,"column":79}},"5":{"start":{"line":10,"column":12},"end":{"line":12,"column":51}},"6":{"start":{"line":15,"column":4},"end":{"line":15,"column":17}}},"fnMap":{"0":{"name":"(anonymous_0)","decl":{"start":{"line":1,"column":18},"end":{"line":1,"column":19}},"loc":{"start":{"line":1,"column":48},"end":{"line":16,"column":1}},"line":1},"1":{"name":"(anonymous_1)","decl":{"start":{"line":3,"column":23},"end":{"line":3,"column":24}},"loc":{"start":{"line":3,"column":33},"end":{"line":14,"column":5}},"line":3}},"branchMap":{"0":{"loc":{"start":{"line":4,"column":15},"end":{"line":4,"column":64}},"type":"cond-expr","locations":[{"start":{"line":4,"column":44},"end":{"line":4,"column":52}},{"start":{"line":4,"column":55},"end":{"line":4,"column":64}}],"line":4},"1":{"loc":{"start":{"line":5,"column":8},"end":{"line":13,"column":9}},"type":"if","locations":[{"start":{"line":5,"column":8},"end":{"line":13,"column":9}},{"start":{"line":5,"column":8},"end":{"line":13,"column":9}}],"line":5},"2":{"loc":{"start":{"line":6,"column":19},"end":{"line":8,"column":78}},"type":"cond-expr","locations":[{"start":{"line":7,"column":17},"end":{"line":7,"column":75}},{"start":{"line":8,"column":19},"end":{"line":8,"column":77}}],"line":6},"3":{"loc":{"start":{"line":7,"column":17},"end":{"line":7,"column":75}},"type":"cond-expr","locations":[{"start":{"line":7,"column":69},"end":{"line":7,"column":71}},{"start":{"line":7,"column":74},"end":{"line":7,"column":75}}],"line":7},"4":{"loc":{"start":{"line":8,"column":19},"end":{"line":8,"column":77}},"type":"cond-expr","locations":[{"start":{"line":8,"column":71},"end":{"line":8,"column":73}},{"start":{"line":8,"column":76},"end":{"line":8,"column":77}}],"line":8},"5":{"loc":{"start":{"line":10,"column":19},"end":{"line":12,"column":50}},"type":"cond-expr","locations":[{"start":{"line":11,"column":17},"end":{"line":11,"column":47}},{"start":{"line":12,"column":19},"end":{"line":12,"column":49}}],"line":10},"6":{"loc":{"start":{"line":11,"column":17},"end":{"line":11,"column":47}},"type":"cond-expr","locations":[{"start":{"line":11,"column":41},"end":{"line":11,"column":43}},{"start":{"line":11,"column":46},"end":{"line":11,"column":47}}],"line":11},"7":{"loc":{"start":{"line":12,"column":19},"end":{"line":12,"column":49}},"type":"cond-expr","locations":[{"start":{"line":12,"column":43},"end":{"line":12,"column":45}},{"start":{"line":12,"column":48},"end":{"line":12,"column":49}}],"line":12}},"s":{"0":2,"1":0,"2":0,"3":0,"4":0,"5":0,"6":0},"f":{"0":0,"1":0},"b":{"0":[0,0],"1":[0,0],"2":[0,0],"3":[0,0],"4":[0,0],"5":[0,0],"6":[0,0],"7":[0,0]},"_coverageSchema":"332fd63041d2c1bcb487cc26dd0d5f7d97098a6c","hash":"fe4f78ce6a64dd28cc1b54a1facd746ab726c8e1"}
,"/home/mafonso/projects/mapigniter3/client/src/i18n.js": {"path":"/home/mafonso/projects/mapigniter3/client/src/i18n.js","statementMap":{"0":{"start":{"line":1,"column":13},"end":{"line":1,"column":75}},"1":{"start":{"line":1,"column":90},"end":{"line":1,"column":108}},"2":{"start":{"line":1,"column":125},"end":{"line":1,"column":157}},"3":{"start":{"line":2,"column":25},"end":{"line":2,"column":55}},"4":{"start":{"line":2,"column":82},"end":{"line":2,"column":124}},"5":{"start":{"line":3,"column":38},"end":{"line":3,"column":81}},"6":{"start":{"line":3,"column":121},"end":{"line":3,"column":176}},"7":{"start":{"line":4,"column":20},"end":{"line":4,"column":44}},"8":{"start":{"line":4,"column":83},"end":{"line":4,"column":137}},"9":{"start":{"line":6,"column":0},"end":{"line":24,"column":20}},"10":{"start":{"line":24,"column":20},"end":{"line":24,"column":56}}},"fnMap":{"0":{"name":"_interopRequireDefault","decl":{"start":{"line":4,"column":54},"end":{"line":4,"column":76}},"loc":{"start":{"line":4,"column":82},"end":{"line":4,"column":138}},"line":4}},"branchMap":{"0":{"loc":{"start":{"line":4,"column":90},"end":{"line":4,"column":136}},"type":"cond-expr","locations":[{"start":{"line":4,"column":114},"end":{"line":4,"column":117}},{"start":{"line":4,"column":120},"end":{"line":4,"column":136}}],"line":4},"1":{"loc":{"start":{"line":4,"column":90},"end":{"line":4,"column":111}},"type":"binary-expr","locations":[{"start":{"line":4,"column":90},"end":{"line":4,"column":93}},{"start":{"line":4,"column":97},"end":{"line":4,"column":111}}],"line":4}},"s":{"0":0,"1":0,"2":0,"3":0,"4":0,"5":0,"6":0,"7":0,"8":0,"9":0,"10":0},"f":{"0":0},"b":{"0":[0,0],"1":[0,0]}}
,"/home/mafonso/projects/mapigniter3/client/src/i18nTest.js": {"path":"/home/mafonso/projects/mapigniter3/client/src/i18nTest.js","statementMap":{"0":{"start":{"line":4,"column":0},"end":{"line":24,"column":5}}},"fnMap":{},"branchMap":{},"s":{"0":3},"f":{},"b":{},"_coverageSchema":"332fd63041d2c1bcb487cc26dd0d5f7d97098a6c","hash":"4f12ce026252f42c6a94e5bd3bb9035ba929fb73"}
,"/home/mafonso/projects/mapigniter3/client/src/index.js": {"path":"/home/mafonso/projects/mapigniter3/client/src/index.js","statementMap":{"0":{"start":{"line":1,"column":32},"end":{"line":1,"column":88}},"1":{"start":{"line":1,"column":102},"end":{"line":1,"column":118}},"2":{"start":{"line":1,"column":133},"end":{"line":1,"column":163}},"3":{"start":{"line":2,"column":16},"end":{"line":2,"column":36}},"4":{"start":{"line":2,"column":54},"end":{"line":2,"column":87}},"5":{"start":{"line":3,"column":28},"end":{"line":3,"column":61}},"6":{"start":{"line":3,"column":91},"end":{"line":3,"column":136}},"7":{"start":{"line":4,"column":0},"end":{"line":4,"column":44}},"8":{"start":{"line":5,"column":12},"end":{"line":5,"column":29}},"9":{"start":{"line":5,"column":43},"end":{"line":5,"column":72}},"10":{"start":{"line":6,"column":0},"end":{"line":6,"column":18}},"11":{"start":{"line":7,"column":29},"end":{"line":7,"column":63}},"12":{"start":{"line":7,"column":94},"end":{"line":7,"column":140}},"13":{"start":{"line":8,"column":14},"end":{"line":8,"column":38}},"14":{"start":{"line":8,"column":54},"end":{"line":8,"column":85}},"15":{"start":{"line":8,"column":124},"end":{"line":8,"column":178}},"16":{"start":{"line":11,"column":0},"end":{"line":11,"column":60}},"17":{"start":{"line":14,"column":0},"end":{"line":14,"column":183}},"18":{"start":{"line":15,"column":0},"end":{"line":15,"column":39}}},"fnMap":{"0":{"name":"_interopRequireDefault","decl":{"start":{"line":8,"column":95},"end":{"line":8,"column":117}},"loc":{"start":{"line":8,"column":123},"end":{"line":8,"column":179}},"line":8}},"branchMap":{"0":{"loc":{"start":{"line":8,"column":131},"end":{"line":8,"column":177}},"type":"cond-expr","locations":[{"start":{"line":8,"column":155},"end":{"line":8,"column":158}},{"start":{"line":8,"column":161},"end":{"line":8,"column":177}}],"line":8},"1":{"loc":{"start":{"line":8,"column":131},"end":{"line":8,"column":152}},"type":"binary-expr","locations":[{"start":{"line":8,"column":131},"end":{"line":8,"column":134}},{"start":{"line":8,"column":138},"end":{"line":8,"column":152}}],"line":8}},"s":{"0":0,"1":0,"2":0,"3":0,"4":0,"5":0,"6":0,"7":0,"8":0,"9":0,"10":0,"11":0,"12":0,"13":0,"14":0,"15":0,"16":0,"17":0,"18":0},"f":{"0":0},"b":{"0":[0,0],"1":[0,0]}}
,"/home/mafonso/projects/mapigniter3/client/src/registerServiceWorker.js": {"path":"/home/mafonso/projects/mapigniter3/client/src/registerServiceWorker.js","statementMap":{"0":{"start":{"line":1,"column":13},"end":{"line":1,"column":75}},"1":{"start":{"line":1,"column":75},"end":{"line":21,"column":9}},"2":{"start":{"line":21,"column":9},"end":{"line":102,"column":24}},"3":{"start":{"line":109,"column":20},"end":{"line":111,"column":89}},"4":{"start":{"line":111,"column":111},"end":{"line":117,"column":36}},"5":{"start":{"line":112,"column":22},"end":{"line":112,"column":70}},"6":{"start":{"line":112,"column":71},"end":{"line":115,"column":14}},"7":{"start":{"line":115,"column":6},"end":{"line":115,"column":13}},"8":{"start":{"line":115,"column":14},"end":{"line":117,"column":35}},"9":{"start":{"line":115,"column":67},"end":{"line":115,"column":112}},"10":{"start":{"line":115,"column":113},"end":{"line":117,"column":32}},"11":{"start":{"line":116,"column":8},"end":{"line":116,"column":39}},"12":{"start":{"line":117,"column":8},"end":{"line":117,"column":31}},"13":{"start":{"line":117,"column":70},"end":{"line":124,"column":156}},"14":{"start":{"line":117,"column":132},"end":{"line":124,"column":68}},"15":{"start":{"line":117,"column":193},"end":{"line":117,"column":216}},"16":{"start":{"line":117,"column":217},"end":{"line":124,"column":66}},"17":{"start":{"line":117,"column":257},"end":{"line":124,"column":64}},"18":{"start":{"line":117,"column":302},"end":{"line":124,"column":63}},"19":{"start":{"line":121,"column":12},"end":{"line":121,"column":69}},"20":{"start":{"line":124,"column":12},"end":{"line":124,"column":62}},"21":{"start":{"line":124,"column":87},"end":{"line":124,"column":153}},"22":{"start":{"line":125,"column":2},"end":{"line":128,"column":126}},"23":{"start":{"line":126,"column":4},"end":{"line":128,"column":30}},"24":{"start":{"line":127,"column":6},"end":{"line":127,"column":127}},"25":{"start":{"line":127,"column":58},"end":{"line":127,"column":124}},"26":{"start":{"line":127,"column":96},"end":{"line":127,"column":121}},"27":{"start":{"line":128,"column":6},"end":{"line":128,"column":29}},"28":{"start":{"line":128,"column":46},"end":{"line":128,"column":123}},"29":{"start":{"line":128,"column":150},"end":{"line":128,"column":267}},"30":{"start":{"line":128,"column":185},"end":{"line":128,"column":266}},"31":{"start":{"line":128,"column":237},"end":{"line":128,"column":263}}},"fnMap":{"0":{"name":"register","decl":{"start":{"line":111,"column":99},"end":{"line":111,"column":107}},"loc":{"start":{"line":111,"column":110},"end":{"line":117,"column":37}},"line":111},"1":{"name":"(anonymous_1)","decl":{"start":{"line":115,"column":46},"end":{"line":115,"column":47}},"loc":{"start":{"line":115,"column":52},"end":{"line":117,"column":33}},"line":115},"2":{"name":"registerValidSW","decl":{"start":{"line":117,"column":46},"end":{"line":117,"column":61}},"loc":{"start":{"line":117,"column":69},"end":{"line":124,"column":157}},"line":117},"3":{"name":"(anonymous_3)","decl":{"start":{"line":117,"column":115},"end":{"line":117,"column":116}},"loc":{"start":{"line":117,"column":131},"end":{"line":124,"column":69}},"line":117},"4":{"name":"(anonymous_4)","decl":{"start":{"line":117,"column":161},"end":{"line":117,"column":162}},"loc":{"start":{"line":117,"column":167},"end":{"line":124,"column":67}},"line":117},"5":{"name":"(anonymous_5)","decl":{"start":{"line":117,"column":250},"end":{"line":117,"column":251}},"loc":{"start":{"line":117,"column":256},"end":{"line":124,"column":65}},"line":117},"6":{"name":"(anonymous_6)","decl":{"start":{"line":124,"column":77},"end":{"line":124,"column":78}},"loc":{"start":{"line":124,"column":86},"end":{"line":124,"column":154}},"line":124},"7":{"name":"checkValidServiceWorker","decl":{"start":{"line":124,"column":166},"end":{"line":124,"column":189}},"loc":{"start":{"line":124,"column":197},"end":{"line":128,"column":127}},"line":124},"8":{"name":"(anonymous_8)","decl":{"start":{"line":125,"column":20},"end":{"line":125,"column":21}},"loc":{"start":{"line":125,"column":32},"end":{"line":128,"column":31}},"line":125},"9":{"name":"(anonymous_9)","decl":{"start":{"line":127,"column":41},"end":{"line":127,"column":42}},"loc":{"start":{"line":127,"column":57},"end":{"line":127,"column":125}},"line":127},"10":{"name":"(anonymous_10)","decl":{"start":{"line":127,"column":89},"end":{"line":127,"column":90}},"loc":{"start":{"line":127,"column":95},"end":{"line":127,"column":122}},"line":127},"11":{"name":"(anonymous_11)","decl":{"start":{"line":128,"column":39},"end":{"line":128,"column":40}},"loc":{"start":{"line":128,"column":45},"end":{"line":128,"column":124}},"line":128},"12":{"name":"unregister","decl":{"start":{"line":128,"column":136},"end":{"line":128,"column":146}},"loc":{"start":{"line":128,"column":149},"end":{"line":128,"column":268}},"line":128},"13":{"name":"(anonymous_13)","decl":{"start":{"line":128,"column":220},"end":{"line":128,"column":221}},"loc":{"start":{"line":128,"column":236},"end":{"line":128,"column":264}},"line":128}},"branchMap":{"0":{"loc":{"start":{"line":109,"column":28},"end":{"line":111,"column":88}},"type":"binary-expr","locations":[{"start":{"line":109,"column":28},"end":{"line":109,"column":68}},{"start":{"line":110,"column":0},"end":{"line":110,"column":36}},{"start":{"line":111,"column":0},"end":{"line":111,"column":88}}],"line":109},"1":{"loc":{"start":{"line":111,"column":111},"end":{"line":117,"column":36}},"type":"if","locations":[{"start":{"line":111,"column":111},"end":{"line":117,"column":36}},{"start":{"line":111,"column":111},"end":{"line":117,"column":36}}],"line":111},"2":{"loc":{"start":{"line":111,"column":115},"end":{"line":111,"column":184}},"type":"binary-expr","locations":[{"start":{"line":111,"column":115},"end":{"line":111,"column":152}},{"start":{"line":111,"column":156},"end":{"line":111,"column":184}}],"line":111},"3":{"loc":{"start":{"line":112,"column":71},"end":{"line":115,"column":14}},"type":"if","locations":[{"start":{"line":112,"column":71},"end":{"line":115,"column":14}},{"start":{"line":112,"column":71},"end":{"line":115,"column":14}}],"line":112},"4":{"loc":{"start":{"line":115,"column":113},"end":{"line":117,"column":32}},"type":"if","locations":[{"start":{"line":115,"column":113},"end":{"line":117,"column":32}},{"start":{"line":115,"column":113},"end":{"line":117,"column":32}}],"line":115},"5":{"loc":{"start":{"line":117,"column":257},"end":{"line":124,"column":64}},"type":"if","locations":[{"start":{"line":117,"column":257},"end":{"line":124,"column":64}},{"start":{"line":117,"column":257},"end":{"line":124,"column":64}}],"line":117},"6":{"loc":{"start":{"line":117,"column":302},"end":{"line":124,"column":63}},"type":"if","locations":[{"start":{"line":117,"column":302},"end":{"line":124,"column":63}},{"start":{"line":117,"column":302},"end":{"line":124,"column":63}}],"line":117},"7":{"loc":{"start":{"line":126,"column":4},"end":{"line":128,"column":30}},"type":"if","locations":[{"start":{"line":126,"column":4},"end":{"line":128,"column":30}},{"start":{"line":126,"column":4},"end":{"line":128,"column":30}}],"line":126},"8":{"loc":{"start":{"line":126,"column":8},"end":{"line":126,"column":100}},"type":"binary-expr","locations":[{"start":{"line":126,"column":8},"end":{"line":126,"column":31}},{"start":{"line":126,"column":35},"end":{"line":126,"column":100}}],"line":126},"9":{"loc":{"start":{"line":128,"column":150},"end":{"line":128,"column":267}},"type":"if","locations":[{"start":{"line":128,"column":150},"end":{"line":128,"column":267}},{"start":{"line":128,"column":150},"end":{"line":128,"column":267}}],"line":128}},"s":{"0":0,"1":0,"2":0,"3":0,"4":0,"5":0,"6":0,"7":0,"8":0,"9":0,"10":0,"11":0,"12":0,"13":0,"14":0,"15":0,"16":0,"17":0,"18":0,"19":0,"20":0,"21":0,"22":0,"23":0,"24":0,"25":0,"26":0,"27":0,"28":0,"29":0,"30":0,"31":0},"f":{"0":0,"1":0,"2":0,"3":0,"4":0,"5":0,"6":0,"7":0,"8":0,"9":0,"10":0,"11":0,"12":0,"13":0},"b":{"0":[0,0,0],"1":[0,0],"2":[0,0],"3":[0,0],"4":[0,0],"5":[0,0],"6":[0,0],"7":[0,0],"8":[0,0],"9":[0,0]}}
,"/home/mafonso/projects/mapigniter3/client/src/server.js": {"path":"/home/mafonso/projects/mapigniter3/client/src/server.js","statementMap":{"0":{"start":{"line":4,"column":16},"end":{"line":4,"column":29}},"1":{"start":{"line":6,"column":32},"end":{"line":19,"column":1}},"2":{"start":{"line":7,"column":19},"end":{"line":17,"column":6}},"3":{"start":{"line":10,"column":31},"end":{"line":10,"column":55}},"4":{"start":{"line":11,"column":12},"end":{"line":15,"column":15}},"5":{"start":{"line":18,"column":4},"end":{"line":18,"column":17}},"6":{"start":{"line":21,"column":12},"end":{"line":39,"column":1}},"7":{"start":{"line":22,"column":20},"end":{"line":22,"column":33}},"8":{"start":{"line":23,"column":4},"end":{"line":38,"column":6}},"9":{"start":{"line":24,"column":8},"end":{"line":37,"column":10}},"10":{"start":{"line":32,"column":21},"end":{"line":32,"column":31}},"11":{"start":{"line":34,"column":12},"end":{"line":34,"column":27}},"12":{"start":{"line":36,"column":12},"end":{"line":36,"column":26}},"13":{"start":{"line":41,"column":13},"end":{"line":61,"column":1}},"14":{"start":{"line":42,"column":20},"end":{"line":42,"column":33}},"15":{"start":{"line":43,"column":4},"end":{"line":60,"column":6}},"16":{"start":{"line":44,"column":24},"end":{"line":46,"column":9}},"17":{"start":{"line":47,"column":8},"end":{"line":47,"column":69}},"18":{"start":{"line":47,"column":25},"end":{"line":47,"column":69}},"19":{"start":{"line":48,"column":8},"end":{"line":59,"column":10}},"20":{"start":{"line":54,"column":21},"end":{"line":54,"column":31}},"21":{"start":{"line":56,"column":12},"end":{"line":56,"column":27}},"22":{"start":{"line":58,"column":12},"end":{"line":58,"column":26}},"23":{"start":{"line":63,"column":15},"end":{"line":82,"column":1}},"24":{"start":{"line":64,"column":20},"end":{"line":64,"column":33}},"25":{"start":{"line":65,"column":4},"end":{"line":81,"column":6}},"26":{"start":{"line":66,"column":8},"end":{"line":80,"column":10}},"27":{"start":{"line":75,"column":21},"end":{"line":75,"column":31}},"28":{"start":{"line":77,"column":12},"end":{"line":77,"column":27}},"29":{"start":{"line":79,"column":12},"end":{"line":79,"column":26}}},"fnMap":{"0":{"name":"(anonymous_0)","decl":{"start":{"line":6,"column":32},"end":{"line":6,"column":33}},"loc":{"start":{"line":6,"column":38},"end":{"line":19,"column":1}},"line":6},"1":{"name":"(anonymous_1)","decl":{"start":{"line":9,"column":17},"end":{"line":9,"column":18}},"loc":{"start":{"line":9,"column":38},"end":{"line":16,"column":9}},"line":9},"2":{"name":"(anonymous_2)","decl":{"start":{"line":21,"column":12},"end":{"line":21,"column":13}},"loc":{"start":{"line":21,"column":21},"end":{"line":39,"column":1}},"line":21},"3":{"name":"(anonymous_3)","decl":{"start":{"line":23,"column":23},"end":{"line":23,"column":24}},"loc":{"start":{"line":23,"column":34},"end":{"line":38,"column":5}},"line":23},"4":{"name":"(anonymous_4)","decl":{"start":{"line":32,"column":14},"end":{"line":32,"column":15}},"loc":{"start":{"line":32,"column":21},"end":{"line":32,"column":31}},"line":32},"5":{"name":"(anonymous_5)","decl":{"start":{"line":33,"column":14},"end":{"line":33,"column":15}},"loc":{"start":{"line":33,"column":26},"end":{"line":35,"column":9}},"line":33},"6":{"name":"(anonymous_6)","decl":{"start":{"line":35,"column":17},"end":{"line":35,"column":18}},"loc":{"start":{"line":35,"column":24},"end":{"line":37,"column":9}},"line":35},"7":{"name":"(anonymous_7)","decl":{"start":{"line":41,"column":13},"end":{"line":41,"column":14}},"loc":{"start":{"line":41,"column":48},"end":{"line":61,"column":1}},"line":41},"8":{"name":"(anonymous_8)","decl":{"start":{"line":43,"column":23},"end":{"line":43,"column":24}},"loc":{"start":{"line":43,"column":34},"end":{"line":60,"column":5}},"line":43},"9":{"name":"(anonymous_9)","decl":{"start":{"line":54,"column":14},"end":{"line":54,"column":15}},"loc":{"start":{"line":54,"column":21},"end":{"line":54,"column":31}},"line":54},"10":{"name":"(anonymous_10)","decl":{"start":{"line":55,"column":14},"end":{"line":55,"column":15}},"loc":{"start":{"line":55,"column":26},"end":{"line":57,"column":9}},"line":55},"11":{"name":"(anonymous_11)","decl":{"start":{"line":57,"column":17},"end":{"line":57,"column":18}},"loc":{"start":{"line":57,"column":24},"end":{"line":59,"column":9}},"line":57},"12":{"name":"(anonymous_12)","decl":{"start":{"line":63,"column":15},"end":{"line":63,"column":16}},"loc":{"start":{"line":63,"column":24},"end":{"line":82,"column":1}},"line":63},"13":{"name":"(anonymous_13)","decl":{"start":{"line":65,"column":23},"end":{"line":65,"column":24}},"loc":{"start":{"line":65,"column":34},"end":{"line":81,"column":5}},"line":65},"14":{"name":"(anonymous_14)","decl":{"start":{"line":75,"column":14},"end":{"line":75,"column":15}},"loc":{"start":{"line":75,"column":21},"end":{"line":75,"column":31}},"line":75},"15":{"name":"(anonymous_15)","decl":{"start":{"line":76,"column":14},"end":{"line":76,"column":15}},"loc":{"start":{"line":76,"column":26},"end":{"line":78,"column":9}},"line":76},"16":{"name":"(anonymous_16)","decl":{"start":{"line":78,"column":17},"end":{"line":78,"column":18}},"loc":{"start":{"line":78,"column":24},"end":{"line":80,"column":9}},"line":78}},"branchMap":{"0":{"loc":{"start":{"line":41,"column":25},"end":{"line":41,"column":43}},"type":"default-arg","locations":[{"start":{"line":41,"column":38},"end":{"line":41,"column":43}}],"line":41},"1":{"loc":{"start":{"line":47,"column":8},"end":{"line":47,"column":69}},"type":"if","locations":[{"start":{"line":47,"column":8},"end":{"line":47,"column":69}},{"start":{"line":47,"column":8},"end":{"line":47,"column":69}}],"line":47},"2":{"loc":{"start":{"line":52,"column":18},"end":{"line":52,"column":58}},"type":"cond-expr","locations":[{"start":{"line":52,"column":31},"end":{"line":52,"column":35}},{"start":{"line":52,"column":38},"end":{"line":52,"column":58}}],"line":52}},"s":{"0":2,"1":2,"2":3,"3":3,"4":3,"5":3,"6":2,"7":0,"8":0,"9":0,"10":0,"11":0,"12":0,"13":2,"14":0,"15":0,"16":0,"17":0,"18":0,"19":0,"20":0,"21":0,"22":0,"23":2,"24":0,"25":0,"26":0,"27":0,"28":0,"29":0},"f":{"0":3,"1":3,"2":0,"3":0,"4":0,"5":0,"6":0,"7":0,"8":0,"9":0,"10":0,"11":0,"12":0,"13":0,"14":0,"15":0,"16":0},"b":{"0":[0],"1":[0,0],"2":[0,0]},"_coverageSchema":"332fd63041d2c1bcb487cc26dd0d5f7d97098a6c","hash":"1fcac0ca2cace700a4747333d19f83cae29bc93b"}
,"/home/mafonso/projects/mapigniter3/client/src/admin/actions.js": {"path":"/home/mafonso/projects/mapigniter3/client/src/admin/actions.js","statementMap":{"0":{"start":{"line":5,"column":22},"end":{"line":20,"column":1}},"1":{"start":{"line":6,"column":19},"end":{"line":6,"column":37}},"2":{"start":{"line":7,"column":18},"end":{"line":7,"column":34}},"3":{"start":{"line":8,"column":4},"end":{"line":19,"column":7}},"4":{"start":{"line":9,"column":8},"end":{"line":18,"column":11}},"5":{"start":{"line":10,"column":12},"end":{"line":10,"column":100}},"6":{"start":{"line":11,"column":12},"end":{"line":11,"column":26}},"7":{"start":{"line":14,"column":12},"end":{"line":16,"column":13}},"8":{"start":{"line":15,"column":16},"end":{"line":15,"column":95}},"9":{"start":{"line":17,"column":12},"end":{"line":17,"column":27}}},"fnMap":{"0":{"name":"(anonymous_0)","decl":{"start":{"line":5,"column":22},"end":{"line":5,"column":23}},"loc":{"start":{"line":5,"column":34},"end":{"line":20,"column":1}},"line":5},"1":{"name":"(anonymous_1)","decl":{"start":{"line":8,"column":23},"end":{"line":8,"column":24}},"loc":{"start":{"line":8,"column":34},"end":{"line":19,"column":5}},"line":8},"2":{"name":"(anonymous_2)","decl":{"start":{"line":9,"column":37},"end":{"line":9,"column":38}},"loc":{"start":{"line":9,"column":42},"end":{"line":12,"column":9}},"line":9},"3":{"name":"(anonymous_3)","decl":{"start":{"line":13,"column":15},"end":{"line":13,"column":16}},"loc":{"start":{"line":13,"column":24},"end":{"line":18,"column":9}},"line":13}},"branchMap":{"0":{"loc":{"start":{"line":14,"column":12},"end":{"line":16,"column":13}},"type":"if","locations":[{"start":{"line":14,"column":12},"end":{"line":16,"column":13}},{"start":{"line":14,"column":12},"end":{"line":16,"column":13}}],"line":14}},"s":{"0":2,"1":3,"2":3,"3":3,"4":3,"5":2,"6":2,"7":1,"8":1,"9":1},"f":{"0":3,"1":3,"2":2,"3":1},"b":{"0":[1,0]},"_coverageSchema":"332fd63041d2c1bcb487cc26dd0d5f7d97098a6c","hash":"48a3c96f305174aed6320e54f5f5af481dd1e588"}
,"/home/mafonso/projects/mapigniter3/client/src/admin/queries.js": {"path":"/home/mafonso/projects/mapigniter3/client/src/admin/queries.js","statementMap":{"0":{"start":{"line":3,"column":24},"end":{"line":13,"column":2}}},"fnMap":{},"branchMap":{},"s":{"0":2},"f":{},"b":{},"_coverageSchema":"332fd63041d2c1bcb487cc26dd0d5f7d97098a6c","hash":"7372c6c7662af363c23dcd899d9ddcf5d053332f"}
,"/home/mafonso/projects/mapigniter3/client/src/admin/components/Dashboard.js": {"path":"/home/mafonso/projects/mapigniter3/client/src/admin/components/Dashboard.js","statementMap":{"0":{"start":{"line":11,"column":8},"end":{"line":11,"column":38}},"1":{"start":{"line":15,"column":24},"end":{"line":15,"column":34}},"2":{"start":{"line":16,"column":8},"end":{"line":16,"column":77}},"3":{"start":{"line":16,"column":33},"end":{"line":16,"column":65}},"4":{"start":{"line":16,"column":66},"end":{"line":16,"column":75}},"5":{"start":{"line":17,"column":8},"end":{"line":45,"column":10}},"6":{"start":{"line":20,"column":20},"end":{"line":42,"column":26}}},"fnMap":{"0":{"name":"(anonymous_0)","decl":{"start":{"line":10,"column":4},"end":{"line":10,"column":5}},"loc":{"start":{"line":10,"column":30},"end":{"line":12,"column":5}},"line":10},"1":{"name":"(anonymous_1)","decl":{"start":{"line":14,"column":4},"end":{"line":14,"column":5}},"loc":{"start":{"line":14,"column":13},"end":{"line":46,"column":5}},"line":14},"2":{"name":"(anonymous_2)","decl":{"start":{"line":16,"column":26},"end":{"line":16,"column":27}},"loc":{"start":{"line":16,"column":31},"end":{"line":16,"column":76}},"line":16},"3":{"name":"(anonymous_3)","decl":{"start":{"line":19,"column":18},"end":{"line":19,"column":19}},"loc":{"start":{"line":20,"column":20},"end":{"line":42,"column":26}},"line":20}},"branchMap":{},"s":{"0":1,"1":1,"2":1,"3":0,"4":0,"5":1,"6":1},"f":{"0":1,"1":1,"2":0,"3":1},"b":{},"_coverageSchema":"332fd63041d2c1bcb487cc26dd0d5f7d97098a6c","hash":"a9d12064d60278b9de1c2eebeb97f93c7a668b19"}
,"/home/mafonso/projects/mapigniter3/client/src/admin/components/Footer.js": {"path":"/home/mafonso/projects/mapigniter3/client/src/admin/components/Footer.js","statementMap":{"0":{"start":{"line":6,"column":8},"end":{"line":15,"column":10}}},"fnMap":{"0":{"name":"(anonymous_0)","decl":{"start":{"line":5,"column":4},"end":{"line":5,"column":5}},"loc":{"start":{"line":5,"column":13},"end":{"line":16,"column":5}},"line":5}},"branchMap":{},"s":{"0":1},"f":{"0":1},"b":{},"_coverageSchema":"332fd63041d2c1bcb487cc26dd0d5f7d97098a6c","hash":"a2a96d9ce046097505d3581b61b45fce4267a5b7"}
,"/home/mafonso/projects/mapigniter3/client/src/admin/components/ImageUpload.js": {"path":"/home/mafonso/projects/mapigniter3/client/src/admin/components/ImageUpload.js","statementMap":{"0":{"start":{"line":7,"column":8},"end":{"line":7,"column":20}},"1":{"start":{"line":8,"column":8},"end":{"line":10,"column":9}},"2":{"start":{"line":14,"column":17},"end":{"line":14,"column":21}},"3":{"start":{"line":14,"column":32},"end":{"line":14,"column":48}},"4":{"start":{"line":15,"column":8},"end":{"line":17,"column":10}},"5":{"start":{"line":16,"column":12},"end":{"line":16,"column":47}},"6":{"start":{"line":18,"column":8},"end":{"line":18,"column":35}},"7":{"start":{"line":22,"column":51},"end":{"line":22,"column":61}},"8":{"start":{"line":23,"column":8},"end":{"line":62,"column":9}},"9":{"start":{"line":24,"column":12},"end":{"line":38,"column":13}},"10":{"start":{"line":31,"column":28},"end":{"line":31,"column":46}},"11":{"start":{"line":32,"column":28},"end":{"line":32,"column":57}},"12":{"start":{"line":33,"column":28},"end":{"line":33,"column":37}},"13":{"start":{"line":40,"column":12},"end":{"line":61,"column":13}},"14":{"start":{"line":48,"column":28},"end":{"line":48,"column":46}},"15":{"start":{"line":49,"column":28},"end":{"line":52,"column":29}},"16":{"start":{"line":50,"column":32},"end":{"line":50,"column":71}},"17":{"start":{"line":51,"column":32},"end":{"line":51,"column":94}}},"fnMap":{"0":{"name":"(anonymous_0)","decl":{"start":{"line":6,"column":4},"end":{"line":6,"column":5}},"loc":{"start":{"line":6,"column":23},"end":{"line":11,"column":5}},"line":6},"1":{"name":"(anonymous_1)","decl":{"start":{"line":13,"column":4},"end":{"line":13,"column":5}},"loc":{"start":{"line":13,"column":26},"end":{"line":19,"column":5}},"line":13},"2":{"name":"(anonymous_2)","decl":{"start":{"line":15,"column":24},"end":{"line":15,"column":25}},"loc":{"start":{"line":15,"column":35},"end":{"line":17,"column":9}},"line":15},"3":{"name":"(anonymous_3)","decl":{"start":{"line":21,"column":4},"end":{"line":21,"column":5}},"loc":{"start":{"line":21,"column":13},"end":{"line":63,"column":5}},"line":21},"4":{"name":"(anonymous_4)","decl":{"start":{"line":30,"column":33},"end":{"line":30,"column":34}},"loc":{"start":{"line":30,"column":40},"end":{"line":34,"column":25}},"line":30},"5":{"name":"(anonymous_5)","decl":{"start":{"line":47,"column":34},"end":{"line":47,"column":35}},"loc":{"start":{"line":47,"column":41},"end":{"line":53,"column":25}},"line":47}},"branchMap":{"0":{"loc":{"start":{"line":23,"column":8},"end":{"line":62,"column":9}},"type":"if","locations":[{"start":{"line":23,"column":8},"end":{"line":62,"column":9}},{"start":{"line":23,"column":8},"end":{"line":62,"column":9}}],"line":23},"1":{"loc":{"start":{"line":23,"column":12},"end":{"line":23,"column":35}},"type":"binary-expr","locations":[{"start":{"line":23,"column":12},"end":{"line":23,"column":15}},{"start":{"line":23,"column":19},"end":{"line":23,"column":35}}],"line":23},"2":{"loc":{"start":{"line":27,"column":29},"end":{"line":27,"column":70}},"type":"cond-expr","locations":[{"start":{"line":27,"column":48},"end":{"line":27,"column":64}},{"start":{"line":27,"column":67},"end":{"line":27,"column":70}}],"line":27},"3":{"loc":{"start":{"line":49,"column":28},"end":{"line":52,"column":29}},"type":"if","locations":[{"start":{"line":49,"column":28},"end":{"line":52,"column":29}},{"start":{"line":49,"column":28},"end":{"line":52,"column":29}}],"line":49}},"s":{"0":0,"1":0,"2":0,"3":0,"4":0,"5":0,"6":0,"7":0,"8":0,"9":0,"10":0,"11":0,"12":0,"13":0,"14":0,"15":0,"16":0,"17":0},"f":{"0":0,"1":0,"2":0,"3":0,"4":0,"5":0},"b":{"0":[0,0],"1":[0,0],"2":[0,0],"3":[0,0]},"_coverageSchema":"332fd63041d2c1bcb487cc26dd0d5f7d97098a6c","hash":"58c582581a7d81e9e05aaac3e0d457b746819f42"}
,"/home/mafonso/projects/mapigniter3/client/src/admin/components/Layout.js": {"path":"/home/mafonso/projects/mapigniter3/client/src/admin/components/Layout.js","statementMap":{"0":{"start":{"line":21,"column":25},"end":{"line":21,"column":35}},"1":{"start":{"line":22,"column":8},"end":{"line":42,"column":10}}},"fnMap":{"0":{"name":"(anonymous_0)","decl":{"start":{"line":20,"column":4},"end":{"line":20,"column":5}},"loc":{"start":{"line":20,"column":13},"end":{"line":43,"column":5}},"line":20}},"branchMap":{},"s":{"0":1,"1":1},"f":{"0":1},"b":{},"_coverageSchema":"332fd63041d2c1bcb487cc26dd0d5f7d97098a6c","hash":"b18b33453cc48842187e555ec13bddf421b9eefb"}
,"/home/mafonso/projects/mapigniter3/client/src/admin/components/Logout.js": {"path":"/home/mafonso/projects/mapigniter3/client/src/admin/components/Logout.js","statementMap":{"0":{"start":{"line":10,"column":37},"end":{"line":10,"column":47}},"1":{"start":{"line":11,"column":8},"end":{"line":11,"column":36}},"2":{"start":{"line":12,"column":8},"end":{"line":12,"column":37}},"3":{"start":{"line":13,"column":8},"end":{"line":13,"column":38}},"4":{"start":{"line":14,"column":8},"end":{"line":14,"column":31}},"5":{"start":{"line":15,"column":8},"end":{"line":15,"column":26}},"6":{"start":{"line":19,"column":8},"end":{"line":19,"column":23}}},"fnMap":{"0":{"name":"(anonymous_0)","decl":{"start":{"line":9,"column":4},"end":{"line":9,"column":5}},"loc":{"start":{"line":9,"column":30},"end":{"line":16,"column":5}},"line":9},"1":{"name":"(anonymous_1)","decl":{"start":{"line":18,"column":4},"end":{"line":18,"column":5}},"loc":{"start":{"line":18,"column":13},"end":{"line":20,"column":5}},"line":18}},"branchMap":{},"s":{"0":0,"1":0,"2":0,"3":0,"4":0,"5":0,"6":0},"f":{"0":0,"1":0},"b":{},"_coverageSchema":"332fd63041d2c1bcb487cc26dd0d5f7d97098a6c","hash":"4a84a948e062541483da06c675a92aeeadd0521e"}
,"/home/mafonso/projects/mapigniter3/client/src/admin/components/TopMenu.js": {"path":"/home/mafonso/projects/mapigniter3/client/src/admin/components/TopMenu.js","statementMap":{"0":{"start":{"line":11,"column":8},"end":{"line":69,"column":10}},"1":{"start":{"line":14,"column":20},"end":{"line":66,"column":27}},"2":{"start":{"line":42,"column":60},"end":{"line":42,"column":85}},"3":{"start":{"line":45,"column":60},"end":{"line":45,"column":85}}},"fnMap":{"0":{"name":"(anonymous_0)","decl":{"start":{"line":10,"column":4},"end":{"line":10,"column":5}},"loc":{"start":{"line":10,"column":13},"end":{"line":70,"column":5}},"line":10},"1":{"name":"(anonymous_1)","decl":{"start":{"line":13,"column":18},"end":{"line":13,"column":19}},"loc":{"start":{"line":14,"column":20},"end":{"line":66,"column":27}},"line":14},"2":{"name":"(anonymous_2)","decl":{"start":{"line":42,"column":54},"end":{"line":42,"column":55}},"loc":{"start":{"line":42,"column":60},"end":{"line":42,"column":85}},"line":42},"3":{"name":"(anonymous_3)","decl":{"start":{"line":45,"column":54},"end":{"line":45,"column":55}},"loc":{"start":{"line":45,"column":60},"end":{"line":45,"column":85}},"line":45}},"branchMap":{"0":{"loc":{"start":{"line":49,"column":30},"end":{"line":53,"column":29}},"type":"binary-expr","locations":[{"start":{"line":49,"column":30},"end":{"line":49,"column":46}},{"start":{"line":50,"column":32},"end":{"line":52,"column":44}}],"line":49},"1":{"loc":{"start":{"line":54,"column":30},"end":{"line":58,"column":29}},"type":"binary-expr","locations":[{"start":{"line":54,"column":30},"end":{"line":54,"column":45}},{"start":{"line":55,"column":32},"end":{"line":57,"column":44}}],"line":54},"2":{"loc":{"start":{"line":59,"column":30},"end":{"line":63,"column":29}},"type":"binary-expr","locations":[{"start":{"line":59,"column":30},"end":{"line":59,"column":45}},{"start":{"line":60,"column":32},"end":{"line":62,"column":44}}],"line":59}},"s":{"0":1,"1":1,"2":0,"3":0},"f":{"0":1,"1":1,"2":0,"3":0},"b":{"0":[1,1],"1":[1,0],"2":[1,0]},"_coverageSchema":"332fd63041d2c1bcb487cc26dd0d5f7d97098a6c","hash":"2a176ecc9fbdaa318dec7c65edc39a465406fcdd"}
,"/home/mafonso/projects/mapigniter3/client/src/admin/components/Wait.js": {"path":"/home/mafonso/projects/mapigniter3/client/src/admin/components/Wait.js","statementMap":{"0":{"start":{"line":6,"column":8},"end":{"line":15,"column":10}}},"fnMap":{"0":{"name":"(anonymous_0)","decl":{"start":{"line":5,"column":4},"end":{"line":5,"column":5}},"loc":{"start":{"line":5,"column":13},"end":{"line":16,"column":5}},"line":5}},"branchMap":{},"s":{"0":0},"f":{"0":0},"b":{},"_coverageSchema":"332fd63041d2c1bcb487cc26dd0d5f7d97098a6c","hash":"17dc4659660d7563fa34ac922a8f28778c00bd20"}
,"/home/mafonso/projects/mapigniter3/client/src/admin/components/Wysiwyg.js": {"path":"/home/mafonso/projects/mapigniter3/client/src/admin/components/Wysiwyg.js","statementMap":{"0":{"start":{"line":8,"column":0},"end":{"line":8,"column":13}},"1":{"start":{"line":13,"column":8},"end":{"line":13,"column":21}},"2":{"start":{"line":16,"column":8},"end":{"line":18,"column":10}},"3":{"start":{"line":19,"column":8},"end":{"line":22,"column":10}},"4":{"start":{"line":26,"column":8},"end":{"line":28,"column":11}},"5":{"start":{"line":29,"column":8},"end":{"line":29,"column":35}},"6":{"start":{"line":33,"column":8},"end":{"line":37,"column":10}}},"fnMap":{"0":{"name":"(anonymous_0)","decl":{"start":{"line":12,"column":4},"end":{"line":12,"column":5}},"loc":{"start":{"line":12,"column":23},"end":{"line":23,"column":5}},"line":12},"1":{"name":"(anonymous_1)","decl":{"start":{"line":25,"column":4},"end":{"line":25,"column":5}},"loc":{"start":{"line":25,"column":29},"end":{"line":30,"column":5}},"line":25},"2":{"name":"(anonymous_2)","decl":{"start":{"line":32,"column":4},"end":{"line":32,"column":5}},"loc":{"start":{"line":32,"column":13},"end":{"line":38,"column":5}},"line":32}},"branchMap":{},"s":{"0":2,"1":0,"2":0,"3":0,"4":0,"5":0,"6":0},"f":{"0":0,"1":0,"2":0},"b":{},"_coverageSchema":"332fd63041d2c1bcb487cc26dd0d5f7d97098a6c","hash":"e2032f406220c3e8823b1e59312735c470006f5a"}
,"/home/mafonso/projects/mapigniter3/client/src/admin/layers/actions.js": {"path":"/home/mafonso/projects/mapigniter3/client/src/admin/layers/actions.js","statementMap":{"0":{"start":{"line":9,"column":14},"end":{"line":13,"column":1}},"1":{"start":{"line":15,"column":15},"end":{"line":24,"column":1}},"2":{"start":{"line":16,"column":19},"end":{"line":16,"column":37}},"3":{"start":{"line":17,"column":18},"end":{"line":17,"column":38}},"4":{"start":{"line":18,"column":4},"end":{"line":23,"column":6}},"5":{"start":{"line":19,"column":8},"end":{"line":19,"column":83}},"6":{"start":{"line":22,"column":8},"end":{"line":22,"column":86}},"7":{"start":{"line":26,"column":20},"end":{"line":74,"column":1}},"8":{"start":{"line":27,"column":17},"end":{"line":68,"column":5}},"9":{"start":{"line":69,"column":4},"end":{"line":69,"column":23}},"10":{"start":{"line":70,"column":4},"end":{"line":70,"column":26}},"11":{"start":{"line":71,"column":4},"end":{"line":73,"column":10}},"12":{"start":{"line":72,"column":8},"end":{"line":72,"column":58}},"13":{"start":{"line":76,"column":17},"end":{"line":91,"column":1}},"14":{"start":{"line":77,"column":4},"end":{"line":77,"column":22}},"15":{"start":{"line":78,"column":4},"end":{"line":78,"column":28}},"16":{"start":{"line":79,"column":4},"end":{"line":79,"column":34}},"17":{"start":{"line":79,"column":13},"end":{"line":79,"column":34}},"18":{"start":{"line":80,"column":4},"end":{"line":80,"column":23}},"19":{"start":{"line":81,"column":4},"end":{"line":81,"column":26}},"20":{"start":{"line":83,"column":19},"end":{"line":83,"column":37}},"21":{"start":{"line":84,"column":18},"end":{"line":84,"column":38}},"22":{"start":{"line":85,"column":4},"end":{"line":90,"column":6}},"23":{"start":{"line":86,"column":8},"end":{"line":86,"column":81}},"24":{"start":{"line":89,"column":8},"end":{"line":89,"column":86}},"25":{"start":{"line":93,"column":15},"end":{"line":112,"column":1}},"26":{"start":{"line":94,"column":4},"end":{"line":111,"column":7}},"27":{"start":{"line":95,"column":34},"end":{"line":95,"column":57}},"28":{"start":{"line":96,"column":23},"end":{"line":96,"column":41}},"29":{"start":{"line":97,"column":8},"end":{"line":98,"column":37}},"30":{"start":{"line":97,"column":21},"end":{"line":97,"column":48}},"31":{"start":{"line":98,"column":13},"end":{"line":98,"column":37}},"32":{"start":{"line":99,"column":8},"end":{"line":110,"column":10}},"33":{"start":{"line":100,"column":12},"end":{"line":100,"column":87}},"34":{"start":{"line":101,"column":12},"end":{"line":101,"column":48}},"35":{"start":{"line":102,"column":12},"end":{"line":102,"column":25}},"36":{"start":{"line":103,"column":12},"end":{"line":103,"column":95}},"37":{"start":{"line":103,"column":29},"end":{"line":103,"column":95}},"38":{"start":{"line":104,"column":12},"end":{"line":104,"column":105}},"39":{"start":{"line":104,"column":32},"end":{"line":104,"column":105}},"40":{"start":{"line":105,"column":12},"end":{"line":105,"column":27}},"41":{"start":{"line":108,"column":12},"end":{"line":108,"column":90}},"42":{"start":{"line":109,"column":12},"end":{"line":109,"column":26}},"43":{"start":{"line":114,"column":19},"end":{"line":123,"column":1}},"44":{"start":{"line":115,"column":19},"end":{"line":115,"column":37}},"45":{"start":{"line":116,"column":4},"end":{"line":122,"column":6}},"46":{"start":{"line":117,"column":8},"end":{"line":117,"column":47}},"47":{"start":{"line":118,"column":8},"end":{"line":118,"column":22}},"48":{"start":{"line":121,"column":8},"end":{"line":121,"column":86}},"49":{"start":{"line":125,"column":24},"end":{"line":134,"column":1}},"50":{"start":{"line":126,"column":19},"end":{"line":126,"column":37}},"51":{"start":{"line":127,"column":18},"end":{"line":127,"column":51}},"52":{"start":{"line":128,"column":4},"end":{"line":133,"column":7}},"53":{"start":{"line":129,"column":8},"end":{"line":129,"column":58}},"54":{"start":{"line":132,"column":8},"end":{"line":132,"column":70}},"55":{"start":{"line":136,"column":30},"end":{"line":145,"column":1}},"56":{"start":{"line":137,"column":19},"end":{"line":137,"column":37}},"57":{"start":{"line":138,"column":18},"end":{"line":138,"column":53}},"58":{"start":{"line":139,"column":4},"end":{"line":144,"column":7}},"59":{"start":{"line":140,"column":8},"end":{"line":140,"column":65}},"60":{"start":{"line":143,"column":8},"end":{"line":143,"column":70}},"61":{"start":{"line":147,"column":23},"end":{"line":157,"column":1}},"62":{"start":{"line":148,"column":14},"end":{"line":148,"column":80}},"63":{"start":{"line":148,"column":33},"end":{"line":148,"column":71}},"64":{"start":{"line":149,"column":17},"end":{"line":149,"column":40}},"65":{"start":{"line":150,"column":16},"end":{"line":150,"column":71}},"66":{"start":{"line":151,"column":19},"end":{"line":151,"column":47}},"67":{"start":{"line":152,"column":4},"end":{"line":152,"column":19}},"68":{"start":{"line":153,"column":4},"end":{"line":153,"column":57}},"69":{"start":{"line":154,"column":4},"end":{"line":156,"column":49}},"70":{"start":{"line":155,"column":8},"end":{"line":155,"column":58}},"71":{"start":{"line":156,"column":11},"end":{"line":156,"column":49}},"72":{"start":{"line":159,"column":27},"end":{"line":191,"column":1}},"73":{"start":{"line":160,"column":14},"end":{"line":160,"column":80}},"74":{"start":{"line":160,"column":33},"end":{"line":160,"column":71}},"75":{"start":{"line":161,"column":17},"end":{"line":161,"column":40}},"76":{"start":{"line":162,"column":16},"end":{"line":162,"column":75}},"77":{"start":{"line":163,"column":4},"end":{"line":190,"column":7}},"78":{"start":{"line":168,"column":22},"end":{"line":168,"column":37}},"79":{"start":{"line":170,"column":8},"end":{"line":170,"column":23}},"80":{"start":{"line":171,"column":8},"end":{"line":185,"column":9}},"81":{"start":{"line":172,"column":12},"end":{"line":172,"column":65}},"82":{"start":{"line":173,"column":27},"end":{"line":173,"column":50}},"83":{"start":{"line":174,"column":33},"end":{"line":174,"column":52}},"84":{"start":{"line":175,"column":12},"end":{"line":184,"column":13}},"85":{"start":{"line":176,"column":30},"end":{"line":178,"column":18}},"86":{"start":{"line":177,"column":20},"end":{"line":177,"column":82}},"87":{"start":{"line":179,"column":16},"end":{"line":183,"column":19}},"88":{"start":{"line":186,"column":8},"end":{"line":186,"column":60}},"89":{"start":{"line":188,"column":8},"end":{"line":188,"column":23}},"90":{"start":{"line":189,"column":8},"end":{"line":189,"column":60}},"91":{"start":{"line":193,"column":27},"end":{"line":228,"column":1}},"92":{"start":{"line":194,"column":14},"end":{"line":194,"column":80}},"93":{"start":{"line":194,"column":33},"end":{"line":194,"column":71}},"94":{"start":{"line":195,"column":17},"end":{"line":195,"column":40}},"95":{"start":{"line":196,"column":16},"end":{"line":196,"column":75}},"96":{"start":{"line":197,"column":4},"end":{"line":227,"column":7}},"97":{"start":{"line":202,"column":22},"end":{"line":202,"column":37}},"98":{"start":{"line":204,"column":8},"end":{"line":204,"column":23}},"99":{"start":{"line":205,"column":8},"end":{"line":223,"column":67}},"100":{"start":{"line":206,"column":12},"end":{"line":206,"column":65}},"101":{"start":{"line":207,"column":30},"end":{"line":207,"column":48}},"102":{"start":{"line":208,"column":12},"end":{"line":222,"column":15}},"103":{"start":{"line":209,"column":16},"end":{"line":221,"column":17}},"104":{"start":{"line":210,"column":34},"end":{"line":217,"column":22}},"105":{"start":{"line":211,"column":24},"end":{"line":216,"column":25}},"106":{"start":{"line":218,"column":20},"end":{"line":218,"column":66}},"107":{"start":{"line":220,"column":20},"end":{"line":220,"column":72}},"108":{"start":{"line":223,"column":15},"end":{"line":223,"column":67}},"109":{"start":{"line":225,"column":8},"end":{"line":225,"column":23}},"110":{"start":{"line":226,"column":8},"end":{"line":226,"column":61}},"111":{"start":{"line":230,"column":19},"end":{"line":251,"column":1}},"112":{"start":{"line":231,"column":16},"end":{"line":232,"column":51}},"113":{"start":{"line":233,"column":21},"end":{"line":233,"column":35}},"114":{"start":{"line":234,"column":4},"end":{"line":234,"column":34}},"115":{"start":{"line":235,"column":4},"end":{"line":235,"column":57}},"116":{"start":{"line":236,"column":19},"end":{"line":236,"column":57}},"117":{"start":{"line":237,"column":18},"end":{"line":237,"column":41}},"118":{"start":{"line":238,"column":4},"end":{"line":250,"column":5}},"119":{"start":{"line":239,"column":8},"end":{"line":245,"column":11}},"120":{"start":{"line":246,"column":8},"end":{"line":246,"column":19}},"121":{"start":{"line":248,"column":8},"end":{"line":248,"column":68}},"122":{"start":{"line":249,"column":8},"end":{"line":249,"column":20}},"123":{"start":{"line":253,"column":16},"end":{"line":261,"column":1}},"124":{"start":{"line":254,"column":18},"end":{"line":254,"column":42}},"125":{"start":{"line":255,"column":18},"end":{"line":255,"column":42}},"126":{"start":{"line":256,"column":4},"end":{"line":260,"column":7}}},"fnMap":{"0":{"name":"(anonymous_0)","decl":{"start":{"line":15,"column":15},"end":{"line":15,"column":16}},"loc":{"start":{"line":15,"column":27},"end":{"line":24,"column":1}},"line":15},"1":{"name":"(anonymous_1)","decl":{"start":{"line":18,"column":33},"end":{"line":18,"column":34}},"loc":{"start":{"line":18,"column":38},"end":{"line":20,"column":5}},"line":18},"2":{"name":"(anonymous_2)","decl":{"start":{"line":21,"column":11},"end":{"line":21,"column":12}},"loc":{"start":{"line":21,"column":20},"end":{"line":23,"column":5}},"line":21},"3":{"name":"(anonymous_3)","decl":{"start":{"line":26,"column":20},"end":{"line":26,"column":21}},"loc":{"start":{"line":26,"column":26},"end":{"line":74,"column":1}},"line":26},"4":{"name":"(anonymous_4)","decl":{"start":{"line":71,"column":15},"end":{"line":71,"column":16}},"loc":{"start":{"line":71,"column":21},"end":{"line":73,"column":5}},"line":71},"5":{"name":"(anonymous_5)","decl":{"start":{"line":76,"column":17},"end":{"line":76,"column":18}},"loc":{"start":{"line":76,"column":39},"end":{"line":91,"column":1}},"line":76},"6":{"name":"(anonymous_6)","decl":{"start":{"line":85,"column":52},"end":{"line":85,"column":53}},"loc":{"start":{"line":85,"column":57},"end":{"line":87,"column":5}},"line":85},"7":{"name":"(anonymous_7)","decl":{"start":{"line":88,"column":11},"end":{"line":88,"column":12}},"loc":{"start":{"line":88,"column":20},"end":{"line":90,"column":5}},"line":88},"8":{"name":"(anonymous_8)","decl":{"start":{"line":93,"column":15},"end":{"line":93,"column":16}},"loc":{"start":{"line":93,"column":27},"end":{"line":112,"column":1}},"line":93},"9":{"name":"(anonymous_9)","decl":{"start":{"line":94,"column":23},"end":{"line":94,"column":24}},"loc":{"start":{"line":94,"column":34},"end":{"line":111,"column":5}},"line":94},"10":{"name":"(anonymous_10)","decl":{"start":{"line":99,"column":65},"end":{"line":99,"column":66}},"loc":{"start":{"line":99,"column":78},"end":{"line":106,"column":9}},"line":99},"11":{"name":"(anonymous_11)","decl":{"start":{"line":107,"column":15},"end":{"line":107,"column":16}},"loc":{"start":{"line":107,"column":24},"end":{"line":110,"column":9}},"line":107},"12":{"name":"(anonymous_12)","decl":{"start":{"line":114,"column":19},"end":{"line":114,"column":20}},"loc":{"start":{"line":114,"column":35},"end":{"line":123,"column":1}},"line":114},"13":{"name":"(anonymous_13)","decl":{"start":{"line":116,"column":84},"end":{"line":116,"column":85}},"loc":{"start":{"line":116,"column":97},"end":{"line":119,"column":5}},"line":116},"14":{"name":"(anonymous_14)","decl":{"start":{"line":120,"column":11},"end":{"line":120,"column":12}},"loc":{"start":{"line":120,"column":20},"end":{"line":122,"column":5}},"line":120},"15":{"name":"(anonymous_15)","decl":{"start":{"line":125,"column":24},"end":{"line":125,"column":25}},"loc":{"start":{"line":125,"column":36},"end":{"line":134,"column":1}},"line":125},"16":{"name":"(anonymous_16)","decl":{"start":{"line":128,"column":33},"end":{"line":128,"column":34}},"loc":{"start":{"line":128,"column":38},"end":{"line":130,"column":5}},"line":128},"17":{"name":"(anonymous_17)","decl":{"start":{"line":131,"column":11},"end":{"line":131,"column":12}},"loc":{"start":{"line":131,"column":20},"end":{"line":133,"column":5}},"line":131},"18":{"name":"(anonymous_18)","decl":{"start":{"line":136,"column":30},"end":{"line":136,"column":31}},"loc":{"start":{"line":136,"column":42},"end":{"line":145,"column":1}},"line":136},"19":{"name":"(anonymous_19)","decl":{"start":{"line":139,"column":33},"end":{"line":139,"column":34}},"loc":{"start":{"line":139,"column":38},"end":{"line":141,"column":5}},"line":139},"20":{"name":"(anonymous_20)","decl":{"start":{"line":142,"column":11},"end":{"line":142,"column":12}},"loc":{"start":{"line":142,"column":20},"end":{"line":144,"column":5}},"line":142},"21":{"name":"(anonymous_21)","decl":{"start":{"line":147,"column":23},"end":{"line":147,"column":24}},"loc":{"start":{"line":147,"column":35},"end":{"line":157,"column":1}},"line":147},"22":{"name":"(anonymous_22)","decl":{"start":{"line":148,"column":25},"end":{"line":148,"column":26}},"loc":{"start":{"line":148,"column":31},"end":{"line":148,"column":73}},"line":148},"23":{"name":"(anonymous_23)","decl":{"start":{"line":159,"column":27},"end":{"line":159,"column":28}},"loc":{"start":{"line":159,"column":39},"end":{"line":191,"column":1}},"line":159},"24":{"name":"(anonymous_24)","decl":{"start":{"line":160,"column":25},"end":{"line":160,"column":26}},"loc":{"start":{"line":160,"column":31},"end":{"line":160,"column":73}},"line":160},"25":{"name":"(anonymous_25)","decl":{"start":{"line":168,"column":10},"end":{"line":168,"column":11}},"loc":{"start":{"line":168,"column":22},"end":{"line":168,"column":37}},"line":168},"26":{"name":"(anonymous_26)","decl":{"start":{"line":169,"column":10},"end":{"line":169,"column":11}},"loc":{"start":{"line":169,"column":22},"end":{"line":187,"column":5}},"line":169},"27":{"name":"(anonymous_27)","decl":{"start":{"line":176,"column":70},"end":{"line":176,"column":71}},"loc":{"start":{"line":176,"column":75},"end":{"line":178,"column":17}},"line":176},"28":{"name":"(anonymous_28)","decl":{"start":{"line":187,"column":13},"end":{"line":187,"column":14}},"loc":{"start":{"line":187,"column":20},"end":{"line":190,"column":5}},"line":187},"29":{"name":"(anonymous_29)","decl":{"start":{"line":193,"column":27},"end":{"line":193,"column":28}},"loc":{"start":{"line":193,"column":39},"end":{"line":228,"column":1}},"line":193},"30":{"name":"(anonymous_30)","decl":{"start":{"line":194,"column":25},"end":{"line":194,"column":26}},"loc":{"start":{"line":194,"column":31},"end":{"line":194,"column":73}},"line":194},"31":{"name":"(anonymous_31)","decl":{"start":{"line":202,"column":10},"end":{"line":202,"column":11}},"loc":{"start":{"line":202,"column":22},"end":{"line":202,"column":37}},"line":202},"32":{"name":"(anonymous_32)","decl":{"start":{"line":203,"column":10},"end":{"line":203,"column":11}},"loc":{"start":{"line":203,"column":22},"end":{"line":224,"column":5}},"line":203},"33":{"name":"(anonymous_33)","decl":{"start":{"line":208,"column":32},"end":{"line":208,"column":33}},"loc":{"start":{"line":208,"column":50},"end":{"line":222,"column":13}},"line":208},"34":{"name":"(anonymous_34)","decl":{"start":{"line":210,"column":88},"end":{"line":210,"column":89}},"loc":{"start":{"line":210,"column":93},"end":{"line":217,"column":21}},"line":210},"35":{"name":"(anonymous_35)","decl":{"start":{"line":224,"column":13},"end":{"line":224,"column":14}},"loc":{"start":{"line":224,"column":20},"end":{"line":227,"column":5}},"line":224},"36":{"name":"(anonymous_36)","decl":{"start":{"line":230,"column":19},"end":{"line":230,"column":20}},"loc":{"start":{"line":230,"column":52},"end":{"line":251,"column":1}},"line":230},"37":{"name":"(anonymous_37)","decl":{"start":{"line":253,"column":16},"end":{"line":253,"column":17}},"loc":{"start":{"line":253,"column":28},"end":{"line":261,"column":1}},"line":253}},"branchMap":{"0":{"loc":{"start":{"line":76,"column":24},"end":{"line":76,"column":34}},"type":"default-arg","locations":[{"start":{"line":76,"column":29},"end":{"line":76,"column":34}}],"line":76},"1":{"loc":{"start":{"line":79,"column":4},"end":{"line":79,"column":34}},"type":"if","locations":[{"start":{"line":79,"column":4},"end":{"line":79,"column":34}},{"start":{"line":79,"column":4},"end":{"line":79,"column":34}}],"line":79},"2":{"loc":{"start":{"line":97,"column":8},"end":{"line":98,"column":37}},"type":"if","locations":[{"start":{"line":97,"column":8},"end":{"line":98,"column":37}},{"start":{"line":97,"column":8},"end":{"line":98,"column":37}}],"line":97},"3":{"loc":{"start":{"line":100,"column":39},"end":{"line":100,"column":85}},"type":"cond-expr","locations":[{"start":{"line":100,"column":49},"end":{"line":100,"column":67}},{"start":{"line":100,"column":70},"end":{"line":100,"column":85}}],"line":100},"4":{"loc":{"start":{"line":103,"column":12},"end":{"line":103,"column":95}},"type":"if","locations":[{"start":{"line":103,"column":12},"end":{"line":103,"column":95}},{"start":{"line":103,"column":12},"end":{"line":103,"column":95}}],"line":103},"5":{"loc":{"start":{"line":103,"column":38},"end":{"line":103,"column":95}},"type":"binary-expr","locations":[{"start":{"line":103,"column":38},"end":{"line":103,"column":44}},{"start":{"line":103,"column":48},"end":{"line":103,"column":95}}],"line":103},"6":{"loc":{"start":{"line":104,"column":12},"end":{"line":104,"column":105}},"type":"if","locations":[{"start":{"line":104,"column":12},"end":{"line":104,"column":105}},{"start":{"line":104,"column":12},"end":{"line":104,"column":105}}],"line":104},"7":{"loc":{"start":{"line":104,"column":41},"end":{"line":104,"column":105}},"type":"binary-expr","locations":[{"start":{"line":104,"column":41},"end":{"line":104,"column":47}},{"start":{"line":104,"column":51},"end":{"line":104,"column":105}}],"line":104},"8":{"loc":{"start":{"line":154,"column":4},"end":{"line":156,"column":49}},"type":"if","locations":[{"start":{"line":154,"column":4},"end":{"line":156,"column":49}},{"start":{"line":154,"column":4},"end":{"line":156,"column":49}}],"line":154},"9":{"loc":{"start":{"line":154,"column":8},"end":{"line":154,"column":32}},"type":"binary-expr","locations":[{"start":{"line":154,"column":8},"end":{"line":154,"column":14}},{"start":{"line":154,"column":18},"end":{"line":154,"column":32}}],"line":154},"10":{"loc":{"start":{"line":171,"column":8},"end":{"line":185,"column":9}},"type":"if","locations":[{"start":{"line":171,"column":8},"end":{"line":185,"column":9}},{"start":{"line":171,"column":8},"end":{"line":185,"column":9}}],"line":171},"11":{"loc":{"start":{"line":175,"column":12},"end":{"line":184,"column":13}},"type":"if","locations":[{"start":{"line":175,"column":12},"end":{"line":184,"column":13}},{"start":{"line":175,"column":12},"end":{"line":184,"column":13}}],"line":175},"12":{"loc":{"start":{"line":175,"column":16},"end":{"line":175,"column":67}},"type":"binary-expr","locations":[{"start":{"line":175,"column":16},"end":{"line":175,"column":28}},{"start":{"line":175,"column":32},"end":{"line":175,"column":67}}],"line":175},"13":{"loc":{"start":{"line":205,"column":8},"end":{"line":223,"column":67}},"type":"if","locations":[{"start":{"line":205,"column":8},"end":{"line":223,"column":67}},{"start":{"line":205,"column":8},"end":{"line":223,"column":67}}],"line":205},"14":{"loc":{"start":{"line":209,"column":16},"end":{"line":221,"column":17}},"type":"if","locations":[{"start":{"line":209,"column":16},"end":{"line":221,"column":17}},{"start":{"line":209,"column":16},"end":{"line":221,"column":17}}],"line":209},"15":{"loc":{"start":{"line":209,"column":20},"end":{"line":209,"column":62}},"type":"binary-expr","locations":[{"start":{"line":209,"column":20},"end":{"line":209,"column":24}},{"start":{"line":209,"column":28},"end":{"line":209,"column":62}}],"line":209},"16":{"loc":{"start":{"line":238,"column":4},"end":{"line":250,"column":5}},"type":"if","locations":[{"start":{"line":238,"column":4},"end":{"line":250,"column":5}},{"start":{"line":238,"column":4},"end":{"line":250,"column":5}}],"line":238},"17":{"loc":{"start":{"line":238,"column":8},"end":{"line":238,"column":32}},"type":"binary-expr","locations":[{"start":{"line":238,"column":8},"end":{"line":238,"column":14}},{"start":{"line":238,"column":18},"end":{"line":238,"column":32}}],"line":238},"18":{"loc":{"start":{"line":258,"column":15},"end":{"line":259,"column":25}},"type":"cond-expr","locations":[{"start":{"line":258,"column":59},"end":{"line":258,"column":71}},{"start":{"line":259,"column":14},"end":{"line":259,"column":25}}],"line":258},"19":{"loc":{"start":{"line":258,"column":15},"end":{"line":258,"column":56}},"type":"binary-expr","locations":[{"start":{"line":258,"column":15},"end":{"line":258,"column":31}},{"start":{"line":258,"column":35},"end":{"line":258,"column":56}}],"line":258}},"s":{"0":2,"1":2,"2":0,"3":0,"4":0,"5":0,"6":0,"7":2,"8":0,"9":0,"10":0,"11":0,"12":0,"13":2,"14":0,"15":0,"16":0,"17":0,"18":0,"19":0,"20":0,"21":0,"22":0,"23":0,"24":0,"25":2,"26":0,"27":0,"28":0,"29":0,"30":0,"31":0,"32":0,"33":0,"34":0,"35":0,"36":0,"37":0,"38":0,"39":0,"40":0,"41":0,"42":0,"43":2,"44":0,"45":0,"46":0,"47":0,"48":0,"49":2,"50":0,"51":0,"52":0,"53":0,"54":0,"55":2,"56":0,"57":0,"58":0,"59":0,"60":0,"61":2,"62":0,"63":0,"64":0,"65":0,"66":0,"67":0,"68":0,"69":0,"70":0,"71":0,"72":2,"73":0,"74":0,"75":0,"76":0,"77":0,"78":0,"79":0,"80":0,"81":0,"82":0,"83":0,"84":0,"85":0,"86":0,"87":0,"88":0,"89":0,"90":0,"91":2,"92":0,"93":0,"94":0,"95":0,"96":0,"97":0,"98":0,"99":0,"100":0,"101":0,"102":0,"103":0,"104":0,"105":0,"106":0,"107":0,"108":0,"109":0,"110":0,"111":2,"112":0,"113":0,"114":0,"115":0,"116":0,"117":0,"118":0,"119":0,"120":0,"121":0,"122":0,"123":2,"124":0,"125":0,"126":0},"f":{"0":0,"1":0,"2":0,"3":0,"4":0,"5":0,"6":0,"7":0,"8":0,"9":0,"10":0,"11":0,"12":0,"13":0,"14":0,"15":0,"16":0,"17":0,"18":0,"19":0,"20":0,"21":0,"22":0,"23":0,"24":0,"25":0,"26":0,"27":0,"28":0,"29":0,"30":0,"31":0,"32":0,"33":0,"34":0,"35":0,"36":0,"37":0},"b":{"0":[0],"1":[0,0],"2":[0,0],"3":[0,0],"4":[0,0],"5":[0,0],"6":[0,0],"7":[0,0],"8":[0,0],"9":[0,0],"10":[0,0],"11":[0,0],"12":[0,0],"13":[0,0],"14":[0,0],"15":[0,0],"16":[0,0],"17":[0,0],"18":[0,0],"19":[0,0]},"_coverageSchema":"332fd63041d2c1bcb487cc26dd0d5f7d97098a6c","hash":"1315773c36cb4bac86f2a16e6ae5aded4ac89ba2"}
,"/home/mafonso/projects/mapigniter3/client/src/admin/layers/queries.js": {"path":"/home/mafonso/projects/mapigniter3/client/src/admin/layers/queries.js","statementMap":{"0":{"start":{"line":3,"column":28},"end":{"line":9,"column":2}},"1":{"start":{"line":11,"column":28},"end":{"line":58,"column":2}},"2":{"start":{"line":60,"column":24},"end":{"line":178,"column":2}},"3":{"start":{"line":180,"column":27},"end":{"line":301,"column":2}},"4":{"start":{"line":303,"column":27},"end":{"line":308,"column":2}}},"fnMap":{},"branchMap":{},"s":{"0":2,"1":2,"2":2,"3":2,"4":2},"f":{},"b":{},"_coverageSchema":"332fd63041d2c1bcb487cc26dd0d5f7d97098a6c","hash":"637c3e92c4573b8538f4ce3a3526cc208f815ab6"}
,"/home/mafonso/projects/mapigniter3/client/src/admin/layers/components/EditGeoJson.js": {"path":"/home/mafonso/projects/mapigniter3/client/src/admin/layers/components/EditGeoJson.js","statementMap":{"0":{"start":{"line":34,"column":8},"end":{"line":34,"column":21}},"1":{"start":{"line":36,"column":8},"end":{"line":36,"column":61}},"2":{"start":{"line":38,"column":8},"end":{"line":50,"column":11}},"3":{"start":{"line":52,"column":8},"end":{"line":54,"column":11}},"4":{"start":{"line":56,"column":8},"end":{"line":62,"column":11}},"5":{"start":{"line":64,"column":26},"end":{"line":68,"column":10}},"6":{"start":{"line":70,"column":8},"end":{"line":77,"column":11}},"7":{"start":{"line":80,"column":8},"end":{"line":80,"column":38}},"8":{"start":{"line":81,"column":8},"end":{"line":81,"column":28}},"9":{"start":{"line":85,"column":17},"end":{"line":85,"column":21}},"10":{"start":{"line":86,"column":8},"end":{"line":86,"column":67}},"11":{"start":{"line":86,"column":25},"end":{"line":86,"column":67}},"12":{"start":{"line":87,"column":8},"end":{"line":87,"column":67}},"13":{"start":{"line":87,"column":25},"end":{"line":87,"column":67}},"14":{"start":{"line":88,"column":8},"end":{"line":88,"column":63}},"15":{"start":{"line":88,"column":23},"end":{"line":88,"column":63}},"16":{"start":{"line":89,"column":8},"end":{"line":89,"column":63}},"17":{"start":{"line":89,"column":23},"end":{"line":89,"column":63}},"18":{"start":{"line":90,"column":8},"end":{"line":125,"column":9}},"19":{"start":{"line":91,"column":12},"end":{"line":94,"column":15}},"20":{"start":{"line":95,"column":12},"end":{"line":95,"column":49}},"21":{"start":{"line":96,"column":12},"end":{"line":96,"column":59}},"22":{"start":{"line":97,"column":12},"end":{"line":97,"column":49}},"23":{"start":{"line":98,"column":12},"end":{"line":102,"column":15}},"24":{"start":{"line":99,"column":16},"end":{"line":101,"column":23}},"25":{"start":{"line":100,"column":20},"end":{"line":100,"column":89}},"26":{"start":{"line":103,"column":15},"end":{"line":125,"column":9}},"27":{"start":{"line":104,"column":25},"end":{"line":110,"column":14}},"28":{"start":{"line":107,"column":20},"end":{"line":108,"column":55}},"29":{"start":{"line":111,"column":12},"end":{"line":111,"column":46}},"30":{"start":{"line":112,"column":12},"end":{"line":114,"column":15}},"31":{"start":{"line":113,"column":16},"end":{"line":113,"column":89}},"32":{"start":{"line":116,"column":12},"end":{"line":119,"column":15}},"33":{"start":{"line":120,"column":12},"end":{"line":120,"column":51}},"34":{"start":{"line":121,"column":12},"end":{"line":124,"column":15}},"35":{"start":{"line":122,"column":16},"end":{"line":122,"column":43}},"36":{"start":{"line":123,"column":16},"end":{"line":123,"column":52}},"37":{"start":{"line":133,"column":8},"end":{"line":133,"column":61}},"38":{"start":{"line":134,"column":8},"end":{"line":134,"column":40}},"39":{"start":{"line":135,"column":21},"end":{"line":135,"column":36}},"40":{"start":{"line":136,"column":8},"end":{"line":142,"column":9}},"41":{"start":{"line":137,"column":27},"end":{"line":140,"column":14}},"42":{"start":{"line":141,"column":12},"end":{"line":141,"column":47}},"43":{"start":{"line":146,"column":8},"end":{"line":146,"column":27}},"44":{"start":{"line":147,"column":8},"end":{"line":147,"column":46}},"45":{"start":{"line":151,"column":8},"end":{"line":151,"column":47}},"46":{"start":{"line":155,"column":25},"end":{"line":155,"column":53}},"47":{"start":{"line":156,"column":8},"end":{"line":156,"column":33}},"48":{"start":{"line":157,"column":8},"end":{"line":157,"column":47}},"49":{"start":{"line":158,"column":8},"end":{"line":158,"column":89}},"50":{"start":{"line":163,"column":8},"end":{"line":163,"column":43}},"51":{"start":{"line":164,"column":25},"end":{"line":164,"column":86}},"52":{"start":{"line":165,"column":8},"end":{"line":202,"column":10}},"53":{"start":{"line":187,"column":32},"end":{"line":191,"column":45}},"54":{"start":{"line":190,"column":53},"end":{"line":190,"column":97}}},"fnMap":{"0":{"name":"(anonymous_0)","decl":{"start":{"line":33,"column":4},"end":{"line":33,"column":5}},"loc":{"start":{"line":33,"column":23},"end":{"line":82,"column":5}},"line":33},"1":{"name":"(anonymous_1)","decl":{"start":{"line":84,"column":4},"end":{"line":84,"column":5}},"loc":{"start":{"line":84,"column":29},"end":{"line":126,"column":5}},"line":84},"2":{"name":"(anonymous_2)","decl":{"start":{"line":98,"column":36},"end":{"line":98,"column":37}},"loc":{"start":{"line":98,"column":43},"end":{"line":102,"column":13}},"line":98},"3":{"name":"(anonymous_3)","decl":{"start":{"line":99,"column":27},"end":{"line":99,"column":28}},"loc":{"start":{"line":99,"column":33},"end":{"line":101,"column":17}},"line":99},"4":{"name":"(anonymous_4)","decl":{"start":{"line":106,"column":33},"end":{"line":106,"column":34}},"loc":{"start":{"line":106,"column":49},"end":{"line":109,"column":17}},"line":106},"5":{"name":"(anonymous_5)","decl":{"start":{"line":112,"column":35},"end":{"line":112,"column":36}},"loc":{"start":{"line":112,"column":42},"end":{"line":114,"column":13}},"line":112},"6":{"name":"(anonymous_6)","decl":{"start":{"line":121,"column":37},"end":{"line":121,"column":38}},"loc":{"start":{"line":121,"column":49},"end":{"line":124,"column":13}},"line":121},"7":{"name":"(anonymous_7)","decl":{"start":{"line":132,"column":4},"end":{"line":132,"column":5}},"loc":{"start":{"line":132,"column":24},"end":{"line":143,"column":5}},"line":132},"8":{"name":"(anonymous_8)","decl":{"start":{"line":145,"column":4},"end":{"line":145,"column":5}},"loc":{"start":{"line":145,"column":20},"end":{"line":148,"column":5}},"line":145},"9":{"name":"(anonymous_9)","decl":{"start":{"line":150,"column":4},"end":{"line":150,"column":5}},"loc":{"start":{"line":150,"column":29},"end":{"line":152,"column":5}},"line":150},"10":{"name":"(anonymous_10)","decl":{"start":{"line":154,"column":4},"end":{"line":154,"column":5}},"loc":{"start":{"line":154,"column":35},"end":{"line":159,"column":5}},"line":154},"11":{"name":"(anonymous_11)","decl":{"start":{"line":162,"column":4},"end":{"line":162,"column":5}},"loc":{"start":{"line":162,"column":13},"end":{"line":203,"column":5}},"line":162},"12":{"name":"(anonymous_12)","decl":{"start":{"line":186,"column":81},"end":{"line":186,"column":82}},"loc":{"start":{"line":187,"column":32},"end":{"line":191,"column":45}},"line":187},"13":{"name":"(anonymous_13)","decl":{"start":{"line":190,"column":46},"end":{"line":190,"column":47}},"loc":{"start":{"line":190,"column":53},"end":{"line":190,"column":97}},"line":190}},"branchMap":{"0":{"loc":{"start":{"line":86,"column":8},"end":{"line":86,"column":67}},"type":"if","locations":[{"start":{"line":86,"column":8},"end":{"line":86,"column":67}},{"start":{"line":86,"column":8},"end":{"line":86,"column":67}}],"line":86},"1":{"loc":{"start":{"line":87,"column":8},"end":{"line":87,"column":67}},"type":"if","locations":[{"start":{"line":87,"column":8},"end":{"line":87,"column":67}},{"start":{"line":87,"column":8},"end":{"line":87,"column":67}}],"line":87},"2":{"loc":{"start":{"line":88,"column":8},"end":{"line":88,"column":63}},"type":"if","locations":[{"start":{"line":88,"column":8},"end":{"line":88,"column":63}},{"start":{"line":88,"column":8},"end":{"line":88,"column":63}}],"line":88},"3":{"loc":{"start":{"line":89,"column":8},"end":{"line":89,"column":63}},"type":"if","locations":[{"start":{"line":89,"column":8},"end":{"line":89,"column":63}},{"start":{"line":89,"column":8},"end":{"line":89,"column":63}}],"line":89},"4":{"loc":{"start":{"line":90,"column":8},"end":{"line":125,"column":9}},"type":"if","locations":[{"start":{"line":90,"column":8},"end":{"line":125,"column":9}},{"start":{"line":90,"column":8},"end":{"line":125,"column":9}}],"line":90},"5":{"loc":{"start":{"line":93,"column":22},"end":{"line":93,"column":43}},"type":"binary-expr","locations":[{"start":{"line":93,"column":22},"end":{"line":93,"column":32}},{"start":{"line":93,"column":36},"end":{"line":93,"column":43}}],"line":93},"6":{"loc":{"start":{"line":103,"column":15},"end":{"line":125,"column":9}},"type":"if","locations":[{"start":{"line":103,"column":15},"end":{"line":125,"column":9}},{"start":{"line":103,"column":15},"end":{"line":125,"column":9}}],"line":103},"7":{"loc":{"start":{"line":107,"column":27},"end":{"line":108,"column":54}},"type":"binary-expr","locations":[{"start":{"line":107,"column":27},"end":{"line":107,"column":58}},{"start":{"line":108,"column":24},"end":{"line":108,"column":54}}],"line":107},"8":{"loc":{"start":{"line":136,"column":8},"end":{"line":142,"column":9}},"type":"if","locations":[{"start":{"line":136,"column":8},"end":{"line":142,"column":9}},{"start":{"line":136,"column":8},"end":{"line":142,"column":9}}],"line":136},"9":{"loc":{"start":{"line":164,"column":25},"end":{"line":164,"column":86}},"type":"cond-expr","locations":[{"start":{"line":164,"column":49},"end":{"line":164,"column":81}},{"start":{"line":164,"column":84},"end":{"line":164,"column":86}}],"line":164},"10":{"loc":{"start":{"line":186,"column":30},"end":{"line":192,"column":60}},"type":"cond-expr","locations":[{"start":{"line":186,"column":66},"end":{"line":192,"column":30}},{"start":{"line":192,"column":33},"end":{"line":192,"column":60}}],"line":186},"11":{"loc":{"start":{"line":186,"column":30},"end":{"line":186,"column":63}},"type":"binary-expr","locations":[{"start":{"line":186,"column":30},"end":{"line":186,"column":42}},{"start":{"line":186,"column":46},"end":{"line":186,"column":63}}],"line":186},"12":{"loc":{"start":{"line":189,"column":67},"end":{"line":189,"column":107}},"type":"binary-expr","locations":[{"start":{"line":189,"column":67},"end":{"line":189,"column":101}},{"start":{"line":189,"column":105},"end":{"line":189,"column":107}}],"line":189}},"s":{"0":0,"1":0,"2":0,"3":0,"4":0,"5":0,"6":0,"7":0,"8":0,"9":0,"10":0,"11":0,"12":0,"13":0,"14":0,"15":0,"16":0,"17":0,"18":0,"19":0,"20":0,"21":0,"22":0,"23":0,"24":0,"25":0,"26":0,"27":0,"28":0,"29":0,"30":0,"31":0,"32":0,"33":0,"34":0,"35":0,"36":0,"37":0,"38":0,"39":0,"40":0,"41":0,"42":0,"43":0,"44":0,"45":0,"46":0,"47":0,"48":0,"49":0,"50":0,"51":0,"52":0,"53":0,"54":0},"f":{"0":0,"1":0,"2":0,"3":0,"4":0,"5":0,"6":0,"7":0,"8":0,"9":0,"10":0,"11":0,"12":0,"13":0},"b":{"0":[0,0],"1":[0,0],"2":[0,0],"3":[0,0],"4":[0,0],"5":[0,0],"6":[0,0],"7":[0,0],"8":[0,0],"9":[0,0],"10":[0,0],"11":[0,0],"12":[0,0]},"_coverageSchema":"332fd63041d2c1bcb487cc26dd0d5f7d97098a6c","hash":"8d1e2ec356c17595e7decf21d295d3673bd674a0"}
[...]
4},"end":{"line":65,"column":79}},"20":{"start":{"line":75,"column":61},"end":{"line":75,"column":90}}},"fnMap":{"0":{"name":"(anonymous_0)","decl":{"start":{"line":9,"column":4},"end":{"line":9,"column":5}},"loc":{"start":{"line":9,"column":23},"end":{"line":22,"column":5}},"line":9},"1":{"name":"(anonymous_1)","decl":{"start":{"line":16,"column":38},"end":{"line":16,"column":39}},"loc":{"start":{"line":16,"column":46},"end":{"line":21,"column":9}},"line":16},"2":{"name":"(anonymous_2)","decl":{"start":{"line":24,"column":4},"end":{"line":24,"column":5}},"loc":{"start":{"line":24,"column":20},"end":{"line":30,"column":5}},"line":24},"3":{"name":"(anonymous_3)","decl":{"start":{"line":32,"column":4},"end":{"line":32,"column":5}},"loc":{"start":{"line":32,"column":26},"end":{"line":37,"column":5}},"line":32},"4":{"name":"(anonymous_4)","decl":{"start":{"line":39,"column":4},"end":{"line":39,"column":5}},"loc":{"start":{"line":39,"column":17},"end":{"line":44,"column":5}},"line":39},"5":{"name":"(anonymous_5)","decl":{"start":{"line":46,"column":4},"end":{"line":46,"column":5}},"loc":{"start":{"line":46,"column":37},"end":{"line":51,"column":5}},"line":46},"6":{"name":"(anonymous_6)","decl":{"start":{"line":53,"column":4},"end":{"line":53,"column":5}},"loc":{"start":{"line":53,"column":13},"end":{"line":81,"column":5}},"line":53},"7":{"name":"(anonymous_7)","decl":{"start":{"line":64,"column":37},"end":{"line":64,"column":38}},"loc":{"start":{"line":64,"column":50},"end":{"line":64,"column":70}},"line":64},"8":{"name":"(anonymous_8)","decl":{"start":{"line":65,"column":41},"end":{"line":65,"column":42}},"loc":{"start":{"line":65,"column":54},"end":{"line":65,"column":79}},"line":65},"9":{"name":"(anonymous_9)","decl":{"start":{"line":75,"column":43},"end":{"line":75,"column":44}},"loc":{"start":{"line":75,"column":61},"end":{"line":75,"column":90}},"line":75}},"branchMap":{"0":{"loc":{"start":{"line":17,"column":12},"end":{"line":19,"column":13}},"type":"if","locations":[{"start":{"line":17,"column":12},"end":{"line":19,"column":13}},{"start":{"line":17,"column":12},"end":{"line":19,"column":13}}],"line":17},"1":{"loc":{"start":{"line":27,"column":8},"end":{"line":28,"column":47}},"type":"if","locations":[{"start":{"line":27,"column":8},"end":{"line":28,"column":47}},{"start":{"line":27,"column":8},"end":{"line":28,"column":47}}],"line":27}},"s":{"0":1,"1":1,"2":1,"3":1,"4":1,"5":1,"6":0,"7":0,"8":0,"9":0,"10":0,"11":0,"12":0,"13":0,"14":0,"15":1,"16":1,"17":1,"18":0,"19":0,"20":0},"f":{"0":1,"1":1,"2":0,"3":0,"4":0,"5":0,"6":1,"7":0,"8":0,"9":0},"b":{"0":[1,0],"1":[0,0]},"_coverageSchema":"332fd63041d2c1bcb487cc26dd0d5f7d97098a6c","hash":"636581f5003f9c9c1321725ef0f115b1f3be51f9"}
,"/home/mafonso/projects/mapigniter3/client/src/public/maps/containers/Display.js": {"path":"/home/mafonso/projects/mapigniter3/client/src/public/maps/containers/Display.js","statementMap":{"0":{"start":{"line":12,"column":19},"end":{"line":13,"column":46}},"1":{"start":{"line":14,"column":8},"end":{"line":14,"column":27}},"2":{"start":{"line":15,"column":8},"end":{"line":22,"column":48}},"3":{"start":{"line":26,"column":8},"end":{"line":26,"column":70}},"4":{"start":{"line":26,"column":55},"end":{"line":26,"column":70}},"5":{"start":{"line":27,"column":22},"end":{"line":27,"column":50}},"6":{"start":{"line":28,"column":8},"end":{"line":32,"column":10}}},"fnMap":{"0":{"name":"(anonymous_0)","decl":{"start":{"line":11,"column":4},"end":{"line":11,"column":5}},"loc":{"start":{"line":11,"column":25},"end":{"line":23,"column":5}},"line":11},"1":{"name":"(anonymous_1)","decl":{"start":{"line":25,"column":4},"end":{"line":25,"column":5}},"loc":{"start":{"line":25,"column":13},"end":{"line":33,"column":5}},"line":25}},"branchMap":{"0":{"loc":{"start":{"line":12,"column":19},"end":{"line":13,"column":46}},"type":"cond-expr","locations":[{"start":{"line":13,"column":12},"end":{"line":13,"column":38}},{"start":{"line":13,"column":41},"end":{"line":13,"column":46}}],"line":12},"1":{"loc":{"start":{"line":12,"column":19},"end":{"line":12,"column":65}},"type":"binary-expr","locations":[{"start":{"line":12,"column":19},"end":{"line":12,"column":35}},{"start":{"line":12,"column":39},"end":{"line":12,"column":65}}],"line":12},"2":{"loc":{"start":{"line":18,"column":23},"end":{"line":19,"column":43}},"type":"cond-expr","locations":[{"start":{"line":18,"column":32},"end":{"line":19,"column":38}},{"start":{"line":19,"column":41},"end":{"line":19,"column":43}}],"line":18},"3":{"loc":{"start":{"line":26,"column":8},"end":{"line":26,"column":70}},"type":"if","locations":[{"start":{"line":26,"column":8},"end":{"line":26,"column":70}},{"start":{"line":26,"column":8},"end":{"line":26,"column":70}}],"line":26},"4":{"loc":{"start":{"line":26,"column":12},"end":{"line":26,"column":53}},"type":"binary-expr","locations":[{"start":{"line":26,"column":12},"end":{"line":26,"column":30}},{"start":{"line":26,"column":34},"end":{"line":26,"column":53}}],"line":26}},"s":{"0":0,"1":0,"2":0,"3":0,"4":0,"5":0,"6":0},"f":{"0":0,"1":0},"b":{"0":[0,0],"1":[0,0],"2":[0,0],"3":[0,0],"4":[0,0]},"_coverageSchema":"332fd63041d2c1bcb487cc26dd0d5f7d97098a6c","hash":"738a62a26d79fdc17604ce9b9ae1c91b6756e1ad"}
,"/home/mafonso/projects/mapigniter3/client/src/public/user/actions.js": {"path":"/home/mafonso/projects/mapigniter3/client/src/public/user/actions.js","statementMap":{"0":{"start":{"line":4,"column":28},"end":{"line":6,"column":1}},"1":{"start":{"line":5,"column":4},"end":{"line":5,"column":39}},"2":{"start":{"line":8,"column":29},"end":{"line":19,"column":1}},"3":{"start":{"line":9,"column":4},"end":{"line":9,"column":59}},"4":{"start":{"line":10,"column":14},"end":{"line":10,"column":82}},"5":{"start":{"line":10,"column":33},"end":{"line":10,"column":73}},"6":{"start":{"line":11,"column":17},"end":{"line":11,"column":37}},"7":{"start":{"line":12,"column":4},"end":{"line":12,"column":70}},"8":{"start":{"line":13,"column":16},"end":{"line":13,"column":57}},"9":{"start":{"line":14,"column":19},"end":{"line":14,"column":47}},"10":{"start":{"line":15,"column":4},"end":{"line":15,"column":19}},"11":{"start":{"line":16,"column":4},"end":{"line":16,"column":59}},"12":{"start":{"line":17,"column":4},"end":{"line":18,"column":49}},"13":{"start":{"line":17,"column":34},"end":{"line":17,"column":68}},"14":{"start":{"line":18,"column":9},"end":{"line":18,"column":49}},"15":{"start":{"line":21,"column":26},"end":{"line":23,"column":1}},"16":{"start":{"line":22,"column":4},"end":{"line":22,"column":37}},"17":{"start":{"line":25,"column":26},"end":{"line":27,"column":1}},"18":{"start":{"line":26,"column":4},"end":{"line":26,"column":36}},"19":{"start":{"line":29,"column":27},"end":{"line":39,"column":1}},"20":{"start":{"line":30,"column":4},"end":{"line":30,"column":57}},"21":{"start":{"line":31,"column":14},"end":{"line":31,"column":80}},"22":{"start":{"line":31,"column":33},"end":{"line":31,"column":71}},"23":{"start":{"line":32,"column":17},"end":{"line":32,"column":35}},"24":{"start":{"line":33,"column":16},"end":{"line":33,"column":55}},"25":{"start":{"line":34,"column":19},"end":{"line":34,"column":47}},"26":{"start":{"line":35,"column":4},"end":{"line":35,"column":19}},"27":{"start":{"line":36,"column":4},"end":{"line":36,"column":43}},"28":{"start":{"line":37,"column":4},"end":{"line":38,"column":84}},"29":{"start":{"line":37,"column":34},"end":{"line":37,"column":88}},"30":{"start":{"line":38,"column":9},"end":{"line":38,"column":84}}},"fnMap":{"0":{"name":"(anonymous_0)","decl":{"start":{"line":4,"column":28},"end":{"line":4,"column":29}},"loc":{"start":{"line":4,"column":46},"end":{"line":6,"column":1}},"line":4},"1":{"name":"(anonymous_1)","decl":{"start":{"line":8,"column":29},"end":{"line":8,"column":30}},"loc":{"start":{"line":8,"column":43},"end":{"line":19,"column":1}},"line":8},"2":{"name":"(anonymous_2)","decl":{"start":{"line":10,"column":25},"end":{"line":10,"column":26}},"loc":{"start":{"line":10,"column":31},"end":{"line":10,"column":75}},"line":10},"3":{"name":"(anonymous_3)","decl":{"start":{"line":21,"column":26},"end":{"line":21,"column":27}},"loc":{"start":{"line":21,"column":44},"end":{"line":23,"column":1}},"line":21},"4":{"name":"(anonymous_4)","decl":{"start":{"line":25,"column":26},"end":{"line":25,"column":27}},"loc":{"start":{"line":25,"column":37},"end":{"line":27,"column":1}},"line":25},"5":{"name":"(anonymous_5)","decl":{"start":{"line":29,"column":27},"end":{"line":29,"column":28}},"loc":{"start":{"line":29,"column":41},"end":{"line":39,"column":1}},"line":29},"6":{"name":"(anonymous_6)","decl":{"start":{"line":31,"column":25},"end":{"line":31,"column":26}},"loc":{"start":{"line":31,"column":31},"end":{"line":31,"column":73}},"line":31}},"branchMap":{"0":{"loc":{"start":{"line":17,"column":4},"end":{"line":18,"column":49}},"type":"if","locations":[{"start":{"line":17,"column":4},"end":{"line":18,"column":49}},{"start":{"line":17,"column":4},"end":{"line":18,"column":49}}],"line":17},"1":{"loc":{"start":{"line":17,"column":8},"end":{"line":17,"column":32}},"type":"binary-expr","locations":[{"start":{"line":17,"column":8},"end":{"line":17,"column":14}},{"start":{"line":17,"column":18},"end":{"line":17,"column":32}}],"line":17},"2":{"loc":{"start":{"line":37,"column":4},"end":{"line":38,"column":84}},"type":"if","locations":[{"start":{"line":37,"column":4},"end":{"line":38,"column":84}},{"start":{"line":37,"column":4},"end":{"line":38,"column":84}}],"line":37},"3":{"loc":{"start":{"line":37,"column":8},"end":{"line":37,"column":32}},"type":"binary-expr","locations":[{"start":{"line":37,"column":8},"end":{"line":37,"column":14}},{"start":{"line":37,"column":18},"end":{"line":37,"column":32}}],"line":37}},"s":{"0":1,"1":0,"2":1,"3":0,"4":0,"5":0,"6":0,"7":0,"8":0,"9":0,"10":0,"11":0,"12":0,"13":0,"14":0,"15":1,"16":0,"17":1,"18":0,"19":1,"20":0,"21":0,"22":0,"23":0,"24":0,"25":0,"26":0,"27":0,"28":0,"29":0,"30":0},"f":{"0":0,"1":0,"2":0,"3":0,"4":0,"5":0,"6":0},"b":{"0":[0,0],"1":[0,0],"2":[0,0],"3":[0,0]},"_coverageSchema":"332fd63041d2c1bcb487cc26dd0d5f7d97098a6c","hash":"fede98fa21567aa6b4ae69f21e45c163a2e6ce59"}
,"/home/mafonso/projects/mapigniter3/client/src/public/user/components/Login.js": {"path":"/home/mafonso/projects/mapigniter3/client/src/public/user/components/Login.js","statementMap":{"0":{"start":{"line":7,"column":8},"end":{"line":38,"column":10}}},"fnMap":{"0":{"name":"(anonymous_0)","decl":{"start":{"line":6,"column":4},"end":{"line":6,"column":5}},"loc":{"start":{"line":6,"column":13},"end":{"line":39,"column":5}},"line":6}},"branchMap":{"0":{"loc":{"start":{"line":25,"column":22},"end":{"line":32,"column":28}},"type":"cond-expr","locations":[{"start":{"line":26,"column":24},"end":{"line":31,"column":30}},{"start":{"line":32,"column":24},"end":{"line":32,"column":28}}],"line":25},"1":{"loc":{"start":{"line":25,"column":22},"end":{"line":25,"column":69}},"type":"binary-expr","locations":[{"start":{"line":25,"column":22},"end":{"line":25,"column":39}},{"start":{"line":25,"column":43},"end":{"line":25,"column":69}}],"line":25}},"s":{"0":0},"f":{"0":0},"b":{"0":[0,0],"1":[0,0]},"_coverageSchema":"332fd63041d2c1bcb487cc26dd0d5f7d97098a6c","hash":"1ad21517e8a88d1f21568766383f537fad675876"}
,"/home/mafonso/projects/mapigniter3/client/src/public/user/components/RecoverPage.js": {"path":"/home/mafonso/projects/mapigniter3/client/src/public/user/components/RecoverPage.js","statementMap":{"0":{"start":{"line":8,"column":8},"end":{"line":47,"column":9}},"1":{"start":{"line":11,"column":20},"end":{"line":44,"column":24}}},"fnMap":{"0":{"name":"(anonymous_0)","decl":{"start":{"line":7,"column":4},"end":{"line":7,"column":5}},"loc":{"start":{"line":7,"column":13},"end":{"line":48,"column":5}},"line":7},"1":{"name":"(anonymous_1)","decl":{"start":{"line":10,"column":18},"end":{"line":10,"column":19}},"loc":{"start":{"line":11,"column":20},"end":{"line":44,"column":24}},"line":11}},"branchMap":{},"s":{"0":0,"1":0},"f":{"0":0,"1":0},"b":{},"_coverageSchema":"332fd63041d2c1bcb487cc26dd0d5f7d97098a6c","hash":"b7a155d6b179ee300b4a7969f357fb296748907f"}
,"/home/mafonso/projects/mapigniter3/client/src/public/user/components/ResetPasswordPage.js": {"path":"/home/mafonso/projects/mapigniter3/client/src/public/user/components/ResetPasswordPage.js","statementMap":{"0":{"start":{"line":8,"column":8},"end":{"line":8,"column":61}},"1":{"start":{"line":11,"column":8},"end":{"line":74,"column":9}},"2":{"start":{"line":14,"column":20},"end":{"line":71,"column":24}}},"fnMap":{"0":{"name":"(anonymous_0)","decl":{"start":{"line":7,"column":4},"end":{"line":7,"column":5}},"loc":{"start":{"line":7,"column":24},"end":{"line":9,"column":5}},"line":7},"1":{"name":"(anonymous_1)","decl":{"start":{"line":10,"column":4},"end":{"line":10,"column":5}},"loc":{"start":{"line":10,"column":13},"end":{"line":75,"column":5}},"line":10},"2":{"name":"(anonymous_2)","decl":{"start":{"line":13,"column":18},"end":{"line":13,"column":19}},"loc":{"start":{"line":14,"column":20},"end":{"line":71,"column":24}},"line":14}},"branchMap":{"0":{"loc":{"start":{"line":48,"column":28},"end":{"line":59,"column":34}},"type":"cond-expr","locations":[{"start":{"line":49,"column":30},"end":{"line":58,"column":36}},{"start":{"line":59,"column":30},"end":{"line":59,"column":34}}],"line":48},"1":{"loc":{"start":{"line":48,"column":28},"end":{"line":48,"column":75}},"type":"binary-expr","locations":[{"start":{"line":48,"column":28},"end":{"line":48,"column":45}},{"start":{"line":48,"column":49},"end":{"line":48,"column":75}}],"line":48}},"s":{"0":0,"1":0,"2":0},"f":{"0":0,"1":0,"2":0},"b":{"0":[0,0],"1":[0,0]},"_coverageSchema":"332fd63041d2c1bcb487cc26dd0d5f7d97098a6c","hash":"62b158b0dabdf94e594dd3f42af2eb97e55fa14a"}
,"/home/mafonso/projects/mapigniter3/client/src/public/user/containers/Login.js": {"path":"/home/mafonso/projects/mapigniter3/client/src/public/user/containers/Login.js","statementMap":{"0":{"start":{"line":10,"column":8},"end":{"line":10,"column":21}},"1":{"start":{"line":11,"column":8},"end":{"line":11,"column":57}},"2":{"start":{"line":12,"column":8},"end":{"line":12,"column":45}},"3":{"start":{"line":16,"column":8},"end":{"line":16,"column":41}},"4":{"start":{"line":20,"column":8},"end":{"line":20,"column":27}},"5":{"start":{"line":21,"column":37},"end":{"line":21,"column":47}},"6":{"start":{"line":22,"column":20},"end":{"line":22,"column":41}},"7":{"start":{"line":23,"column":8},"end":{"line":27,"column":9}},"8":{"start":{"line":24,"column":12},"end":{"line":24,"column":48}},"9":{"start":{"line":25,"column":12},"end":{"line":25,"column":56}},"10":{"start":{"line":26,"column":12},"end":{"line":26,"column":30}},"11":{"start":{"line":31,"column":8},"end":{"line":33,"column":9}},"12":{"start":{"line":32,"column":12},"end":{"line":32,"column":40}},"13":{"start":{"line":34,"column":8},"end":{"line":39,"column":10}}},"fnMap":{"0":{"name":"(anonymous_0)","decl":{"start":{"line":9,"column":4},"end":{"line":9,"column":5}},"loc":{"start":{"line":9,"column":23},"end":{"line":13,"column":5}},"line":9},"1":{"name":"(anonymous_1)","decl":{"start":{"line":15,"column":4},"end":{"line":15,"column":5}},"loc":{"start":{"line":15,"column":37},"end":{"line":17,"column":5}},"line":15},"2":{"name":"(anonymous_2)","decl":{"start":{"line":19,"column":4},"end":{"line":19,"column":5}},"loc":{"start":{"line":19,"column":20},"end":{"line":28,"column":5}},"line":19},"3":{"name":"(anonymous_3)","decl":{"start":{"line":30,"column":4},"end":{"line":30,"column":5}},"loc":{"start":{"line":30,"column":13},"end":{"line":40,"column":5}},"line":30}},"branchMap":{"0":{"loc":{"start":{"line":23,"column":8},"end":{"line":27,"column":9}},"type":"if","locations":[{"start":{"line":23,"column":8},"end":{"line":27,"column":9}},{"start":{"line":23,"column":8},"end":{"line":27,"column":9}}],"line":23},"1":{"loc":{"start":{"line":31,"column":8},"end":{"line":33,"column":9}},"type":"if","locations":[{"start":{"line":31,"column":8},"end":{"line":33,"column":9}},{"start":{"line":31,"column":8},"end":{"line":33,"column":9}}],"line":31}},"s":{"0":0,"1":0,"2":0,"3":0,"4":0,"5":0,"6":0,"7":0,"8":0,"9":0,"10":0,"11":0,"12":0,"13":0},"f":{"0":0,"1":0,"2":0,"3":0},"b":{"0":[0,0],"1":[0,0]},"_coverageSchema":"332fd63041d2c1bcb487cc26dd0d5f7d97098a6c","hash":"5dd96e4632a7eb285e919288ce7a29b64d65c034"}
,"/home/mafonso/projects/mapigniter3/client/src/public/user/containers/Recover.js": {"path":"/home/mafonso/projects/mapigniter3/client/src/public/user/containers/Recover.js","statementMap":{"0":{"start":{"line":10,"column":8},"end":{"line":10,"column":42}},"1":{"start":{"line":14,"column":8},"end":{"line":14,"column":27}},"2":{"start":{"line":15,"column":8},"end":{"line":17,"column":11}},"3":{"start":{"line":16,"column":12},"end":{"line":16,"column":41}},"4":{"start":{"line":21,"column":8},"end":{"line":26,"column":10}}},"fnMap":{"0":{"name":"(anonymous_0)","decl":{"start":{"line":9,"column":4},"end":{"line":9,"column":5}},"loc":{"start":{"line":9,"column":37},"end":{"line":11,"column":5}},"line":9},"1":{"name":"(anonymous_1)","decl":{"start":{"line":13,"column":4},"end":{"line":13,"column":5}},"loc":{"start":{"line":13,"column":14},"end":{"line":18,"column":5}},"line":13},"2":{"name":"(anonymous_2)","decl":{"start":{"line":15,"column":30},"end":{"line":15,"column":31}},"loc":{"start":{"line":15,"column":36},"end":{"line":17,"column":9}},"line":15},"3":{"name":"(anonymous_3)","decl":{"start":{"line":20,"column":4},"end":{"line":20,"column":5}},"loc":{"start":{"line":20,"column":13},"end":{"line":27,"column":5}},"line":20}},"branchMap":{},"s":{"0":0,"1":0,"2":0,"3":0,"4":0},"f":{"0":0,"1":0,"2":0,"3":0},"b":{},"_coverageSchema":"332fd63041d2c1bcb487cc26dd0d5f7d97098a6c","hash":"8d564efc56bdd99e999808143718820401b0c9a0"}
,"/home/mafonso/projects/mapigniter3/client/src/public/user/containers/ResetPassword.js": {"path":"/home/mafonso/projects/mapigniter3/client/src/public/user/containers/ResetPassword.js","statementMap":{"0":{"start":{"line":9,"column":8},"end":{"line":9,"column":21}},"1":{"start":{"line":10,"column":8},"end":{"line":10,"column":55}},"2":{"start":{"line":11,"column":8},"end":{"line":11,"column":55}},"3":{"start":{"line":12,"column":8},"end":{"line":12,"column":45}},"4":{"start":{"line":16,"column":8},"end":{"line":16,"column":32}},"5":{"start":{"line":20,"column":8},"end":{"line":20,"column":26}},"6":{"start":{"line":24,"column":8},"end":{"line":24,"column":27}},"7":{"start":{"line":25,"column":8},"end":{"line":27,"column":11}},"8":{"start":{"line":26,"column":12},"end":{"line":26,"column":41}},"9":{"start":{"line":31,"column":8},"end":{"line":37,"column":10}}},"fnMap":{"0":{"name":"(anonymous_0)","decl":{"start":{"line":8,"column":4},"end":{"line":8,"column":5}},"loc":{"start":{"line":8,"column":23},"end":{"line":13,"column":5}},"line":8},"1":{"name":"(anonymous_1)","decl":{"start":{"line":15,"column":4},"end":{"line":15,"column":5}},"loc":{"start":{"line":15,"column":36},"end":{"line":17,"column":5}},"line":15},"2":{"name":"(anonymous_2)","decl":{"start":{"line":19,"column":4},"end":{"line":19,"column":5}},"loc":{"start":{"line":19,"column":23},"end":{"line":21,"column":5}},"line":19},"3":{"name":"(anonymous_3)","decl":{"start":{"line":23,"column":4},"end":{"line":23,"column":5}},"loc":{"start":{"line":23,"column":14},"end":{"line":28,"column":5}},"line":23},"4":{"name":"(anonymous_4)","decl":{"start":{"line":25,"column":20},"end":{"line":25,"column":21}},"loc":{"start":{"line":25,"column":26},"end":{"line":27,"column":9}},"line":25},"5":{"name":"(anonymous_5)","decl":{"start":{"line":30,"column":4},"end":{"line":30,"column":5}},"loc":{"start":{"line":30,"column":13},"end":{"line":38,"column":5}},"line":30}},"branchMap":{},"s":{"0":0,"1":0,"2":0,"3":0,"4":0,"5":0,"6":0,"7":0,"8":0,"9":0},"f":{"0":0,"1":0,"2":0,"3":0,"4":0,"5":0},"b":{},"_coverageSchema":"332fd63041d2c1bcb487cc26dd0d5f7d97098a6c","hash":"c5820b4c450a4339b76adf344bd3f2ddede346a8"}
}
