TN:
SF:/home/mafonso/projects/mapigniter3/client/src/MainController.js
FN:10,(anonymous_0)
FN:14,(anonymous_1)
FNF:2
FNH:2
FNDA:1,(anonymous_0)
FNDA:1,(anonymous_1)
DA:11,1
DA:15,1
DA:16,1
DA:17,0
DA:18,0
LF:5
LH:3
BRDA:16,0,0,1
BRDA:16,0,1,0
BRDA:17,1,0,0
BRDA:17,1,1,0
BRF:4
BRH:1
end_of_record
TN:
SF:/home/mafonso/projects/mapigniter3/client/src/Root.js
FN:10,(anonymous_0)
FNF:1
FNH:1
FNDA:1,(anonymous_0)
DA:11,1
LF:1
LH:1
BRF:0
BRH:0
end_of_record
TN:
SF:/home/mafonso/projects/mapigniter3/client/src/auth.js
FN:5,(anonymous_0)
FN:9,(anonymous_1)
FN:11,(anonymous_2)
FN:19,(anonymous_3)
FN:20,(anonymous_4)
FN:27,(anonymous_5)
FN:33,(anonymous_6)
FN:42,(anonymous_7)
FN:43,(anonymous_8)
FN:55,(anonymous_9)
FN:60,(anonymous_10)
FN:63,(anonymous_11)
FN:71,(anonymous_12)
FN:72,(anonymous_13)
FN:75,(anonymous_14)
FNF:15
FNH:4
FNDA:0,(anonymous_0)
FNDA:0,(anonymous_1)
FNDA:0,(anonymous_2)
FNDA:0,(anonymous_3)
FNDA:0,(anonymous_4)
FNDA:0,(anonymous_5)
FNDA:0,(anonymous_6)
FNDA:0,(anonymous_7)
FNDA:0,(anonymous_8)
FNDA:1,(anonymous_9)
FNDA:1,(anonymous_10)
FNDA:1,(anonymous_11)
FNDA:0,(anonymous_12)
FNDA:0,(anonymous_13)
FNDA:1,(anonymous_14)
DA:3,2
DA:5,2
DA:6,0
DA:9,2
DA:10,0
DA:11,0
DA:12,0
DA:19,0
DA:21,0
DA:22,0
DA:27,2
DA:28,0
DA:32,0
DA:33,0
DA:34,0
DA:42,0
DA:44,0
DA:45,0
DA:46,0
DA:48,0
DA:49,0
DA:55,2
DA:56,1
DA:57,1
DA:60,2
DA:61,1
DA:62,1
DA:63,1
DA:64,1
DA:71,0
DA:73,0
DA:76,1
LF:32
LH:13
BRDA:44,0,0,0
BRDA:44,0,1,0
BRDA:57,1,0,0
BRDA:57,1,1,1
BRF:4
BRH:1
end_of_record
TN:
SF:/home/mafonso/projects/mapigniter3/client/src/helpers.js
FN:1,(anonymous_0)
FN:3,(anonymous_1)
FNF:2
FNH:0
FNDA:0,(anonymous_0)
FNDA:0,(anonymous_1)
DA:1,2
DA:3,0
DA:4,0
DA:5,0
DA:6,0
DA:10,0
DA:15,0
LF:7
LH:1
BRDA:4,0,0,0
BRDA:4,0,1,0
BRDA:5,1,0,0
BRDA:5,1,1,0
BRDA:6,2,0,0
BRDA:6,2,1,0
BRDA:7,3,0,0
BRDA:7,3,1,0
BRDA:8,4,0,0
BRDA:8,4,1,0
BRDA:10,5,0,0
BRDA:10,5,1,0
BRDA:11,6,0,0
BRDA:11,6,1,0
BRDA:12,7,0,0
BRDA:12,7,1,0
BRF:16
BRH:0
end_of_record
TN:
SF:/home/mafonso/projects/mapigniter3/client/src/i18n.js
FN:4,_interopRequireDefault
FNF:1
FNH:0
FNDA:0,_interopRequireDefault
DA:1,0
DA:2,0
DA:3,0
DA:4,0
DA:6,0
DA:24,0
LF:6
LH:0
BRDA:4,0,0,0
BRDA:4,0,1,0
BRDA:4,1,0,0
BRDA:4,1,1,0
BRF:4
BRH:0
end_of_record
TN:
SF:/home/mafonso/projects/mapigniter3/client/src/i18nTest.js
FNF:0
FNH:0
DA:4,3
LF:1
LH:1
BRF:0
BRH:0
end_of_record
TN:
SF:/home/mafonso/projects/mapigniter3/client/src/index.js
FN:8,_interopRequireDefault
FNF:1
FNH:0
FNDA:0,_interopRequireDefault
DA:1,0
DA:2,0
DA:3,0
DA:4,0
DA:5,0
DA:6,0
DA:7,0
DA:8,0
DA:11,0
DA:14,0
DA:15,0
LF:11
LH:0
BRDA:8,0,0,0
BRDA:8,0,1,0
BRDA:8,1,0,0
BRDA:8,1,1,0
BRF:4
BRH:0
end_of_record
TN:
SF:/home/mafonso/projects/mapigniter3/client/src/registerServiceWorker.js
FN:111,register
FN:115,(anonymous_1)
FN:117,registerValidSW
FN:117,(anonymous_3)
FN:117,(anonymous_4)
FN:117,(anonymous_5)
FN:124,(anonymous_6)
FN:124,checkValidServiceWorker
FN:125,(anonymous_8)
FN:127,(anonymous_9)
FN:127,(anonymous_10)
FN:128,(anonymous_11)
FN:128,unregister
FN:128,(anonymous_13)
FNF:14
FNH:0
FNDA:0,register
FNDA:0,(anonymous_1)
FNDA:0,registerValidSW
FNDA:0,(anonymous_3)
FNDA:0,(anonymous_4)
FNDA:0,(anonymous_5)
FNDA:0,(anonymous_6)
FNDA:0,checkValidServiceWorker
FNDA:0,(anonymous_8)
FNDA:0,(anonymous_9)
FNDA:0,(anonymous_10)
FNDA:0,(anonymous_11)
FNDA:0,unregister
FNDA:0,(anonymous_13)
DA:1,0
DA:21,0
DA:109,0
DA:111,0
DA:112,0
DA:115,0
DA:116,0
DA:117,0
DA:121,0
DA:124,0
DA:125,0
DA:126,0
DA:127,0
DA:128,0
LF:14
LH:0
BRDA:109,0,0,0
BRDA:109,0,1,0
BRDA:109,0,2,0
BRDA:111,1,0,0
BRDA:111,1,1,0
BRDA:111,2,0,0
BRDA:111,2,1,0
BRDA:112,3,0,0
BRDA:112,3,1,0
BRDA:115,4,0,0
BRDA:115,4,1,0
BRDA:117,5,0,0
BRDA:117,5,1,0
BRDA:117,6,0,0
BRDA:117,6,1,0
BRDA:126,7,0,0
BRDA:126,7,1,0
BRDA:126,8,0,0
BRDA:126,8,1,0
BRDA:128,9,0,0
BRDA:128,9,1,0
BRF:21
BRH:0
end_of_record
TN:
SF:/home/mafonso/projects/mapigniter3/client/src/server.js
FN:6,(anonymous_0)
FN:9,(anonymous_1)
FN:21,(anonymous_2)
FN:23,(anonymous_3)
FN:32,(anonymous_4)
FN:33,(anonymous_5)
FN:35,(anonymous_6)
FN:41,(anonymous_7)
FN:43,(anonymous_8)
FN:54,(anonymous_9)
FN:55,(anonymous_10)
FN:57,(anonymous_11)
FN:63,(anonymous_12)
FN:65,(anonymous_13)
FN:75,(anonymous_14)
FN:76,(anonymous_15)
FN:78,(anonymous_16)
FNF:17
FNH:2
FNDA:3,(anonymous_0)
FNDA:3,(anonymous_1)
FNDA:0,(anonymous_2)
FNDA:0,(anonymous_3)
FNDA:0,(anonymous_4)
FNDA:0,(anonymous_5)
FNDA:0,(anonymous_6)
FNDA:0,(anonymous_7)
FNDA:0,(anonymous_8)
FNDA:0,(anonymous_9)
FNDA:0,(anonymous_10)
FNDA:0,(anonymous_11)
FNDA:0,(anonymous_12)
FNDA:0,(anonymous_13)
FNDA:0,(anonymous_14)
FNDA:0,(anonymous_15)
FNDA:0,(anonymous_16)
DA:4,2
DA:6,2
DA:7,3
DA:10,3
DA:11,3
DA:18,3
DA:21,2
DA:22,0
DA:23,0
DA:24,0
DA:32,0
DA:34,0
DA:36,0
DA:41,2
DA:42,0
DA:43,0
DA:44,0
DA:47,0
DA:48,0
DA:54,0
DA:56,0
DA:58,0
DA:63,2
DA:64,0
DA:65,0
DA:66,0
DA:75,0
DA:77,0
DA:79,0
LF:29
LH:9
BRDA:41,0,0,0
BRDA:47,1,0,0
BRDA:47,1,1,0
BRDA:52,2,0,0
BRDA:52,2,1,0
BRF:5
BRH:0
end_of_record
TN:
SF:/home/mafonso/projects/mapigniter3/client/src/admin/actions.js
FN:5,(anonymous_0)
FN:8,(anonymous_1)
FN:9,(anonymous_2)
FN:13,(anonymous_3)
FNF:4
FNH:4
FNDA:3,(anonymous_0)
FNDA:3,(anonymous_1)
FNDA:2,(anonymous_2)
FNDA:1,(anonymous_3)
DA:5,2
DA:6,3
DA:7,3
DA:8,3
DA:9,3
DA:10,2
DA:11,2
DA:14,1
DA:15,1
DA:17,1
LF:10
LH:10
BRDA:14,0,0,1
BRDA:14,0,1,0
BRF:2
BRH:1
end_of_record
TN:
SF:/home/mafonso/projects/mapigniter3/client/src/admin/queries.js
FNF:0
FNH:0
DA:3,2
LF:1
LH:1
BRF:0
BRH:0
end_of_record
TN:
SF:/home/mafonso/projects/mapigniter3/client/src/admin/components/Dashboard.js
FN:10,(anonymous_0)
FN:14,(anonymous_1)
FN:16,(anonymous_2)
FN:19,(anonymous_3)
FNF:4
FNH:3
FNDA:1,(anonymous_0)
FNDA:1,(anonymous_1)
FNDA:0,(anonymous_2)
FNDA:1,(anonymous_3)
DA:11,1
DA:15,1
DA:16,1
DA:17,1
DA:20,1
LF:5
LH:5
BRF:0
BRH:0
end_of_record
TN:
SF:/home/mafonso/projects/mapigniter3/client/src/admin/components/Footer.js
FN:5,(anonymous_0)
FNF:1
FNH:1
FNDA:1,(anonymous_0)
DA:6,1
LF:1
LH:1
BRF:0
BRH:0
end_of_record
TN:
SF:/home/mafonso/projects/mapigniter3/client/src/admin/components/ImageUpload.js
FN:6,(anonymous_0)
FN:13,(anonymous_1)
FN:15,(anonymous_2)
FN:21,(anonymous_3)
FN:30,(anonymous_4)
FN:47,(anonymous_5)
FNF:6
FNH:0
FNDA:0,(anonymous_0)
FNDA:0,(anonymous_1)
FNDA:0,(anonymous_2)
FNDA:0,(anonymous_3)
FNDA:0,(anonymous_4)
FNDA:0,(anonymous_5)
DA:7,0
DA:8,0
DA:14,0
DA:15,0
DA:16,0
DA:18,0
DA:22,0
DA:23,0
DA:24,0
DA:31,0
DA:32,0
DA:33,0
DA:40,0
DA:48,0
DA:49,0
DA:50,0
DA:51,0
LF:17
LH:0
BRDA:23,0,0,0
BRDA:23,0,1,0
BRDA:23,1,0,0
BRDA:23,1,1,0
BRDA:27,2,0,0
BRDA:27,2,1,0
BRDA:49,3,0,0
BRDA:49,3,1,0
BRF:8
BRH:0
end_of_record
TN:
SF:/home/mafonso/projects/mapigniter3/client/src/admin/components/Layout.js
FN:20,(anonymous_0)
FNF:1
FNH:1
FNDA:1,(anonymous_0)
DA:21,1
DA:22,1
LF:2
LH:2
BRF:0
BRH:0
end_of_record
TN:
SF:/home/mafonso/projects/mapigniter3/client/src/admin/components/Logout.js
FN:9,(anonymous_0)
FN:18,(anonymous_1)
FNF:2
FNH:0
FNDA:0,(anonymous_0)
FNDA:0,(anonymous_1)
DA:10,0
DA:11,0
DA:12,0
DA:13,0
DA:14,0
DA:15,0
DA:19,0
LF:7
LH:0
BRF:0
BRH:0
end_of_record
TN:
SF:/home/mafonso/projects/mapigniter3/client/src/admin/components/TopMenu.js
FN:10,(anonymous_0)
FN:13,(anonymous_1)
FN:42,(anonymous_2)
FN:45,(anonymous_3)
FNF:4
FNH:2
FNDA:1,(anonymous_0)
FNDA:1,(anonymous_1)
FNDA:0,(anonymous_2)
FNDA:0,(anonymous_3)
DA:11,1
DA:14,1
DA:42,0
DA:45,0
LF:4
LH:2
BRDA:49,0,0,1
BRDA:49,0,1,1
BRDA:54,1,0,1
BRDA:54,1,1,0
BRDA:59,2,0,1
BRDA:59,2,1,0
BRF:6
BRH:4
end_of_record
TN:
SF:/home/mafonso/projects/mapigniter3/client/src/admin/components/Wait.js
FN:5,(anonymous_0)
FNF:1
FNH:0
FNDA:0,(anonymous_0)
DA:6,0
LF:1
LH:0
BRF:0
BRH:0
end_of_record
TN:
SF:/home/mafonso/projects/mapigniter3/client/src/admin/components/Wysiwyg.js
FN:12,(anonymous_0)
FN:25,(anonymous_1)
FN:32,(anonymous_2)
FNF:3
FNH:0
FNDA:0,(anonymous_0)
FNDA:0,(anonymous_1)
FNDA:0,(anonymous_2)
DA:8,2
DA:13,0
DA:16,0
DA:19,0
DA:26,0
DA:29,0
DA:33,0
LF:7
LH:1
BRF:0
BRH:0
end_of_record
TN:
SF:/home/mafonso/projects/mapigniter3/client/src/admin/layers/actions.js
FN:15,(anonymous_0)
FN:18,(anonymous_1)
FN:21,(anonymous_2)
FN:26,(anonymous_3)
FN:71,(anonymous_4)
FN:76,(anonymous_5)
FN:85,(anonymous_6)
FN:88,(anonymous_7)
FN:93,(anonymous_8)
FN:94,(anonymous_9)
FN:99,(anonymous_10)
FN:107,(anonymous_11)
FN:114,(anonymous_12)
FN:116,(anonymous_13)
FN:120,(anonymous_14)
FN:125,(anonymous_15)
FN:128,(anonymous_16)
FN:131,(anonymous_17)
FN:136,(anonymous_18)
FN:139,(anonymous_19)
FN:142,(anonymous_20)
FN:147,(anonymous_21)
FN:148,(anonymous_22)
FN:159,(anonymous_23)
FN:160,(anonymous_24)
FN:168,(anonymous_25)
FN:169,(anonymous_26)
FN:176,(anonymous_27)
FN:187,(anonymous_28)
FN:193,(anonymous_29)
FN:194,(anonymous_30)
FN:202,(anonymous_31)
FN:203,(anonymous_32)
FN:208,(anonymous_33)
FN:210,(anonymous_34)
FN:224,(anonymous_35)
FN:230,(anonymous_36)
FN:253,(anonymous_37)
FNF:38
FNH:0
FNDA:0,(anonymous_0)
FNDA:0,(anonymous_1)
FNDA:0,(anonymous_2)
FNDA:0,(anonymous_3)
FNDA:0,(anonymous_4)
FNDA:0,(anonymous_5)
FNDA:0,(anonymous_6)
FNDA:0,(anonymous_7)
FNDA:0,(anonymous_8)
FNDA:0,(anonymous_9)
FNDA:0,(anonymous_10)
FNDA:0,(anonymous_11)
FNDA:0,(anonymous_12)
FNDA:0,(anonymous_13)
FNDA:0,(anonymous_14)
FNDA:0,(anonymous_15)
FNDA:0,(anonymous_16)
FNDA:0,(anonymous_17)
FNDA:0,(anonymous_18)
FNDA:0,(anonymous_19)
FNDA:0,(anonymous_20)
FNDA:0,(anonymous_21)
FNDA:0,(anonymous_22)
FNDA:0,(anonymous_23)
FNDA:0,(anonymous_24)
FNDA:0,(anonymous_25)
FNDA:0,(anonymous_26)
FNDA:0,(anonymous_27)
FNDA:0,(anonymous_28)
FNDA:0,(anonymous_29)
FNDA:0,(anonymous_30)
FNDA:0,(anonymous_31)
FNDA:0,(anonymous_32)
FNDA:0,(anonymous_33)
FNDA:0,(anonymous_34)
FNDA:0,(anonymous_35)
FNDA:0,(anonymous_36)
FNDA:0,(anonymous_37)
DA:9,2
DA:15,2
DA:16,0
DA:17,0
DA:18,0
DA:19,0
DA:22,0
DA:26,2
DA:27,0
DA:69,0
DA:70,0
DA:71,0
DA:72,0
DA:76,2
DA:77,0
DA:78,0
DA:79,0
DA:80,0
DA:81,0
DA:83,0
DA:84,0
DA:85,0
DA:86,0
DA:89,0
DA:93,2
DA:94,0
DA:95,0
DA:96,0
DA:97,0
DA:98,0
DA:99,0
DA:100,0
DA:101,0
DA:102,0
DA:103,0
DA:104,0
DA:105,0
DA:108,0
DA:109,0
DA:114,2
DA:115,0
DA:116,0
DA:117,0
DA:118,0
DA:121,0
DA:125,2
DA:126,0
DA:127,0
DA:128,0
DA:129,0
DA:132,0
DA:136,2
DA:137,0
DA:138,0
DA:139,0
DA:140,0
DA:143,0
DA:147,2
DA:148,0
DA:149,0
DA:150,0
DA:151,0
DA:152,0
DA:153,0
DA:154,0
DA:155,0
DA:156,0
DA:159,2
DA:160,0
DA:161,0
DA:162,0
DA:163,0
DA:168,0
DA:170,0
DA:171,0
DA:172,0
DA:173,0
DA:174,0
DA:175,0
DA:176,0
DA:177,0
DA:179,0
DA:186,0
DA:188,0
DA:189,0
DA:193,2
DA:194,0
DA:195,0
DA:196,0
DA:197,0
DA:202,0
DA:204,0
DA:205,0
DA:206,0
DA:207,0
DA:208,0
DA:209,0
DA:210,0
DA:211,0
DA:218,0
DA:220,0
DA:223,0
DA:225,0
DA:226,0
DA:230,2
DA:231,0
DA:233,0
DA:234,0
DA:235,0
DA:236,0
DA:237,0
DA:238,0
DA:239,0
DA:246,0
DA:248,0
DA:249,0
DA:253,2
DA:254,0
DA:255,0
DA:256,0
LF:120
LH:13
BRDA:76,0,0,0
BRDA:79,1,0,0
BRDA:79,1,1,0
BRDA:97,2,0,0
BRDA:97,2,1,0
BRDA:100,3,0,0
BRDA:100,3,1,0
BRDA:103,4,0,0
BRDA:103,4,1,0
BRDA:103,5,0,0
BRDA:103,5,1,0
BRDA:104,6,0,0
BRDA:104,6,1,0
BRDA:104,7,0,0
BRDA:104,7,1,0
BRDA:154,8,0,0
BRDA:154,8,1,0
BRDA:154,9,0,0
BRDA:154,9,1,0
BRDA:171,10,0,0
BRDA:171,10,1,0
BRDA:175,11,0,0
BRDA:175,11,1,0
BRDA:175,12,0,0
BRDA:175,12,1,0
BRDA:205,13,0,0
BRDA:205,13,1,0
BRDA:209,14,0,0
BRDA:209,14,1,0
BRDA:209,15,0,0
BRDA:209,15,1,0
BRDA:238,16,0,0
BRDA:238,16,1,0
BRDA:238,17,0,0
BRDA:238,17,1,0
BRDA:258,18,0,0
BRDA:258,18,1,0
BRDA:258,19,0,0
BRDA:258,19,1,0
BRF:39
BRH:0
end_of_record
TN:
SF:/home/mafonso/projects/mapigniter3/client/src/admin/layers/queries.js
FNF:0
FNH:0
DA:3,2
DA:11,2
DA:60,2
DA:180,2
DA:303,2
LF:5
LH:5
BRF:0
BRH:0
end_of_record
TN:
SF:/home/mafonso/projects/mapigniter3/client/src/admin/layers/components/EditGeoJson.js
FN:33,(anonymous_0)
FN:84,(anonymous_1)
FN:98,(anonymous_2)
FN:99,(anonymous_3)
FN:106,(anonymous_4)
FN:112,(anonymous_5)
FN:121,(anonymous_6)
FN:132,(anonymous_7)
FN:145,(anonymous_8)
FN:150,(anonymous_9)
FN:154,(anonymous_10)
FN:162,(anonymous_11)
FN:186,(anonymous_12)
FN:190,(anonymous_13)
FNF:14
FNH:0
FNDA:0,(anonymous_0)
FNDA:0,(anonymous_1)
FNDA:0,(anonymous_2)
FNDA:0,(anonymous_3)
FNDA:0,(anonymous_4)
FNDA:0,(anonymous_5)
FNDA:0,(anonymous_6)
FNDA:0,(anonymous_7)
FNDA:0,(anonymous_8)
FNDA:0,(anonymous_9)
FNDA:0,(anonymous_10)
FNDA:0,(anonymous_11)
FNDA:0,(anonymous_12)
FNDA:0,(anonymous_13)
DA:34,0
DA:36,0
DA:38,0
DA:52,0
DA:56,0
DA:64,0
DA:70,0
DA:80,0
DA:81,0
DA:85,0
DA:86,0
DA:87,0
DA:88,0
DA:89,0
DA:90,0
DA:91,0
DA:95,0
DA:96,0
DA:97,0
DA:98,0
DA:99,0
DA:100,0
DA:103,0
DA:104,0
DA:107,0
DA:111,0
DA:112,0
DA:113,0
DA:116,0
DA:120,0
DA:121,0
DA:122,0
DA:123,0
DA:133,0
DA:134,0
DA:135,0
DA:136,0
DA:137,0
DA:141,0
DA:146,0
DA:147,0
DA:151,0
DA:155,0
DA:156,0
DA:157,0
DA:158,0
DA:163,0
DA:164,0
DA:165,0
DA:187,0
DA:190,0
LF:51
LH:0
BRDA:86,0,0,0
BRDA:86,0,1,0
BRDA:87,1,0,0
BRDA:87,1,1,0
BRDA:88,2,0,0
BRDA:88,2,1,0
BRDA:89,3,0,0
BRDA:89,3,1,0
BRDA:90,4,0,0
BRDA:90,4,1,0
BRDA:93,5,0,0
BRDA:93,5,1,0
BRDA:103,6,0,0
BRDA:103,6,1,0
BRDA:107,7,0,0
BRDA:107,7,1,0
BRDA:136,8,0,0
BRDA:136,8,1,0
BRDA:164,9,0,0
BRDA:164,9,1,0
BRDA:186,10,0,0
BRDA:186,10,1,0
BRDA:186,11,0,0
BRDA:186,11,1,0
BRDA:189,12,0,0
BRDA:189,12,1,0
BRF:26
BRH:0
end_of_record
TN:
SF:/home/mafonso/projects/mapigniter3/client/src/admin/layers/components/Form.js
FN:10,(anonymous_0)
FN:13,(anonymous_1)
FN:17,(anonymous_2)
FN:18,(anonymous_3)
FNF:4
FNH:0
FNDA:0,(anonymous_0)
FNDA:0,(anonymous_1)
FNDA:0,(anonymous_2)
FNDA:0,(anonymous_3)
DA:11,0
DA:12,0
DA:13,0
DA:16,0
DA:17,0
DA:18,0
DA:20,0
LF:7
LH:0
BRDA:16,0,0,0
BRDA:16,0,1,0
BRDA:27,1,0,0
BRDA:27,1,1,0
BRF:4
BRH:0
end_of_record
TN:
SF:/home/mafonso/projects/mapigniter3/client/src/admin/layers/components/FormTabBasic.js
FN:17,(anonymous_0)
FN:24,(anonymous_1)
FN:28,(anonymous_2)
FN:67,(anonymous_3)
FN:77,(anonymous_4)
FNF:5
FNH:0
FNDA:0,(anonymous_0)
FNDA:0,(anonymous_1)
FNDA:0,(anonymous_2)
FNDA:0,(anonymous_3)
FNDA:0,(anonymous_4)
DA:18,0
DA:19,0
DA:23,0
DA:24,0
DA:25,0
DA:27,0
DA:28,0
DA:29,0
DA:31,0
DA:67,0
DA:77,0
LF:11
LH:0
BRDA:23,0,0,0
BRDA:23,0,1,0
BRDA:27,1,0,0
BRDA:27,1,1,0
BRDA:38,2,0,0
BRDA:38,2,1,0
BRDA:47,3,0,0
BRDA:47,3,1,0
BRDA:75,4,0,0
BRDA:75,4,1,0
BRDA:75,5,0,0
BRDA:75,5,1,0
BRDA:87,6,0,0
BRDA:87,6,1,0
BRDA:98,7,0,0
BRDA:98,7,1,0
BRDA:107,8,0,0
BRDA:107,8,1,0
BRDA:116,9,0,0
BRDA:116,9,1,0
BRDA:123,10,0,0
BRDA:123,10,1,0
BRDA:124,11,0,0
BRDA:124,11,1,0
BRDA:125,12,0,0
BRDA:125,12,1,0
BRDA:126,13,0,0
BRDA:126,13,1,0
BRDA:127,14,0,0
BRDA:127,14,1,0
BRDA:128,15,0,0
BRDA:128,15,1,0
BRDA:129,16,0,0
BRDA:129,16,1,0
BRDA:130,17,0,0
BRDA:130,17,1,0
BRDA:131,18,0,0
BRDA:131,18,1,0
BRF:38
BRH:0
end_of_record
TN:
SF:/home/mafonso/projects/mapigniter3/client/src/admin/layers/components/FormTabFeatures.js
FN:6,(anonymous_0)
FNF:1
FNH:0
FNDA:0,(anonymous_0)
DA:7,0
DA:8,0
LF:2
LH:0
BRDA:16,0,0,0
BRDA:16,0,1,0
BRDA:26,1,0,0
BRDA:26,1,1,0
BRF:4
BRH:0
end_of_record
TN:
SF:/home/mafonso/projects/mapigniter3/client/src/admin/layers/components/FormTabVectorStyle.js
FN:6,(anonymous_0)
FNF:1
FNH:0
FNDA:0,(anonymous_0)
DA:7,0
DA:8,0
LF:2
LH:0
BRDA:15,0,0,0
BRDA:15,0,1,0
BRDA:24,1,0,0
BRDA:24,1,1,0
BRDA:33,2,0,0
BRDA:33,2,1,0
BRDA:42,3,0,0
BRDA:42,3,1,0
BRDA:51,4,0,0
BRDA:51,4,1,0
BRDA:63,5,0,0
BRDA:63,5,1,0
BRDA:72,6,0,0
BRDA:72,6,1,0
BRDA:81,7,0,0
BRDA:81,7,1,0
BRDA:90,8,0,0
BRDA:90,8,1,0
BRDA:99,9,0,0
BRDA:99,9,1,0
BRF:20
BRH:0
end_of_record
TN:
SF:/home/mafonso/projects/mapigniter3/client/src/admin/layers/components/InputBing.js
FN:6,(anonymous_0)
FNF:1
FNH:0
FNDA:0,(anonymous_0)
DA:7,0
DA:8,0
DA:15,0
LF:3
LH:0
BRDA:21,0,0,0
BRDA:21,0,1,0
BRDA:32,1,0,0
BRDA:32,1,1,0
BRF:4
BRH:0
end_of_record
TN:
SF:/home/mafonso/projects/mapigniter3/client/src/admin/layers/components/InputGPX.js
FN:6,(anonymous_0)
FN:18,(anonymous_1)
FN:25,(anonymous_2)
FNF:3
FNH:0
FNDA:0,(anonymous_0)
FNDA:0,(anonymous_1)
FNDA:0,(anonymous_2)
DA:7,0
DA:8,0
DA:18,0
DA:25,0
LF:4
LH:0
BRDA:18,0,0,0
BRDA:18,0,1,0
BRDA:22,1,0,0
BRDA:22,1,1,0
BRF:4
BRH:0
end_of_record
TN:
SF:/home/mafonso/projects/mapigniter3/client/src/admin/layers/components/InputGeoJSON.js
FN:7,(anonymous_0)
FN:42,(anonymous_1)
FNF:2
FNH:0
FNDA:0,(anonymous_0)
FNDA:0,(anonymous_1)
DA:8,0
DA:9,0
DA:14,0
DA:42,0
LF:4
LH:0
BRDA:22,0,0,0
BRDA:22,0,1,0
BRDA:31,1,0,0
BRDA:31,1,1,0
BRDA:38,2,0,0
BRDA:38,2,1,0
BRF:6
BRH:0
end_of_record
TN:
SF:/home/mafonso/projects/mapigniter3/client/src/admin/layers/components/InputGeoPackage.js
FN:6,(anonymous_0)
FN:18,(anonymous_1)
FN:25,(anonymous_2)
FNF:3
FNH:0
FNDA:0,(anonymous_0)
FNDA:0,(anonymous_1)
FNDA:0,(anonymous_2)
DA:7,0
DA:8,0
DA:18,0
DA:25,0
LF:4
LH:0
BRDA:18,0,0,0
BRDA:18,0,1,0
BRDA:22,1,0,0
BRDA:22,1,1,0
BRDA:42,2,0,0
BRDA:42,2,1,0
BRDA:51,3,0,0
BRDA:51,3,1,0
BRF:8
BRH:0
end_of_record
TN:
SF:/home/mafonso/projects/mapigniter3/client/src/admin/layers/components/InputKML.js
FN:6,(anonymous_0)
FN:18,(anonymous_1)
FN:34,(anonymous_2)
FNF:3
FNH:0
FNDA:0,(anonymous_0)
FNDA:0,(anonymous_1)
FNDA:0,(anonymous_2)
DA:7,0
DA:8,0
DA:19,0
DA:20,0
DA:21,0
DA:22,0
DA:35,0
DA:36,0
LF:8
LH:0
BRDA:21,0,0,0
BRDA:21,0,1,0
BRDA:31,1,0,0
BRDA:31,1,1,0
BRF:4
BRH:0
end_of_record
TN:
SF:/home/mafonso/projects/mapigniter3/client/src/admin/layers/components/InputOSM.js
FN:6,(anonymous_0)
FNF:1
FNH:0
FNDA:0,(anonymous_0)
DA:7,0
DA:8,0
DA:11,0
LF:3
LH:0
BRDA:19,0,0,0
BRDA:19,0,1,0
BRF:2
BRH:0
end_of_record
TN:
SF:/home/mafonso/projects/mapigniter3/client/src/admin/layers/components/InputPostGIS.js
FN:6,(anonymous_0)
FN:23,(anonymous_1)
FN:27,(anonymous_2)
FN:31,(anonymous_3)
FN:133,(anonymous_4)
FNF:5
FNH:0
FNDA:0,(anonymous_0)
FNDA:0,(anonymous_1)
FNDA:0,(anonymous_2)
FNDA:0,(anonymous_3)
FNDA:0,(anonymous_4)
DA:7,0
DA:8,0
DA:13,0
DA:18,0
DA:23,0
DA:24,0
DA:26,0
DA:28,0
DA:30,0
DA:32,0
DA:33,0
DA:35,0
DA:38,0
DA:133,0
LF:14
LH:0
BRDA:8,0,0,0
BRDA:8,0,1,0
BRDA:13,1,0,0
BRDA:13,1,1,0
BRDA:18,2,0,0
BRDA:18,2,1,0
BRDA:23,3,0,0
BRDA:23,3,1,0
BRDA:26,4,0,0
BRDA:26,4,1,0
BRDA:26,5,0,0
BRDA:26,5,1,0
BRDA:30,6,0,0
BRDA:30,6,1,0
BRDA:30,7,0,0
BRDA:30,7,1,0
BRDA:35,8,0,0
BRDA:35,8,1,0
BRDA:36,9,0,0
BRDA:36,9,1,0
BRDA:44,10,0,0
BRDA:44,10,1,0
BRDA:53,11,0,0
BRDA:53,11,1,0
BRDA:62,12,0,0
BRDA:62,12,1,0
BRDA:72,13,0,0
BRDA:72,13,1,0
BRDA:81,14,0,0
BRDA:81,14,1,0
BRDA:98,15,0,0
BRDA:98,15,1,0
BRDA:109,16,0,0
BRDA:109,16,1,0
BRDA:120,17,0,0
BRDA:120,17,1,0
BRF:36
BRH:0
end_of_record
TN:
SF:/home/mafonso/projects/mapigniter3/client/src/admin/layers/components/InputWFS.js
FN:6,(anonymous_0)
FNF:1
FNH:0
FNDA:0,(anonymous_0)
DA:7,0
DA:8,0
DA:12,0
DA:18,0
LF:4
LH:0
BRDA:12,0,0,0
BRDA:12,0,1,0
BRDA:13,1,0,0
BRDA:13,1,1,0
BRDA:24,2,0,0
BRDA:24,2,1,0
BRF:6
BRH:0
end_of_record
TN:
SF:/home/mafonso/projects/mapigniter3/client/src/admin/layers/components/InputWMS.js
FN:6,(anonymous_0)
FN:22,(anonymous_1)
FN:92,(anonymous_2)
FNF:3
FNH:0
FNDA:0,(anonymous_0)
FNDA:0,(anonymous_1)
FNDA:0,(anonymous_2)
DA:7,0
DA:8,0
DA:14,0
DA:18,0
DA:21,0
DA:23,0
DA:25,0
DA:28,0
DA:92,0
LF:9
LH:0
BRDA:21,0,0,0
BRDA:21,0,1,0
BRDA:22,1,0,0
BRDA:22,1,1,0
BRDA:25,2,0,0
BRDA:25,2,1,0
BRDA:26,3,0,0
BRDA:26,3,1,0
BRDA:35,4,0,0
BRDA:35,4,1,0
BRF:10
BRH:0
end_of_record
TN:
SF:/home/mafonso/projects/mapigniter3/client/src/admin/layers/components/List.js
FN:8,(anonymous_0)
FN:28,(anonymous_1)
FN:32,(anonymous_2)
FN:40,(anonymous_3)
FN:54,(anonymous_4)
FNF:5
FNH:0
FNDA:0,(anonymous_0)
FNDA:0,(anonymous_1)
FNDA:0,(anonymous_2)
FNDA:0,(anonymous_3)
FNDA:0,(anonymous_4)
DA:9,0
DA:10,0
DA:28,0
DA:32,0
DA:41,0
DA:54,0
LF:6
LH:0
BRDA:27,0,0,0
BRDA:27,0,1,0
BRDA:31,1,0,0
BRDA:31,1,1,0
BRDA:46,2,0,0
BRDA:46,2,1,0
BRDA:53,3,0,0
BRDA:53,3,1,0
BRF:8
BRH:0
end_of_record
TN:
SF:/home/mafonso/projects/mapigniter3/client/src/admin/layers/containers/Form.js
FN:10,(anonymous_0)
FN:16,(anonymous_1)
FN:20,(anonymous_2)
FN:27,(anonymous_3)
FN:31,(anonymous_4)
FN:36,(anonymous_5)
FN:42,(anonymous_6)
FN:48,(anonymous_7)
FN:53,(anonymous_8)
FN:58,(anonymous_9)
FN:63,(anonymous_10)
FN:68,(anonymous_11)
FNF:12
FNH:0
FNDA:0,(anonymous_0)
FNDA:0,(anonymous_1)
FNDA:0,(anonymous_2)
FNDA:0,(anonymous_3)
FNDA:0,(anonymous_4)
FNDA:0,(anonymous_5)
FNDA:0,(anonymous_6)
FNDA:0,(anonymous_7)
FNDA:0,(anonymous_8)
FNDA:0,(anonymous_9)
FNDA:0,(anonymous_10)
FNDA:0,(anonymous_11)
DA:11,0
DA:13,0
DA:17,0
DA:21,0
DA:22,0
DA:23,0
DA:28,0
DA:32,0
DA:33,0
DA:37,0
DA:38,0
DA:39,0
DA:43,0
DA:44,0
DA:45,0
DA:49,0
DA:50,0
DA:54,0
DA:55,0
DA:59,0
DA:60,0
DA:64,0
DA:65,0
DA:69,0
DA:70,0
DA:71,0
LF:26
LH:0
BRDA:11,0,0,0
BRDA:11,0,1,0
BRDA:11,1,0,0
BRDA:11,1,1,0
BRDA:22,2,0,0
BRDA:22,2,1,0
BRDA:22,3,0,0
BRDA:22,3,1,0
BRDA:45,4,0,0
BRDA:45,4,1,0
BRDA:69,5,0,0
BRDA:69,5,1,0
BRF:12
BRH:0
end_of_record
TN:
SF:/home/mafonso/projects/mapigniter3/client/src/admin/layers/containers/List.js
FN:10,(anonymous_0)
FN:14,(anonymous_1)
FN:18,(anonymous_2)
FN:22,(anonymous_3)
FN:26,(anonymous_4)
FN:30,(anonymous_5)
FN:33,(anonymous_6)
FN:37,(anonymous_7)
FNF:8
FNH:0
FNDA:0,(anonymous_0)
FNDA:0,(anonymous_1)
FNDA:0,(anonymous_2)
FNDA:0,(anonymous_3)
FNDA:0,(anonymous_4)
FNDA:0,(anonymous_5)
FNDA:0,(anonymous_6)
FNDA:0,(anonymous_7)
DA:11,0
DA:15,0
DA:19,0
DA:23,0
DA:27,0
DA:31,0
DA:32,0
DA:33,0
DA:34,0
DA:38,0
DA:39,0
DA:40,0
DA:41,0
DA:42,0
LF:14
LH:0
BRDA:31,0,0,0
BRDA:31,0,1,0
BRDA:38,1,0,0
BRDA:38,1,1,0
BRDA:39,2,0,0
BRDA:39,2,1,0
BRF:6
BRH:0
end_of_record
TN:
SF:/home/mafonso/projects/mapigniter3/client/src/admin/layertypes/actions.js
FN:5,(anonymous_0)
FN:8,(anonymous_1)
FN:11,(anonymous_2)
FN:16,(anonymous_3)
FN:20,(anonymous_4)
FN:23,(anonymous_5)
FN:28,(anonymous_6)
FN:29,(anonymous_7)
FN:34,(anonymous_8)
FN:38,(anonymous_9)
FN:45,(anonymous_10)
FN:48,(anonymous_11)
FN:52,(anonymous_12)
FN:57,(anonymous_13)
FN:63,(anonymous_14)
FN:68,(anonymous_15)
FNF:16
FNH:0
FNDA:0,(anonymous_0)
FNDA:0,(anonymous_1)
FNDA:0,(anonymous_2)
FNDA:0,(anonymous_3)
FNDA:0,(anonymous_4)
FNDA:0,(anonymous_5)
FNDA:0,(anonymous_6)
FNDA:0,(anonymous_7)
FNDA:0,(anonymous_8)
FNDA:0,(anonymous_9)
FNDA:0,(anonymous_10)
FNDA:0,(anonymous_11)
FNDA:0,(anonymous_12)
FNDA:0,(anonymous_13)
FNDA:0,(anonymous_14)
FNDA:0,(anonymous_15)
DA:5,2
DA:6,0
DA:7,0
DA:8,0
DA:9,0
DA:12,0
DA:16,2
DA:17,0
DA:18,0
DA:19,0
DA:20,0
DA:21,0
DA:24,0
DA:28,2
DA:29,0
DA:30,0
DA:31,0
DA:32,0
DA:33,0
DA:34,0
DA:35,0
DA:36,0
DA:39,0
DA:40,0
DA:45,2
DA:46,0
DA:47,0
DA:48,0
DA:49,0
DA:50,0
DA:53,0
DA:57,2
DA:58,0
DA:63,0
DA:64,0
DA:68,2
DA:69,0
DA:70,0
DA:71,0
LF:39
LH:6
BRDA:16,0,0,0
BRDA:17,1,0,0
BRDA:17,1,1,0
BRDA:32,2,0,0
BRDA:32,2,1,0
BRDA:73,3,0,0
BRDA:73,3,1,0
BRDA:73,4,0,0
BRDA:73,4,1,0
BRF:9
BRH:0
end_of_record
TN:
SF:/home/mafonso/projects/mapigniter3/client/src/admin/layertypes/queries.js
FNF:0
FNH:0
DA:3,2
DA:12,2
DA:21,2
DA:30,2
DA:39,2
LF:5
LH:5
BRF:0
BRH:0
end_of_record
TN:
SF:/home/mafonso/projects/mapigniter3/client/src/admin/layertypes/components/Form.js
FN:7,(anonymous_0)
FNF:1
FNH:0
FNDA:0,(anonymous_0)
DA:8,0
DA:9,0
LF:2
LH:0
BRDA:17,0,0,0
BRDA:17,0,1,0
BRDA:25,1,0,0
BRDA:25,1,1,0
BRDA:36,2,0,0
BRDA:36,2,1,0
BRF:6
BRH:0
end_of_record
TN:
SF:/home/mafonso/projects/mapigniter3/client/src/admin/layertypes/components/List.js
FN:8,(anonymous_0)
FN:28,(anonymous_1)
FN:32,(anonymous_2)
FN:40,(anonymous_3)
FN:54,(anonymous_4)
FNF:5
FNH:0
FNDA:0,(anonymous_0)
FNDA:0,(anonymous_1)
FNDA:0,(anonymous_2)
FNDA:0,(anonymous_3)
FNDA:0,(anonymous_4)
DA:9,0
DA:10,0
DA:28,0
DA:32,0
DA:41,0
DA:54,0
LF:6
LH:0
BRDA:27,0,0,0
BRDA:27,0,1,0
BRDA:31,1,0,0
BRDA:31,1,1,0
BRDA:46,2,0,0
BRDA:46,2,1,0
BRDA:53,3,0,0
BRDA:53,3,1,0
BRF:8
BRH:0
end_of_record
TN:
SF:/home/mafonso/projects/mapigniter3/client/src/admin/layertypes/containers/Form.js
FN:10,(anonymous_0)
FN:16,(anonymous_1)
FN:20,(anonymous_2)
FN:26,(anonymous_3)
FN:31,(anonymous_4)
FNF:5
FNH:0
FNDA:0,(anonymous_0)
FNDA:0,(anonymous_1)
FNDA:0,(anonymous_2)
FNDA:0,(anonymous_3)
FNDA:0,(anonymous_4)
DA:11,0
DA:13,0
DA:17,0
DA:21,0
DA:22,0
DA:23,0
DA:27,0
DA:28,0
DA:32,0
DA:33,0
LF:10
LH:0
BRDA:11,0,0,0
BRDA:11,0,1,0
BRDA:11,1,0,0
BRDA:11,1,1,0
BRDA:13,2,0,0
BRDA:13,2,1,0
BRDA:23,3,0,0
BRDA:23,3,1,0
BRDA:32,4,0,0
BRDA:32,4,1,0
BRF:10
BRH:0
end_of_record
TN:
SF:/home/mafonso/projects/mapigniter3/client/src/admin/layertypes/containers/List.js
FN:10,(anonymous_0)
FN:14,(anonymous_1)
FN:18,(anonymous_2)
FN:22,(anonymous_3)
FN:26,(anonymous_4)
FN:30,(anonymous_5)
FN:33,(anonymous_6)
FN:37,(anonymous_7)
FNF:8
FNH:0
FNDA:0,(anonymous_0)
FNDA:0,(anonymous_1)
FNDA:0,(anonymous_2)
FNDA:0,(anonymous_3)
FNDA:0,(anonymous_4)
FNDA:0,(anonymous_5)
FNDA:0,(anonymous_6)
FNDA:0,(anonymous_7)
DA:11,0
DA:15,0
DA:19,0
DA:23,0
DA:27,0
DA:31,0
DA:32,0
DA:33,0
DA:34,0
DA:38,0
DA:39,0
DA:40,0
DA:41,0
DA:42,0
LF:14
LH:0
BRDA:31,0,0,0
BRDA:31,0,1,0
BRDA:38,1,0,0
BRDA:38,1,1,0
BRDA:39,2,0,0
BRDA:39,2,1,0
BRF:6
BRH:0
end_of_record
TN:
SF:/home/mafonso/projects/mapigniter3/client/src/admin/maplayers/actions.js
FN:7,(anonymous_0)
FN:20,(anonymous_1)
FN:25,(anonymous_2)
FN:26,(anonymous_3)
FN:30,(anonymous_4)
FN:35,(anonymous_5)
FN:42,(anonymous_6)
FN:45,(anonymous_7)
FN:48,(anonymous_8)
FN:53,(anonymous_9)
FN:56,(anonymous_10)
FN:59,(anonymous_11)
FN:64,(anonymous_12)
FN:67,(anonymous_13)
FN:70,(anonymous_14)
FNF:15
FNH:0
FNDA:0,(anonymous_0)
FNDA:0,(anonymous_1)
FNDA:0,(anonymous_2)
FNDA:0,(anonymous_3)
FNDA:0,(anonymous_4)
FNDA:0,(anonymous_5)
FNDA:0,(anonymous_6)
FNDA:0,(anonymous_7)
FNDA:0,(anonymous_8)
FNDA:0,(anonymous_9)
FNDA:0,(anonymous_10)
FNDA:0,(anonymous_11)
FNDA:0,(anonymous_12)
FNDA:0,(anonymous_13)
FNDA:0,(anonymous_14)
DA:7,2
DA:8,0
DA:9,0
DA:10,0
DA:11,0
DA:20,0
DA:21,0
DA:25,2
DA:26,0
DA:27,0
DA:28,0
DA:29,0
DA:30,0
DA:31,0
DA:32,0
DA:33,0
DA:36,0
DA:37,0
DA:42,2
DA:43,0
DA:44,0
DA:45,0
DA:46,0
DA:49,0
DA:53,2
DA:54,0
DA:55,0
DA:56,0
DA:57,0
DA:60,0
DA:64,2
DA:65,0
DA:66,0
DA:67,0
DA:68,0
DA:71,0
LF:36
LH:5
BRF:0
BRH:0
end_of_record
TN:
SF:/home/mafonso/projects/mapigniter3/client/src/admin/maplayers/queries.js
FNF:0
FNH:0
DA:3,2
DA:16,2
DA:28,2
LF:3
LH:3
BRF:0
BRH:0
end_of_record
TN:
SF:/home/mafonso/projects/mapigniter3/client/src/admin/maplayers/components/Form.js
FN:7,(anonymous_0)
FN:10,(anonymous_1)
FN:14,(anonymous_2)
FN:18,(anonymous_3)
FN:19,(anonymous_4)
FNF:5
FNH:0
FNDA:0,(anonymous_0)
FNDA:0,(anonymous_1)
FNDA:0,(anonymous_2)
FNDA:0,(anonymous_3)
FNDA:0,(anonymous_4)
DA:8,0
DA:9,0
DA:10,0
DA:11,0
DA:13,0
DA:14,0
DA:15,0
DA:17,0
DA:18,0
DA:19,0
DA:20,0
DA:22,0
LF:12
LH:0
BRDA:9,0,0,0
BRDA:9,0,1,0
BRDA:13,1,0,0
BRDA:13,1,1,0
BRDA:17,2,0,0
BRDA:17,2,1,0
BRDA:29,3,0,0
BRDA:29,3,1,0
BRDA:52,4,0,0
BRDA:52,4,1,0
BRDA:61,5,0,0
BRDA:61,5,1,0
BRDA:70,6,0,0
BRDA:70,6,1,0
BRDA:81,7,0,0
BRDA:81,7,1,0
BRDA:94,8,0,0
BRDA:94,8,1,0
BRF:18
BRH:0
end_of_record
TN:
SF:/home/mafonso/projects/mapigniter3/client/src/admin/maplayers/containers/Form.js
FN:10,(anonymous_0)
FN:15,(anonymous_1)
FN:19,(anonymous_2)
FN:23,(anonymous_3)
FN:27,(anonymous_4)
FN:33,(anonymous_5)
FN:38,(anonymous_6)
FNF:7
FNH:0
FNDA:0,(anonymous_0)
FNDA:0,(anonymous_1)
FNDA:0,(anonymous_2)
FNDA:0,(anonymous_3)
FNDA:0,(anonymous_4)
FNDA:0,(anonymous_5)
FNDA:0,(anonymous_6)
DA:11,0
DA:12,0
DA:16,0
DA:20,0
DA:24,0
DA:28,0
DA:29,0
DA:30,0
DA:34,0
DA:35,0
DA:39,0
DA:40,0
LF:12
LH:0
BRDA:30,0,0,0
BRDA:30,0,1,0
BRDA:39,1,0,0
BRDA:39,1,1,0
BRF:4
BRH:0
end_of_record
TN:
SF:/home/mafonso/projects/mapigniter3/client/src/admin/maps/actions.js
FN:11,(anonymous_0)
FN:14,(anonymous_1)
FN:17,(anonymous_2)
FN:22,(anonymous_3)
FN:28,(anonymous_4)
FN:31,(anonymous_5)
FN:36,(anonymous_6)
FN:37,(anonymous_7)
FN:42,(anonymous_8)
FN:49,(anonymous_9)
FN:56,(anonymous_10)
FN:59,(anonymous_11)
FN:63,(anonymous_12)
FN:68,(anonymous_13)
FN:71,(anonymous_14)
FN:75,(anonymous_15)
FN:80,(anonymous_16)
FN:83,(anonymous_17)
FN:86,(anonymous_18)
FN:91,(anonymous_19)
FN:106,(anonymous_20)
FN:111,(anonymous_21)
FN:126,(anonymous_22)
FNF:23
FNH:0
FNDA:0,(anonymous_0)
FNDA:0,(anonymous_1)
FNDA:0,(anonymous_2)
FNDA:0,(anonymous_3)
FNDA:0,(anonymous_4)
FNDA:0,(anonymous_5)
FNDA:0,(anonymous_6)
FNDA:0,(anonymous_7)
FNDA:0,(anonymous_8)
FNDA:0,(anonymous_9)
FNDA:0,(anonymous_10)
FNDA:0,(anonymous_11)
FNDA:0,(anonymous_12)
FNDA:0,(anonymous_13)
FNDA:0,(anonymous_14)
FNDA:0,(anonymous_15)
FNDA:0,(anonymous_16)
FNDA:0,(anonymous_17)
FNDA:0,(anonymous_18)
FNDA:0,(anonymous_19)
FNDA:0,(anonymous_20)
FNDA:0,(anonymous_21)
FNDA:0,(anonymous_22)
DA:7,2
DA:11,2
DA:12,0
DA:13,0
DA:14,0
DA:15,0
DA:18,0
DA:22,2
DA:23,0
DA:24,0
DA:25,0
DA:26,0
DA:27,0
DA:28,0
DA:29,0
DA:32,0
DA:36,2
DA:37,0
DA:38,0
DA:39,0
DA:40,0
DA:41,0
DA:42,0
DA:43,0
DA:44,0
DA:45,0
DA:46,0
DA:47,0
DA:50,0
DA:51,0
DA:56,2
DA:57,0
DA:58,0
DA:59,0
DA:60,0
DA:61,0
DA:64,0
DA:68,2
DA:69,0
DA:70,0
DA:71,0
DA:72,0
DA:73,0
DA:76,0
DA:80,2
DA:81,0
DA:82,0
DA:83,0
DA:84,0
DA:87,0
DA:91,2
DA:92,0
DA:105,0
DA:106,0
DA:107,0
DA:111,2
DA:112,0
DA:113,0
DA:114,0
DA:115,0
DA:116,0
DA:117,0
DA:118,0
DA:119,0
DA:121,0
DA:122,0
DA:126,2
DA:127,0
DA:128,0
DA:129,0
LF:70
LH:10
BRDA:22,0,0,0
BRDA:24,1,0,0
BRDA:24,1,1,0
BRDA:40,2,0,0
BRDA:40,2,1,0
BRDA:43,3,0,0
BRDA:43,3,1,0
BRDA:46,4,0,0
BRDA:46,4,1,0
BRDA:46,5,0,0
BRDA:46,5,1,0
BRDA:117,6,0,0
BRDA:117,6,1,0
BRDA:117,7,0,0
BRDA:117,7,1,0
BRDA:131,8,0,0
BRDA:131,8,1,0
BRDA:131,9,0,0
BRDA:131,9,1,0
BRF:19
BRH:0
end_of_record
TN:
SF:/home/mafonso/projects/mapigniter3/client/src/admin/maps/queries.js
FNF:0
FNH:0
DA:3,2
DA:11,2
DA:83,2
DA:121,2
DA:154,2
LF:5
LH:5
BRF:0
BRH:0
end_of_record
TN:
SF:/home/mafonso/projects/mapigniter3/client/src/admin/maps/components/Form.js
FN:11,(anonymous_0)
FN:18,(anonymous_1)
FN:20,(anonymous_2)
FN:26,(anonymous_3)
FN:30,(anonymous_4)
FN:132,(anonymous_5)
FN:142,(anonymous_6)
FNF:7
FNH:0
FNDA:0,(anonymous_0)
FNDA:0,(anonymous_1)
FNDA:0,(anonymous_2)
FNDA:0,(anonymous_3)
FNDA:0,(anonymous_4)
FNDA:0,(anonymous_5)
FNDA:0,(anonymous_6)
DA:12,0
DA:13,0
DA:19,0
DA:20,0
DA:21,0
DA:23,0
DA:28,0
DA:29,0
DA:30,0
DA:31,0
DA:33,0
DA:37,0
DA:132,0
DA:142,0
LF:14
LH:0
BRDA:29,0,0,0
BRDA:29,0,1,0
BRDA:44,1,0,0
BRDA:44,1,1,0
BRDA:65,2,0,0
BRDA:65,2,1,0
BRDA:74,3,0,0
BRDA:74,3,1,0
BRDA:96,4,0,0
BRDA:96,4,1,0
BRDA:105,5,0,0
BRDA:105,5,1,0
BRDA:114,6,0,0
BRDA:114,6,1,0
BRDA:123,7,0,0
BRDA:123,7,1,0
BRDA:140,8,0,0
BRDA:140,8,1,0
BRDA:140,9,0,0
BRDA:140,9,1,0
BRDA:149,10,0,0
BRDA:149,10,1,0
BRF:22
BRH:0
end_of_record
TN:
SF:/home/mafonso/projects/mapigniter3/client/src/admin/maps/components/List.js
FN:8,(anonymous_0)
FN:28,(anonymous_1)
FN:32,(anonymous_2)
FN:40,(anonymous_3)
FN:52,(anonymous_4)
FNF:5
FNH:0
FNDA:0,(anonymous_0)
FNDA:0,(anonymous_1)
FNDA:0,(anonymous_2)
FNDA:0,(anonymous_3)
FNDA:0,(anonymous_4)
DA:9,0
DA:10,0
DA:28,0
DA:32,0
DA:41,0
DA:52,0
LF:6
LH:0
BRDA:27,0,0,0
BRDA:27,0,1,0
BRDA:31,1,0,0
BRDA:31,1,1,0
BRDA:51,2,0,0
BRDA:51,2,1,0
BRF:6
BRH:0
end_of_record
TN:
SF:/home/mafonso/projects/mapigniter3/client/src/admin/maps/components/Map.js
FN:32,(anonymous_0)
FN:46,(anonymous_1)
FN:53,(anonymous_2)
FN:57,(anonymous_3)
FN:72,(anonymous_4)
FN:75,(anonymous_5)
FN:77,(anonymous_6)
FN:82,(anonymous_7)
FN:83,(anonymous_8)
FN:92,(anonymous_9)
FN:101,(anonymous_10)
FN:103,(anonymous_11)
FN:106,(anonymous_12)
FN:119,(anonymous_13)
FN:121,(anonymous_14)
FN:125,(anonymous_15)
FN:139,(anonymous_16)
FN:150,(anonymous_17)
FN:164,(anonymous_18)
FN:198,(anonymous_19)
FN:237,(anonymous_20)
FN:255,(anonymous_21)
FN:271,(anonymous_22)
FN:286,(anonymous_23)
FN:294,(anonymous_24)
FN:308,(anonymous_25)
FN:325,(anonymous_26)
FN:345,(anonymous_27)
FN:352,(anonymous_28)
FN:353,(anonymous_29)
FN:354,(anonymous_30)
FN:358,(anonymous_31)
FN:370,(anonymous_32)
FN:381,(anonymous_33)
FN:395,(anonymous_34)
FN:409,(anonymous_35)
FN:420,loadFeatures
FN:424,(anonymous_37)
FN:425,(anonymous_38)
FN:429,(anonymous_39)
FN:435,(anonymous_40)
FN:452,(anonymous_41)
FN:480,(anonymous_42)
FN:499,(anonymous_43)
FN:513,loadFeatures
FN:516,(anonymous_45)
FN:517,(anonymous_46)
FN:521,(anonymous_47)
FN:527,(anonymous_48)
FN:546,(anonymous_49)
FN:650,(anonymous_50)
FN:664,(anonymous_51)
FNF:52
FNH:0
FNDA:0,(anonymous_0)
FNDA:0,(anonymous_1)
FNDA:0,(anonymous_2)
FNDA:0,(anonymous_3)
FNDA:0,(anonymous_4)
FNDA:0,(anonymous_5)
FNDA:0,(anonymous_6)
FNDA:0,(anonymous_7)
FNDA:0,(anonymous_8)
FNDA:0,(anonymous_9)
FNDA:0,(anonymous_10)
FNDA:0,(anonymous_11)
FNDA:0,(anonymous_12)
FNDA:0,(anonymous_13)
FNDA:0,(anonymous_14)
FNDA:0,(anonymous_15)
FNDA:0,(anonymous_16)
FNDA:0,(anonymous_17)
FNDA:0,(anonymous_18)
FNDA:0,(anonymous_19)
FNDA:0,(anonymous_20)
FNDA:0,(anonymous_21)
FNDA:0,(anonymous_22)
FNDA:0,(anonymous_23)
FNDA:0,(anonymous_24)
FNDA:0,(anonymous_25)
FNDA:0,(anonymous_26)
FNDA:0,(anonymous_27)
FNDA:0,(anonymous_28)
FNDA:0,(anonymous_29)
FNDA:0,(anonymous_30)
FNDA:0,(anonymous_31)
FNDA:0,(anonymous_32)
FNDA:0,(anonymous_33)
FNDA:0,(anonymous_34)
FNDA:0,(anonymous_35)
FNDA:0,loadFeatures
FNDA:0,(anonymous_37)
FNDA:0,(anonymous_38)
FNDA:0,(anonymous_39)
FNDA:0,(anonymous_40)
FNDA:0,(anonymous_41)
FNDA:0,(anonymous_42)
FNDA:0,(anonymous_43)
FNDA:0,loadFeatures
FNDA:0,(anonymous_45)
FNDA:0,(anonymous_46)
FNDA:0,(anonymous_47)
FNDA:0,(anonymous_48)
FNDA:0,(anonymous_49)
FNDA:0,(anonymous_50)
FNDA:0,(anonymous_51)
DA:33,0
DA:35,0
DA:45,0
DA:46,0
DA:47,0
DA:48,0
DA:52,0
DA:53,0
DA:54,0
DA:55,0
DA:56,0
DA:57,0
DA:58,0
DA:59,0
DA:60,0
DA:62,0
DA:73,0
DA:74,0
DA:75,0
DA:76,0
DA:77,0
DA:79,0
DA:80,0
DA:82,0
DA:83,0
DA:102,0
DA:103,0
DA:104,0
DA:105,0
DA:106,0
DA:107,0
DA:111,0
DA:121,0
DA:122,0
DA:123,0
DA:124,0
DA:125,0
DA:126,0
DA:127,0
DA:140,0
DA:141,0
DA:142,0
DA:144,0
DA:151,0
DA:152,0
DA:153,0
DA:154,0
DA:155,0
DA:156,0
DA:165,0
DA:166,0
DA:168,0
DA:169,0
DA:171,0
DA:172,0
DA:174,0
DA:175,0
DA:177,0
DA:178,0
DA:180,0
DA:181,0
DA:183,0
DA:184,0
DA:191,0
DA:192,0
DA:194,0
DA:195,0
DA:197,0
DA:198,0
DA:199,0
DA:201,0
DA:205,0
DA:208,0
DA:209,0
DA:212,0
DA:213,0
DA:214,0
DA:215,0
DA:216,0
DA:217,0
DA:218,0
DA:219,0
DA:222,0
DA:223,0
DA:224,0
DA:225,0
DA:227,0
DA:238,0
DA:239,0
DA:240,0
DA:245,0
DA:256,0
DA:257,0
DA:258,0
DA:262,0
DA:272,0
DA:277,0
DA:287,0
DA:288,0
DA:295,0
DA:296,0
DA:299,0
DA:309,0
DA:310,0
DA:316,0
DA:326,0
DA:327,0
DA:328,0
DA:332,0
DA:338,0
DA:341,0
DA:346,0
DA:347,0
DA:352,0
DA:354,0
DA:355,0
DA:356,0
DA:359,0
DA:361,0
DA:371,0
DA:372,0
DA:374,0
DA:382,0
DA:383,0
DA:386,0
DA:396,0
DA:397,0
DA:398,0
DA:402,0
DA:405,0
DA:410,0
DA:415,0
DA:421,0
DA:424,0
DA:426,0
DA:427,0
DA:428,0
DA:430,0
DA:435,0
DA:436,0
DA:437,0
DA:439,0
DA:440,0
DA:441,0
DA:443,0
DA:453,0
DA:454,0
DA:455,0
DA:469,0
DA:470,0
DA:471,0
DA:481,0
DA:482,0
DA:484,0
DA:485,0
DA:487,0
DA:493,0
DA:496,0
DA:500,0
DA:501,0
DA:506,0
DA:514,0
DA:516,0
DA:518,0
DA:519,0
DA:520,0
DA:522,0
DA:527,0
DA:528,0
DA:529,0
DA:531,0
DA:532,0
DA:533,0
DA:535,0
DA:548,0
DA:551,0
DA:564,0
DA:565,0
DA:566,0
DA:570,0
DA:571,0
DA:585,0
DA:586,0
DA:587,0
DA:589,0
DA:590,0
DA:610,0
DA:651,0
DA:652,0
DA:653,0
DA:665,0
DA:666,0
LF:192
LH:0
BRDA:45,0,0,0
BRDA:45,0,1,0
BRDA:52,1,0,0
BRDA:52,1,1,0
BRDA:58,2,0,0
BRDA:58,2,1,0
BRDA:73,3,0,0
BRDA:73,3,1,0
BRDA:73,4,0,0
BRDA:73,4,1,0
BRDA:76,5,0,0
BRDA:76,5,1,0
BRDA:104,6,0,0
BRDA:104,6,1,0
BRDA:105,7,0,0
BRDA:105,7,1,0
BRDA:107,8,0,0
BRDA:107,8,1,0
BRDA:124,9,0,0
BRDA:124,9,1,0
BRDA:140,10,0,0
BRDA:140,10,1,0
BRDA:141,11,0,0
BRDA:141,11,1,0
BRDA:164,12,0,0
BRDA:166,13,0,0
BRDA:166,13,1,0
BRDA:166,13,2,0
BRDA:166,13,3,0
BRDA:166,13,4,0
BRDA:166,13,5,0
BRDA:166,13,6,0
BRDA:166,13,7,0
BRDA:166,13,8,0
BRDA:166,13,9,0
BRDA:201,14,0,0
BRDA:201,14,1,0
BRDA:205,15,0,0
BRDA:205,15,1,0
BRDA:208,16,0,0
BRDA:208,16,1,0
BRDA:209,17,0,0
BRDA:209,17,1,0
BRDA:218,18,0,0
BRDA:218,18,1,0
BRDA:219,19,0,0
BRDA:219,19,1,0
BRDA:222,20,0,0
BRDA:222,20,1,0
BRDA:238,21,0,0
BRDA:238,21,1,0
BRDA:437,22,0,0
BRDA:437,22,1,0
BRDA:437,23,0,0
BRDA:437,23,1,0
BRDA:482,24,0,0
BRDA:482,24,1,0
BRDA:485,25,0,0
BRDA:485,25,1,0
BRDA:529,26,0,0
BRDA:529,26,1,0
BRDA:529,27,0,0
BRDA:529,27,1,0
BRDA:552,28,0,0
BRDA:552,28,1,0
BRDA:554,29,0,0
BRDA:554,29,1,0
BRDA:555,30,0,0
BRDA:555,30,1,0
BRDA:558,31,0,0
BRDA:558,31,1,0
BRDA:560,32,0,0
BRDA:560,32,1,0
BRDA:564,33,0,0
BRDA:564,33,1,0
BRDA:570,34,0,0
BRDA:570,34,1,0
BRDA:585,35,0,0
BRDA:585,35,1,0
BRDA:589,36,0,0
BRDA:589,36,1,0
BRDA:652,37,0,0
BRDA:652,37,1,0
BRDA:669,38,0,0
BRDA:669,38,1,0
BRDA:669,39,0,0
BRDA:669,39,1,0
BRF:87
BRH:0
end_of_record
TN:
SF:/home/mafonso/projects/mapigniter3/client/src/admin/maps/components/MapLayersList.js
FN:7,(anonymous_0)
FN:35,(anonymous_1)
FN:45,(anonymous_2)
FNF:3
FNH:0
FNDA:0,(anonymous_0)
FNDA:0,(anonymous_1)
FNDA:0,(anonymous_2)
DA:8,0
DA:9,0
DA:36,0
DA:45,0
LF:4
LH:0
BRDA:44,0,0,0
BRDA:44,0,1,0
BRF:2
BRH:0
end_of_record
TN:
SF:/home/mafonso/projects/mapigniter3/client/src/admin/maps/containers/Form.js
FN:10,(anonymous_0)
FN:16,(anonymous_1)
FN:20,(anonymous_2)
FN:27,(anonymous_3)
FN:31,(anonymous_4)
FN:36,(anonymous_5)
FN:42,(anonymous_6)
FN:47,(anonymous_7)
FN:52,(anonymous_8)
FNF:9
FNH:0
FNDA:0,(anonymous_0)
FNDA:0,(anonymous_1)
FNDA:0,(anonymous_2)
FNDA:0,(anonymous_3)
FNDA:0,(anonymous_4)
FNDA:0,(anonymous_5)
FNDA:0,(anonymous_6)
FNDA:0,(anonymous_7)
FNDA:0,(anonymous_8)
DA:11,0
DA:13,0
DA:17,0
DA:21,0
DA:22,0
DA:23,0
DA:28,0
DA:32,0
DA:33,0
DA:37,0
DA:38,0
DA:39,0
DA:43,0
DA:44,0
DA:48,0
DA:49,0
DA:53,0
DA:54,0
DA:55,0
LF:19
LH:0
BRDA:11,0,0,0
BRDA:11,0,1,0
BRDA:11,1,0,0
BRDA:11,1,1,0
BRDA:22,2,0,0
BRDA:22,2,1,0
BRDA:22,3,0,0
BRDA:22,3,1,0
BRDA:32,4,0,0
BRDA:32,4,1,0
BRDA:39,5,0,0
BRDA:39,5,1,0
BRDA:53,6,0,0
BRDA:53,6,1,0
BRF:14
BRH:0
end_of_record
TN:
SF:/home/mafonso/projects/mapigniter3/client/src/admin/maps/containers/List.js
FN:10,(anonymous_0)
FN:14,(anonymous_1)
FN:18,(anonymous_2)
FN:22,(anonymous_3)
FN:26,(anonymous_4)
FN:29,(anonymous_5)
FN:33,(anonymous_6)
FNF:7
FNH:0
FNDA:0,(anonymous_0)
FNDA:0,(anonymous_1)
FNDA:0,(anonymous_2)
FNDA:0,(anonymous_3)
FNDA:0,(anonymous_4)
FNDA:0,(anonymous_5)
FNDA:0,(anonymous_6)
DA:11,0
DA:15,0
DA:19,0
DA:23,0
DA:27,0
DA:28,0
DA:29,0
DA:30,0
DA:34,0
DA:35,0
DA:36,0
DA:37,0
DA:38,0
DA:39,0
LF:14
LH:0
BRDA:27,0,0,0
BRDA:27,0,1,0
BRDA:35,1,0,0
BRDA:35,1,1,0
BRDA:36,2,0,0
BRDA:36,2,1,0
BRF:6
BRH:0
end_of_record
TN:
SF:/home/mafonso/projects/mapigniter3/client/src/admin/projections/actions.js
FN:5,(anonymous_0)
FN:8,(anonymous_1)
FN:11,(anonymous_2)
FN:16,(anonymous_3)
FN:20,(anonymous_4)
FN:23,(anonymous_5)
FN:28,(anonymous_6)
FN:29,(anonymous_7)
FN:34,(anonymous_8)
FN:38,(anonymous_9)
FN:45,(anonymous_10)
FN:48,(anonymous_11)
FN:52,(anonymous_12)
FN:57,(anonymous_13)
FN:63,(anonymous_14)
FN:68,(anonymous_15)
FNF:16
FNH:0
FNDA:0,(anonymous_0)
FNDA:0,(anonymous_1)
FNDA:0,(anonymous_2)
FNDA:0,(anonymous_3)
FNDA:0,(anonymous_4)
FNDA:0,(anonymous_5)
FNDA:0,(anonymous_6)
FNDA:0,(anonymous_7)
FNDA:0,(anonymous_8)
FNDA:0,(anonymous_9)
FNDA:0,(anonymous_10)
FNDA:0,(anonymous_11)
FNDA:0,(anonymous_12)
FNDA:0,(anonymous_13)
FNDA:0,(anonymous_14)
FNDA:0,(anonymous_15)
DA:5,2
DA:6,0
DA:7,0
DA:8,0
DA:9,0
DA:12,0
DA:16,2
DA:17,0
DA:18,0
DA:19,0
DA:20,0
DA:21,0
DA:24,0
DA:28,2
DA:29,0
DA:30,0
DA:31,0
DA:32,0
DA:33,0
DA:34,0
DA:35,0
DA:36,0
DA:39,0
DA:40,0
DA:45,2
DA:46,0
DA:47,0
DA:48,0
DA:49,0
DA:50,0
DA:53,0
DA:57,2
DA:58,0
DA:63,0
DA:64,0
DA:68,2
DA:69,0
DA:70,0
DA:71,0
LF:39
LH:6
BRDA:16,0,0,0
BRDA:17,1,0,0
BRDA:17,1,1,0
BRDA:32,2,0,0
BRDA:32,2,1,0
BRDA:73,3,0,0
BRDA:73,3,1,0
BRDA:73,4,0,0
BRDA:73,4,1,0
BRF:9
BRH:0
end_of_record
TN:
SF:/home/mafonso/projects/mapigniter3/client/src/admin/projections/queries.js
FNF:0
FNH:0
DA:3,2
DA:11,2
DA:21,2
DA:31,2
DA:41,2
LF:5
LH:5
BRF:0
BRH:0
end_of_record
TN:
SF:/home/mafonso/projects/mapigniter3/client/src/admin/projections/components/Form.js
FN:7,(anonymous_0)
FNF:1
FNH:0
FNDA:0,(anonymous_0)
DA:8,0
DA:9,0
LF:2
LH:0
BRDA:18,0,0,0
BRDA:18,0,1,0
BRDA:27,1,0,0
BRDA:27,1,1,0
BRDA:35,2,0,0
BRDA:35,2,1,0
BRDA:46,3,0,0
BRDA:46,3,1,0
BRF:8
BRH:0
end_of_record
TN:
SF:/home/mafonso/projects/mapigniter3/client/src/admin/projections/components/List.js
FN:8,(anonymous_0)
FN:28,(anonymous_1)
FN:32,(anonymous_2)
FN:40,(anonymous_3)
FN:54,(anonymous_4)
FNF:5
FNH:0
FNDA:0,(anonymous_0)
FNDA:0,(anonymous_1)
FNDA:0,(anonymous_2)
FNDA:0,(anonymous_3)
FNDA:0,(anonymous_4)
DA:9,0
DA:10,0
DA:28,0
DA:32,0
DA:41,0
DA:54,0
LF:6
LH:0
BRDA:27,0,0,0
BRDA:27,0,1,0
BRDA:31,1,0,0
BRDA:31,1,1,0
BRDA:46,2,0,0
BRDA:46,2,1,0
BRDA:53,3,0,0
BRDA:53,3,1,0
BRF:8
BRH:0
end_of_record
TN:
SF:/home/mafonso/projects/mapigniter3/client/src/admin/projections/containers/Form.js
FN:10,(anonymous_0)
FN:16,(anonymous_1)
FN:20,(anonymous_2)
FN:26,(anonymous_3)
FN:31,(anonymous_4)
FNF:5
FNH:0
FNDA:0,(anonymous_0)
FNDA:0,(anonymous_1)
FNDA:0,(anonymous_2)
FNDA:0,(anonymous_3)
FNDA:0,(anonymous_4)
DA:11,0
DA:13,0
DA:17,0
DA:21,0
DA:22,0
DA:23,0
DA:27,0
DA:28,0
DA:32,0
DA:33,0
LF:10
LH:0
BRDA:11,0,0,0
BRDA:11,0,1,0
BRDA:11,1,0,0
BRDA:11,1,1,0
BRDA:23,2,0,0
BRDA:23,2,1,0
BRDA:32,3,0,0
BRDA:32,3,1,0
BRF:8
BRH:0
end_of_record
TN:
SF:/home/mafonso/projects/mapigniter3/client/src/admin/projections/containers/List.js
FN:10,(anonymous_0)
FN:14,(anonymous_1)
FN:18,(anonymous_2)
FN:22,(anonymous_3)
FN:26,(anonymous_4)
FN:30,(anonymous_5)
FN:33,(anonymous_6)
FN:37,(anonymous_7)
FNF:8
FNH:0
FNDA:0,(anonymous_0)
FNDA:0,(anonymous_1)
FNDA:0,(anonymous_2)
FNDA:0,(anonymous_3)
FNDA:0,(anonymous_4)
FNDA:0,(anonymous_5)
FNDA:0,(anonymous_6)
FNDA:0,(anonymous_7)
DA:11,0
DA:15,0
DA:19,0
DA:23,0
DA:27,0
DA:31,0
DA:32,0
DA:33,0
DA:34,0
DA:38,0
DA:39,0
DA:40,0
DA:41,0
DA:42,0
LF:14
LH:0
BRDA:31,0,0,0
BRDA:31,0,1,0
BRDA:38,1,0,0
BRDA:38,1,1,0
BRDA:39,2,0,0
BRDA:39,2,1,0
BRF:6
BRH:0
end_of_record
TN:
SF:/home/mafonso/projects/mapigniter3/client/src/admin/user/actions.js
FN:4,(anonymous_0)
FN:6,(anonymous_1)
FN:14,(anonymous_2)
FN:18,(anonymous_3)
FN:19,(anonymous_4)
FNF:5
FNH:0
FNDA:0,(anonymous_0)
FNDA:0,(anonymous_1)
FNDA:0,(anonymous_2)
FNDA:0,(anonymous_3)
FNDA:0,(anonymous_4)
DA:4,2
DA:5,0
DA:6,0
DA:7,0
DA:8,0
DA:9,0
DA:10,0
DA:14,2
DA:15,0
DA:18,2
DA:19,0
DA:20,0
DA:21,0
DA:22,0
DA:23,0
DA:24,0
DA:25,0
DA:26,0
LF:18
LH:3
BRDA:10,0,0,0
BRDA:10,0,1,0
BRDA:10,1,0,0
BRDA:10,1,1,0
BRDA:25,2,0,0
BRDA:25,2,1,0
BRDA:25,3,0,0
BRDA:25,3,1,0
BRF:8
BRH:0
end_of_record
TN:
SF:/home/mafonso/projects/mapigniter3/client/src/admin/user/components/Profile.js
FN:7,(anonymous_0)
FN:11,(anonymous_1)
FNF:2
FNH:0
FNDA:0,(anonymous_0)
FNDA:0,(anonymous_1)
DA:8,0
DA:9,0
DA:12,0
LF:3
LH:0
BRDA:28,0,0,0
BRDA:28,0,1,0
BRDA:29,1,0,0
BRDA:29,1,1,0
BRDA:38,2,0,0
BRDA:38,2,1,0
BRDA:39,3,0,0
BRDA:39,3,1,0
BRDA:53,4,0,0
BRDA:53,4,1,0
BRDA:54,5,0,0
BRDA:54,5,1,0
BRDA:65,6,0,0
BRDA:65,6,1,0
BRDA:71,7,0,0
BRDA:71,7,1,0
BRDA:71,8,0,0
BRDA:71,8,1,0
BRF:18
BRH:0
end_of_record
TN:
SF:/home/mafonso/projects/mapigniter3/client/src/admin/user/containers/Profile.js
FN:9,(anonymous_0)
FN:13,(anonymous_1)
FN:17,(anonymous_2)
FN:21,(anonymous_3)
FN:25,(anonymous_4)
FN:30,(anonymous_5)
FNF:6
FNH:0
FNDA:0,(anonymous_0)
FNDA:0,(anonymous_1)
FNDA:0,(anonymous_2)
FNDA:0,(anonymous_3)
FNDA:0,(anonymous_4)
FNDA:0,(anonymous_5)
DA:10,0
DA:14,0
DA:18,0
DA:22,0
DA:26,0
DA:27,0
DA:31,0
DA:32,0
LF:8
LH:0
BRDA:22,0,0,0
BRDA:22,0,1,0
BRDA:31,1,0,0
BRDA:31,1,1,0
BRF:4
BRH:0
end_of_record
TN:
SF:/home/mafonso/projects/mapigniter3/client/src/public/actions.js
FN:5,(anonymous_0)
FN:10,(anonymous_1)
FN:18,(anonymous_2)
FN:29,(anonymous_3)
FN:30,(anonymous_4)
FN:32,(anonymous_5)
FNF:6
FNH:0
FNDA:0,(anonymous_0)
FNDA:0,(anonymous_1)
FNDA:0,(anonymous_2)
FNDA:0,(anonymous_3)
FNDA:0,(anonymous_4)
FNDA:0,(anonymous_5)
DA:5,1
DA:6,0
DA:9,0
DA:10,0
DA:11,0
DA:12,0
DA:13,0
DA:18,1
DA:19,0
DA:20,0
DA:21,0
DA:22,0
DA:23,0
DA:29,0
DA:33,0
LF:15
LH:2
BRDA:12,0,0,0
BRDA:12,0,1,0
BRDA:12,1,0,0
BRDA:12,1,1,0
BRF:4
BRH:0
end_of_record
TN:
SF:/home/mafonso/projects/mapigniter3/client/src/public/queries.js
FNF:0
FNH:0
DA:3,1
LF:1
LH:1
BRF:0
BRH:0
end_of_record
TN:
SF:/home/mafonso/projects/mapigniter3/client/src/public/components/Footer.js
FN:5,(anonymous_0)
FNF:1
FNH:0
FNDA:0,(anonymous_0)
DA:6,0
LF:1
LH:0
BRF:0
BRH:0
end_of_record
TN:
SF:/home/mafonso/projects/mapigniter3/client/src/public/components/Home.js
FN:10,(anonymous_0)
FN:14,(anonymous_1)
FN:26,(anonymous_2)
FNF:3
FNH:0
FNDA:0,(anonymous_0)
FNDA:0,(anonymous_1)
FNDA:0,(anonymous_2)
DA:11,0
DA:15,0
DA:16,0
DA:27,0
LF:4
LH:0
BRDA:20,0,0,0
BRDA:20,0,1,0
BRF:2
BRH:0
end_of_record
TN:
SF:/home/mafonso/projects/mapigniter3/client/src/public/components/LayerSwitcher.js
FN:8,(anonymous_0)
FN:15,(anonymous_1)
FN:21,(anonymous_2)
FN:25,(anonymous_3)
FN:27,(anonymous_4)
FN:29,(anonymous_5)
FN:34,(anonymous_6)
FN:38,(anonymous_7)
FNF:8
FNH:6
FNDA:1,(anonymous_0)
FNDA:0,(anonymous_1)
FNDA:1,(anonymous_2)
FNDA:1,(anonymous_3)
FNDA:1,(anonymous_4)
FNDA:0,(anonymous_5)
FNDA:1,(anonymous_6)
FNDA:1,(anonymous_7)
DA:9,1
DA:10,1
DA:16,0
DA:17,0
DA:18,0
DA:22,1
DA:26,1
DA:27,1
DA:28,1
DA:29,0
DA:31,1
DA:32,1
DA:34,1
DA:35,1
DA:38,1
LF:15
LH:11
BRDA:28,0,0,0
BRDA:28,0,1,1
BRDA:38,1,0,0
BRDA:38,1,1,1
BRF:4
BRH:2
end_of_record
TN:
SF:/home/mafonso/projects/mapigniter3/client/src/public/components/LayerSwitcherGroup.js
FN:7,(anonymous_0)
FN:14,(anonymous_1)
FN:25,(anonymous_2)
FN:31,(anonymous_3)
FN:52,(anonymous_4)
FNF:5
FNH:0
FNDA:0,(anonymous_0)
FNDA:0,(anonymous_1)
FNDA:0,(anonymous_2)
FNDA:0,(anonymous_3)
FNDA:0,(anonymous_4)
DA:8,0
DA:15,0
DA:16,0
DA:25,0
DA:31,0
DA:52,0
LF:6
LH:0
BRDA:8,0,0,0
BRDA:8,0,1,0
BRDA:8,0,2,0
BRDA:30,1,0,0
BRDA:30,1,1,0
BRDA:30,2,0,0
BRDA:30,2,1,0
BRDA:32,3,0,0
BRDA:32,3,1,0
BRDA:40,4,0,0
BRDA:40,4,1,0
BRDA:48,5,0,0
BRDA:48,5,1,0
BRDA:52,6,0,0
BRDA:52,6,1,0
BRF:15
BRH:0
end_of_record
TN:
SF:/home/mafonso/projects/mapigniter3/client/src/public/components/LayerSwitcherLayer.js
FN:7,(anonymous_0)
FN:14,(anonymous_1)
FN:29,(anonymous_2)
FN:40,(anonymous_3)
FN:46,(anonymous_4)
FN:51,(anonymous_5)
FNF:6
FNH:2
FNDA:1,(anonymous_0)
FNDA:0,(anonymous_1)
FNDA:1,(anonymous_2)
FNDA:0,(anonymous_3)
FNDA:0,(anonymous_4)
FNDA:0,(anonymous_5)
DA:8,1
DA:15,0
DA:16,0
DA:17,0
DA:18,0
DA:30,1
DA:31,1
DA:40,0
DA:46,0
DA:51,0
LF:10
LH:3
BRDA:8,0,0,1
BRDA:8,0,1,1
BRDA:8,0,2,0
BRDA:15,1,0,0
BRDA:15,1,1,0
BRDA:17,2,0,0
BRDA:17,2,1,0
BRDA:45,3,0,0
BRDA:45,3,1,1
BRDA:50,4,0,1
BRDA:50,4,1,0
BRDA:52,5,0,0
BRDA:52,5,1,1
BRDA:60,6,0,0
BRDA:60,6,1,1
BRDA:65,7,0,0
BRDA:65,7,1,0
BRF:17
BRH:6
end_of_record
TN:
SF:/home/mafonso/projects/mapigniter3/client/src/public/components/Layout.js
FN:14,(anonymous_0)
FNF:1
FNH:0
FNDA:0,(anonymous_0)
DA:15,0
LF:1
LH:0
BRF:0
BRH:0
end_of_record
TN:
SF:/home/mafonso/projects/mapigniter3/client/src/public/components/OlFeatureInfo.js
FN:7,(anonymous_0)
FN:11,(anonymous_1)
FN:19,(anonymous_2)
FN:31,(anonymous_3)
FN:47,(anonymous_4)
FN:55,(anonymous_5)
FNF:6
FNH:1
FNDA:0,(anonymous_0)
FNDA:0,(anonymous_1)
FNDA:0,(anonymous_2)
FNDA:0,(anonymous_3)
FNDA:1,(anonymous_4)
FNDA:0,(anonymous_5)
DA:8,0
DA:9,0
DA:10,0
DA:11,0
DA:12,0
DA:13,0
DA:14,0
DA:16,0
DA:20,0
DA:21,0
DA:31,0
DA:48,1
DA:49,1
DA:50,0
DA:51,0
DA:52,0
DA:55,0
LF:17
LH:2
BRDA:31,0,0,0
BRDA:31,0,1,0
BRDA:35,1,0,0
BRDA:35,1,1,0
BRDA:49,2,0,1
BRDA:49,2,1,0
BRDA:50,3,0,0
BRDA:50,3,1,0
BRDA:51,4,0,0
BRDA:51,4,1,0
BRDA:55,5,0,0
BRDA:55,5,1,0
BRF:12
BRH:1
end_of_record
TN:
SF:/home/mafonso/projects/mapigniter3/client/src/public/components/PublicMap.js
FN:32,(anonymous_0)
FN:46,(anonymous_1)
FN:53,(anonymous_2)
FN:57,(anonymous_3)
FN:72,(anonymous_4)
FN:75,(anonymous_5)
FN:77,(anonymous_6)
FN:82,(anonymous_7)
FN:83,(anonymous_8)
FN:92,(anonymous_9)
FN:106,(anonymous_10)
FN:107,(anonymous_11)
FN:121,(anonymous_12)
FN:123,(anonymous_13)
FN:127,(anonymous_14)
FN:141,(anonymous_15)
FN:152,(anonymous_16)
FN:161,(anonymous_17)
FN:176,(anonymous_18)
FN:210,(anonymous_19)
FN:249,(anonymous_20)
FN:267,(anonymous_21)
FN:283,(anonymous_22)
FN:298,(anonymous_23)
FN:306,(anonymous_24)
FN:320,(anonymous_25)
FN:337,(anonymous_26)
FN:357,(anonymous_27)
FN:364,(anonymous_28)
FN:365,(anonymous_29)
FN:366,(anonymous_30)
FN:370,(anonymous_31)
FN:382,(anonymous_32)
FN:393,(anonymous_33)
FN:407,(anonymous_34)
FN:421,(anonymous_35)
FN:432,loadFeatures
FN:436,(anonymous_37)
FN:437,(anonymous_38)
FN:441,(anonymous_39)
FN:447,(anonymous_40)
FN:464,(anonymous_41)
FN:492,(anonymous_42)
FN:511,(anonymous_43)
FN:525,loadFeatures
FN:528,(anonymous_45)
FN:529,(anonymous_46)
FN:533,(anonymous_47)
FN:539,(anonymous_48)
FN:558,(anonymous_49)
FN:661,(anonymous_50)
FN:675,(anonymous_51)
FNF:52
FNH:10
FNDA:1,(anonymous_0)
FNDA:0,(anonymous_1)
FNDA:0,(anonymous_2)
FNDA:0,(anonymous_3)
FNDA:1,(anonymous_4)
FNDA:1,(anonymous_5)
FNDA:0,(anonymous_6)
FNDA:1,(anonymous_7)
FNDA:1,(anonymous_8)
FNDA:1,(anonymous_9)
FNDA:0,(anonymous_10)
FNDA:0,(anonymous_11)
FNDA:0,(anonymous_12)
FNDA:0,(anonymous_13)
FNDA:0,(anonymous_14)
FNDA:0,(anonymous_15)
FNDA:1,(anonymous_16)
FNDA:0,(anonymous_17)
FNDA:1,(anonymous_18)
FNDA:0,(anonymous_19)
FNDA:0,(anonymous_20)
FNDA:0,(anonymous_21)
FNDA:1,(anonymous_22)
FNDA:0,(anonymous_23)
FNDA:0,(anonymous_24)
FNDA:0,(anonymous_25)
FNDA:0,(anonymous_26)
FNDA:0,(anonymous_27)
FNDA:0,(anonymous_28)
FNDA:0,(anonymous_29)
FNDA:0,(anonymous_30)
FNDA:0,(anonymous_31)
FNDA:0,(anonymous_32)
FNDA:0,(anonymous_33)
FNDA:0,(anonymous_34)
FNDA:0,(anonymous_35)
FNDA:0,loadFeatures
FNDA:0,(anonymous_37)
FNDA:0,(anonymous_38)
FNDA:0,(anonymous_39)
FNDA:0,(anonymous_40)
FNDA:0,(anonymous_41)
FNDA:0,(anonymous_42)
FNDA:0,(anonymous_43)
FNDA:0,loadFeatures
FNDA:0,(anonymous_45)
FNDA:0,(anonymous_46)
FNDA:0,(anonymous_47)
FNDA:0,(anonymous_48)
FNDA:0,(anonymous_49)
FNDA:0,(anonymous_50)
FNDA:1,(anonymous_51)
DA:33,1
DA:35,1
DA:45,1
DA:46,0
DA:47,0
DA:48,0
DA:52,1
DA:53,1
DA:54,0
DA:55,0
DA:56,0
DA:57,0
DA:58,0
DA:59,0
DA:60,0
DA:62,0
DA:73,1
DA:74,1
DA:75,1
DA:76,1
DA:77,0
DA:79,1
DA:80,1
DA:82,1
DA:83,1
DA:93,1
DA:94,1
DA:95,1
DA:96,1
DA:97,1
DA:98,1
DA:107,0
DA:108,0
DA:109,0
DA:110,0
DA:113,0
DA:123,0
DA:124,0
DA:125,0
DA:126,0
DA:127,0
DA:128,0
DA:129,0
DA:142,0
DA:143,0
DA:144,0
DA:146,0
DA:153,1
DA:162,0
DA:163,0
DA:164,0
DA:165,0
DA:166,0
DA:167,0
DA:177,1
DA:178,1
DA:180,1
DA:181,1
DA:183,0
DA:184,0
DA:186,0
DA:187,0
DA:189,0
DA:190,0
DA:192,0
DA:193,0
DA:195,0
DA:196,0
DA:203,0
DA:204,0
DA:206,0
DA:207,0
DA:209,0
DA:210,0
DA:211,0
DA:213,0
DA:217,1
DA:220,1
DA:221,1
DA:224,1
DA:225,1
DA:226,1
DA:227,1
DA:228,1
DA:229,1
DA:230,1
DA:231,1
DA:234,1
DA:235,0
DA:236,0
DA:237,0
DA:239,1
DA:250,0
DA:251,0
DA:252,0
DA:257,0
DA:268,0
DA:269,0
DA:270,0
DA:274,0
DA:284,1
DA:289,1
DA:299,0
DA:300,0
DA:307,0
DA:308,0
DA:311,0
DA:321,0
DA:322,0
DA:328,0
DA:338,0
DA:339,0
DA:340,0
DA:344,0
DA:350,0
DA:353,0
DA:358,0
DA:359,0
DA:364,0
DA:366,0
DA:367,0
DA:368,0
DA:371,0
DA:373,0
DA:383,0
DA:384,0
DA:386,0
DA:394,0
DA:395,0
DA:398,0
DA:408,0
DA:409,0
DA:410,0
DA:414,0
DA:417,0
DA:422,0
DA:427,0
DA:433,0
DA:436,0
DA:438,0
DA:439,0
DA:440,0
DA:442,0
DA:447,0
DA:448,0
DA:449,0
DA:451,0
DA:452,0
DA:453,0
DA:455,0
DA:465,0
DA:466,0
DA:467,0
DA:481,0
DA:482,0
DA:483,0
DA:493,0
DA:494,0
DA:496,0
DA:497,0
DA:499,0
DA:505,0
DA:508,0
DA:512,0
DA:513,0
DA:518,0
DA:526,0
DA:528,0
DA:530,0
DA:531,0
DA:532,0
DA:534,0
DA:539,0
DA:540,0
DA:541,0
DA:543,0
DA:544,0
DA:545,0
DA:547,0
DA:560,0
DA:563,0
DA:576,0
DA:577,0
DA:578,0
DA:582,0
DA:583,0
DA:597,0
DA:598,0
DA:599,0
DA:601,0
DA:602,0
DA:622,0
DA:662,0
DA:663,0
DA:664,0
DA:676,1
DA:677,1
LF:197
LH:41
BRDA:45,0,0,0
BRDA:45,0,1,1
BRDA:52,1,0,1
BRDA:52,1,1,0
BRDA:58,2,0,0
BRDA:58,2,1,0
BRDA:73,3,0,1
BRDA:73,3,1,0
BRDA:73,4,0,1
BRDA:73,4,1,1
BRDA:76,5,0,0
BRDA:76,5,1,1
BRDA:106,6,0,0
BRDA:108,7,0,0
BRDA:108,7,1,0
BRDA:109,8,0,0
BRDA:109,8,1,0
BRDA:110,9,0,0
BRDA:110,9,1,0
BRDA:126,10,0,0
BRDA:126,10,1,0
BRDA:142,11,0,0
BRDA:142,11,1,0
BRDA:143,12,0,0
BRDA:143,12,1,0
BRDA:162,13,0,0
BRDA:162,13,1,0
BRDA:163,14,0,0
BRDA:163,14,1,0
BRDA:166,15,0,0
BRDA:166,15,1,0
BRDA:176,16,0,1
BRDA:178,17,0,1
BRDA:178,17,1,0
BRDA:178,17,2,0
BRDA:178,17,3,0
BRDA:178,17,4,0
BRDA:178,17,5,0
BRDA:178,17,6,0
BRDA:178,17,7,0
BRDA:178,17,8,0
BRDA:178,17,9,0
BRDA:213,18,0,0
BRDA:213,18,1,0
BRDA:217,19,0,1
BRDA:217,19,1,0
BRDA:220,20,0,0
BRDA:220,20,1,1
BRDA:221,21,0,0
BRDA:221,21,1,1
BRDA:230,22,0,0
BRDA:230,22,1,1
BRDA:231,23,0,0
BRDA:231,23,1,1
BRDA:234,24,0,0
BRDA:234,24,1,1
BRDA:250,25,0,0
BRDA:250,25,1,0
BRDA:449,26,0,0
BRDA:449,26,1,0
BRDA:449,27,0,0
BRDA:449,27,1,0
BRDA:494,28,0,0
BRDA:494,28,1,0
BRDA:497,29,0,0
BRDA:497,29,1,0
BRDA:541,30,0,0
BRDA:541,30,1,0
BRDA:541,31,0,0
BRDA:541,31,1,0
BRDA:564,32,0,0
BRDA:564,32,1,0
BRDA:566,33,0,0
BRDA:566,33,1,0
BRDA:567,34,0,0
BRDA:567,34,1,0
BRDA:570,35,0,0
BRDA:570,35,1,0
BRDA:572,36,0,0
BRDA:572,36,1,0
BRDA:576,37,0,0
BRDA:576,37,1,0
BRDA:582,38,0,0
BRDA:582,38,1,0
BRDA:597,39,0,0
BRDA:597,39,1,0
BRDA:601,40,0,0
BRDA:601,40,1,0
BRDA:663,41,0,0
BRDA:663,41,1,0
BRDA:680,42,0,1
BRDA:680,42,1,1
BRDA:680,43,0,1
BRDA:680,43,1,0
BRF:94
BRH:17
end_of_record
TN:
SF:/home/mafonso/projects/mapigniter3/client/src/public/components/SplashScreen.js
FN:6,(anonymous_0)
FNF:1
FNH:1
FNDA:1,(anonymous_0)
DA:7,1
LF:1
LH:1
BRF:0
BRH:0
end_of_record
TN:
SF:/home/mafonso/projects/mapigniter3/client/src/public/components/TopMenu.js
FN:10,(anonymous_0)
FN:13,(anonymous_1)
FN:24,(anonymous_2)
FN:27,(anonymous_3)
FNF:4
FNH:0
FNDA:0,(anonymous_0)
FNDA:0,(anonymous_1)
FNDA:0,(anonymous_2)
FNDA:0,(anonymous_3)
DA:11,0
DA:14,0
DA:24,0
DA:27,0
LF:4
LH:0
BRDA:30,0,0,0
BRDA:30,0,1,0
BRDA:35,1,0,0
BRDA:35,1,1,0
BRDA:40,2,0,0
BRDA:40,2,1,0
BRF:6
BRH:0
end_of_record
TN:
SF:/home/mafonso/projects/mapigniter3/client/src/public/components/Wait.js
FN:5,(anonymous_0)
FNF:1
FNH:0
FNDA:0,(anonymous_0)
DA:6,0
LF:1
LH:0
BRF:0
BRH:0
end_of_record
TN:
SF:/home/mafonso/projects/mapigniter3/client/src/public/maps/actions.js
FN:6,(anonymous_0)
FN:8,(anonymous_1)
FN:15,(anonymous_2)
FN:20,(anonymous_3)
FN:28,(anonymous_4)
FN:30,(anonymous_5)
FN:36,(anonymous_6)
FN:37,(anonymous_7)
FNF:8
FNH:0
FNDA:0,(anonymous_0)
FNDA:0,(anonymous_1)
FNDA:0,(anonymous_2)
FNDA:0,(anonymous_3)
FNDA:0,(anonymous_4)
FNDA:0,(anonymous_5)
FNDA:0,(anonymous_6)
FNDA:0,(anonymous_7)
DA:6,1
DA:7,0
DA:8,0
DA:9,0
DA:10,0
DA:11,0
DA:12,0
DA:15,1
DA:16,0
DA:19,0
DA:20,0
DA:21,0
DA:22,0
DA:23,0
DA:28,1
DA:29,0
DA:30,0
DA:31,0
DA:36,0
DA:38,0
LF:20
LH:3
BRDA:12,0,0,0
BRDA:12,0,1,0
BRDA:12,1,0,0
BRDA:12,1,1,0
BRDA:22,2,0,0
BRDA:22,2,1,0
BRDA:22,3,0,0
BRDA:22,3,1,0
BRF:8
BRH:0
end_of_record
TN:
SF:/home/mafonso/projects/mapigniter3/client/src/public/maps/queries.js
FNF:0
FNH:0
DA:3,1
LF:1
LH:1
BRF:0
BRH:0
end_of_record
TN:
SF:/home/mafonso/projects/mapigniter3/client/src/public/maps/components/Display.js
FN:9,(anonymous_0)
FN:16,(anonymous_1)
FN:24,(anonymous_2)
FN:32,(anonymous_3)
FN:39,(anonymous_4)
FN:46,(anonymous_5)
FN:53,(anonymous_6)
FN:64,(anonymous_7)
FN:65,(anonymous_8)
FN:75,(anonymous_9)
FNF:10
FNH:3
FNDA:1,(anonymous_0)
FNDA:1,(anonymous_1)
FNDA:0,(anonymous_2)
FNDA:0,(anonymous_3)
FNDA:0,(anonymous_4)
FNDA:0,(anonymous_5)
FNDA:1,(anonymous_6)
FNDA:0,(anonymous_7)
FNDA:0,(anonymous_8)
FNDA:0,(anonymous_9)
DA:10,1
DA:11,1
DA:16,1
DA:17,1
DA:18,1
DA:20,1
DA:25,0
DA:26,0
DA:27,0
DA:28,0
DA:29,0
DA:33,0
DA:40,0
DA:47,0
DA:54,1
DA:55,1
DA:56,1
DA:64,0
DA:65,0
DA:75,0
LF:20
LH:9
BRDA:17,0,0,1
BRDA:17,0,1,0
BRDA:27,1,0,0
BRDA:27,1,1,0
BRF:4
BRH:1
end_of_record
TN:
SF:/home/mafonso/projects/mapigniter3/client/src/public/maps/containers/Display.js
FN:11,(anonymous_0)
FN:25,(anonymous_1)
FNF:2
FNH:0
FNDA:0,(anonymous_0)
FNDA:0,(anonymous_1)
DA:12,0
DA:14,0
DA:15,0
DA:26,0
DA:27,0
DA:28,0
LF:6
LH:0
BRDA:12,0,0,0
BRDA:12,0,1,0
BRDA:12,1,0,0
BRDA:12,1,1,0
BRDA:18,2,0,0
BRDA:18,2,1,0
BRDA:26,3,0,0
BRDA:26,3,1,0
BRDA:26,4,0,0
BRDA:26,4,1,0
BRF:10
BRH:0
end_of_record
TN:
SF:/home/mafonso/projects/mapigniter3/client/src/public/user/actions.js
FN:4,(anonymous_0)
FN:8,(anonymous_1)
FN:10,(anonymous_2)
FN:21,(anonymous_3)
FN:25,(anonymous_4)
FN:29,(anonymous_5)
FN:31,(anonymous_6)
FNF:7
FNH:0
FNDA:0,(anonymous_0)
FNDA:0,(anonymous_1)
FNDA:0,(anonymous_2)
FNDA:0,(anonymous_3)
FNDA:0,(anonymous_4)
FNDA:0,(anonymous_5)
FNDA:0,(anonymous_6)
DA:4,1
DA:5,0
DA:8,1
DA:9,0
DA:10,0
DA:11,0
DA:12,0
DA:13,0
DA:14,0
DA:15,0
DA:16,0
DA:17,0
DA:18,0
DA:21,1
DA:22,0
DA:25,1
DA:26,0
DA:29,1
DA:30,0
DA:31,0
DA:32,0
DA:33,0
DA:34,0
DA:35,0
DA:36,0
DA:37,0
DA:38,0
LF:27
LH:5
BRDA:17,0,0,0
BRDA:17,0,1,0
BRDA:17,1,0,0
BRDA:17,1,1,0
BRDA:37,2,0,0
BRDA:37,2,1,0
BRDA:37,3,0,0
BRDA:37,3,1,0
BRF:8
BRH:0
end_of_record
TN:
SF:/home/mafonso/projects/mapigniter3/client/src/public/user/components/Login.js
FN:6,(anonymous_0)
FNF:1
FNH:0
FNDA:0,(anonymous_0)
DA:7,0
LF:1
LH:0
BRDA:25,0,0,0
BRDA:25,0,1,0
BRDA:25,1,0,0
BRDA:25,1,1,0
BRF:4
BRH:0
end_of_record
TN:
SF:/home/mafonso/projects/mapigniter3/client/src/public/user/components/RecoverPage.js
FN:7,(anonymous_0)
FN:10,(anonymous_1)
FNF:2
FNH:0
FNDA:0,(anonymous_0)
FNDA:0,(anonymous_1)
DA:8,0
DA:11,0
LF:2
LH:0
BRF:0
BRH:0
end_of_record
TN:
SF:/home/mafonso/projects/mapigniter3/client/src/public/user/components/ResetPasswordPage.js
FN:7,(anonymous_0)
FN:10,(anonymous_1)
FN:13,(anonymous_2)
FNF:3
FNH:0
FNDA:0,(anonymous_0)
FNDA:0,(anonymous_1)
FNDA:0,(anonymous_2)
DA:8,0
DA:11,0
DA:14,0
LF:3
LH:0
BRDA:48,0,0,0
BRDA:48,0,1,0
BRDA:48,1,0,0
BRDA:48,1,1,0
BRF:4
BRH:0
end_of_record
TN:
SF:/home/mafonso/projects/mapigniter3/client/src/public/user/containers/Login.js
FN:9,(anonymous_0)
FN:15,(anonymous_1)
FN:19,(anonymous_2)
FN:30,(anonymous_3)
FNF:4
FNH:0
FNDA:0,(anonymous_0)
FNDA:0,(anonymous_1)
FNDA:0,(anonymous_2)
FNDA:0,(anonymous_3)
DA:10,0
DA:11,0
DA:12,0
DA:16,0
DA:20,0
DA:21,0
DA:22,0
DA:23,0
DA:24,0
DA:25,0
DA:26,0
DA:31,0
DA:32,0
DA:34,0
LF:14
LH:0
BRDA:23,0,0,0
BRDA:23,0,1,0
BRDA:31,1,0,0
BRDA:31,1,1,0
BRF:4
BRH:0
end_of_record
TN:
SF:/home/mafonso/projects/mapigniter3/client/src/public/user/containers/Recover.js
FN:9,(anonymous_0)
FN:13,(anonymous_1)
FN:15,(anonymous_2)
FN:20,(anonymous_3)
FNF:4
FNH:0
FNDA:0,(anonymous_0)
FNDA:0,(anonymous_1)
FNDA:0,(anonymous_2)
FNDA:0,(anonymous_3)
DA:10,0
DA:14,0
DA:15,0
DA:16,0
DA:21,0
LF:5
LH:0
BRF:0
BRH:0
end_of_record
TN:
SF:/home/mafonso/projects/mapigniter3/client/src/public/user/containers/ResetPassword.js
FN:8,(anonymous_0)
FN:15,(anonymous_1)
FN:19,(anonymous_2)
FN:23,(anonymous_3)
FN:25,(anonymous_4)
FN:30,(anonymous_5)
FNF:6
FNH:0
FNDA:0,(anonymous_0)
FNDA:0,(anonymous_1)
FNDA:0,(anonymous_2)
FNDA:0,(anonymous_3)
FNDA:0,(anonymous_4)
FNDA:0,(anonymous_5)
DA:9,0
DA:10,0
DA:11,0
DA:12,0
DA:16,0
DA:20,0
DA:24,0
DA:25,0
DA:26,0
DA:31,0
LF:10
LH:0
BRF:0
BRH:0
end_of_record
